2022-06-10 14:32:59.253 DEBUG [main] [Listeners.MyContextListener.contextInitialized(MyContextListener.java:23)] - path = C:\Users\Caruzo\IdeaProjects\Elective\target\Elective\WEB-INF\
2022-06-10 14:32:59.284 DEBUG [main] [Listeners.MyContextListener.contextInitialized(MyContextListener.java:26)] - DAOFactory was set to MySQL implementation
2022-06-10 14:50:01.386 DEBUG [http-nio-8080-exec-3] [Controller.LoginPageServlet.doGet(LoginPageServlet.java:23)] - doGet of /login with forward to login.jsp
2022-06-10 14:50:05.488 DEBUG [http-nio-8080-exec-4] [Controller.MainPageServlet.doPost(MainPageServlet.java:43)] - doPost of /main with redirect to main
2022-06-10 14:50:05.490 DEBUG [http-nio-8080-exec-4] [ServicesImpl.StudentServiceImpl.findStudent(StudentServiceImpl.java:66)] - Start of authorization
2022-06-10 14:50:05.492 DEBUG [http-nio-8080-exec-4] [ServicesImpl.StudentServiceImpl.findStudent(StudentServiceImpl.java:70)] - DAOFactory created => DataBaseLayer.DAO.MySQLDAOFactory@289ad011
2022-06-10 14:50:05.492 DEBUG [http-nio-8080-exec-4] [DataBaseLayer.DAO.MySQLDAOFactory.getStudentDAO(MySQLDAOFactory.java:28)] - MySQLStudentDAO created
2022-06-10 14:50:05.497 DEBUG [http-nio-8080-exec-4] [DataBaseLayer.DataSourcePool.getConnection(DataSourcePool.java:25)] - Data source created: org.apache.tomcat.dbcp.dbcp2.BasicDataSource@db7b429
2022-06-10 14:50:05.497 DEBUG [http-nio-8080-exec-4] [DataBaseLayer.DataSourcePool.getConnection(DataSourcePool.java:32)] - Connection created
2022-06-10 14:50:06.028 DEBUG [http-nio-8080-exec-4] [ServicesImpl.StudentServiceImpl.findStudent(StudentServiceImpl.java:72)] - StudentDAO created
2022-06-10 14:50:06.077 DEBUG [http-nio-8080-exec-4] [DataBaseLayer.DAO.MySQLStudentDAO.close(MySQLStudentDAO.java:275)] - connection was closed
2022-06-10 14:50:06.077 INFO [http-nio-8080-exec-4] [Controller.MainPageServlet.doPost(MainPageServlet.java:55)] - Student was not found
2022-06-10 14:50:06.078 DEBUG [http-nio-8080-exec-4] [ServicesImpl.TeacherServiceImpl.findTeacher(TeacherServiceImpl.java:72)] - Start of authorization
2022-06-10 14:50:06.078 DEBUG [http-nio-8080-exec-4] [ServicesImpl.TeacherServiceImpl.findTeacher(TeacherServiceImpl.java:76)] - DAOFactory created => DataBaseLayer.DAO.MySQLDAOFactory@289ad011
2022-06-10 14:50:06.079 DEBUG [http-nio-8080-exec-4] [DataBaseLayer.DataSourcePool.getConnection(DataSourcePool.java:32)] - Connection created
2022-06-10 14:50:06.079 DEBUG [http-nio-8080-exec-4] [ServicesImpl.TeacherServiceImpl.findTeacher(TeacherServiceImpl.java:78)] - TeacherDAO created
2022-06-10 14:50:06.083 DEBUG [http-nio-8080-exec-4] [DataBaseLayer.DAO.MySQLTeacherDAO.close(MySQLTeacherDAO.java:177)] - connection was closed
2022-06-10 14:50:06.083 INFO [http-nio-8080-exec-4] [Controller.MainPageServlet.doPost(MainPageServlet.java:64)] - Teacher was not found
2022-06-10 14:50:06.084 DEBUG [http-nio-8080-exec-4] [ServicesImpl.AdministratorServiceImpl.findAdministrator(AdministratorServiceImpl.java:57)] - Start of authorization
2022-06-10 14:50:06.084 DEBUG [http-nio-8080-exec-4] [ServicesImpl.AdministratorServiceImpl.findAdministrator(AdministratorServiceImpl.java:61)] - DAOFactory created => DataBaseLayer.DAO.MySQLDAOFactory@289ad011
2022-06-10 14:50:06.084 DEBUG [http-nio-8080-exec-4] [DataBaseLayer.DAO.MySQLDAOFactory.getAdministratorDAO(MySQLDAOFactory.java:12)] - MySQLAdministratorDAO created
2022-06-10 14:50:06.085 DEBUG [http-nio-8080-exec-4] [DataBaseLayer.DataSourcePool.getConnection(DataSourcePool.java:32)] - Connection created
2022-06-10 14:50:06.086 DEBUG [http-nio-8080-exec-4] [ServicesImpl.AdministratorServiceImpl.findAdministrator(AdministratorServiceImpl.java:63)] - AdministratorDAO created
2022-06-10 14:50:06.088 DEBUG [http-nio-8080-exec-4] [DataBaseLayer.DAO.MySQLAdministratorDAO.close(MySQLAdministratorDAO.java:184)] - connection was closed
2022-06-10 14:50:06.089 INFO [http-nio-8080-exec-4] [Controller.MainPageServlet.doPost(MainPageServlet.java:70)] - You was logged as DataBaseLayer.entity.Administrator@20
2022-06-10 14:50:06.092 DEBUG [http-nio-8080-exec-5] [Controller.MainPageServlet.doGet(MainPageServlet.java:30)] - doGet of /main with forward to main.jsp
2022-06-10 14:50:07.328 DEBUG [http-nio-8080-exec-6] [Controller.AdminPageServlet.doGet(AdminPageServlet.java:28)] - doGet of /admin with forward to admin.jsp
2022-06-10 14:50:22.357 DEBUG [http-nio-8080-exec-8] [Controller.AdminPageServlet.doPost(AdminPageServlet.java:34)] - doPost of /admin with redirect to /admin
2022-06-10 14:50:22.357 DEBUG [http-nio-8080-exec-8] [Controller.AdminPageServlet.doPost(AdminPageServlet.java:44)] - Teacher assignment process started
2022-06-10 14:50:22.359 DEBUG [http-nio-8080-exec-8] [Controller.AdminPageServlet.assignTeacherToCourse(AdminPageServlet.java:95)] - AssignmentService was created
2022-06-10 14:50:22.359 DEBUG [http-nio-8080-exec-8] [ServicesImpl.AssignmentServiceImpl.assignTeacherToCourse(AssignmentServiceImpl.java:17)] - DAOFactory created => DataBaseLayer.DAO.MySQLDAOFactory@289ad011
2022-06-10 14:50:22.360 DEBUG [http-nio-8080-exec-8] [DataBaseLayer.DataSourcePool.getConnection(DataSourcePool.java:32)] - Connection created
2022-06-10 14:50:22.361 DEBUG [http-nio-8080-exec-8] [ServicesImpl.AssignmentServiceImpl.assignTeacherToCourse(AssignmentServiceImpl.java:19)] - AssignmentDAO created
2022-06-10 14:50:22.380 ERROR [http-nio-8080-exec-8] [DataBaseLayer.DAO.MySQLAssignmentDAO.assignTeacherToCourse(MySQLAssignmentDAO.java:35)] - Can't assign teacher to course
2022-06-10 14:50:22.380 DEBUG [http-nio-8080-exec-8] [ServicesImpl.AssignmentServiceImpl.assignTeacherToCourse(AssignmentServiceImpl.java:24)] - Can't close AssignmentDAO
DataBaseLayer.AlreadyExistException: java.sql.SQLIntegrityConstraintViolationException: Duplicate entry '1-1' for key 'teachers_assignments.PRIMARY'
	at DataBaseLayer.DAO.MySQLAssignmentDAO.assignTeacherToCourse(MySQLAssignmentDAO.java:37) ~[classes/:?]
	at ServicesImpl.AssignmentServiceImpl.assignTeacherToCourse(AssignmentServiceImpl.java:20) ~[classes/:?]
	at Controller.AdminPageServlet.assignTeacherToCourse(AdminPageServlet.java:96) ~[classes/:?]
	at Controller.AdminPageServlet.doPost(AdminPageServlet.java:45) ~[classes/:?]
	at javax.servlet.http.HttpServlet.service(HttpServlet.java:681) ~[servlet-api.jar:4.0.FR]
	at javax.servlet.http.HttpServlet.service(HttpServlet.java:764) ~[servlet-api.jar:4.0.FR]
	at org.apache.catalina.core.ApplicationFilterChain.internalDoFilter(ApplicationFilterChain.java:227) ~[catalina.jar:9.0.62]
	at org.apache.catalina.core.ApplicationFilterChain.doFilter(ApplicationFilterChain.java:162) ~[catalina.jar:9.0.62]
	at org.apache.tomcat.websocket.server.WsFilter.doFilter(WsFilter.java:53) ~[tomcat-websocket.jar:9.0.62]
	at org.apache.catalina.core.ApplicationFilterChain.internalDoFilter(ApplicationFilterChain.java:189) ~[catalina.jar:9.0.62]
	at org.apache.catalina.core.ApplicationFilterChain.doFilter(ApplicationFilterChain.java:162) ~[catalina.jar:9.0.62]
	at org.apache.catalina.core.StandardWrapperValve.invoke(StandardWrapperValve.java:197) ~[catalina.jar:9.0.62]
	at org.apache.catalina.core.StandardContextValve.invoke(StandardContextValve.java:97) ~[catalina.jar:9.0.62]
	at org.apache.catalina.authenticator.AuthenticatorBase.invoke(AuthenticatorBase.java:541) ~[catalina.jar:9.0.62]
	at org.apache.catalina.core.StandardHostValve.invoke(StandardHostValve.java:135) ~[catalina.jar:9.0.62]
	at org.apache.catalina.valves.ErrorReportValve.invoke(ErrorReportValve.java:92) ~[catalina.jar:9.0.62]
	at org.apache.catalina.valves.AbstractAccessLogValve.invoke(AbstractAccessLogValve.java:687) ~[catalina.jar:9.0.62]
	at org.apache.catalina.core.StandardEngineValve.invoke(StandardEngineValve.java:78) ~[catalina.jar:9.0.62]
	at org.apache.catalina.connector.CoyoteAdapter.service(CoyoteAdapter.java:360) ~[catalina.jar:9.0.62]
	at org.apache.coyote.http11.Http11Processor.service(Http11Processor.java:399) ~[tomcat-coyote.jar:9.0.62]
	at org.apache.coyote.AbstractProcessorLight.process(AbstractProcessorLight.java:65) ~[tomcat-coyote.jar:9.0.62]
	at org.apache.coyote.AbstractProtocol$ConnectionHandler.process(AbstractProtocol.java:890) ~[tomcat-coyote.jar:9.0.62]
	at org.apache.tomcat.util.net.NioEndpoint$SocketProcessor.doRun(NioEndpoint.java:1743) ~[tomcat-coyote.jar:9.0.62]
	at org.apache.tomcat.util.net.SocketProcessorBase.run(SocketProcessorBase.java:49) ~[tomcat-coyote.jar:9.0.62]
	at org.apache.tomcat.util.threads.ThreadPoolExecutor.runWorker(ThreadPoolExecutor.java:1191) ~[tomcat-util.jar:9.0.62]
	at org.apache.tomcat.util.threads.ThreadPoolExecutor$Worker.run(ThreadPoolExecutor.java:659) ~[tomcat-util.jar:9.0.62]
	at org.apache.tomcat.util.threads.TaskThread$WrappingRunnable.run(TaskThread.java:61) ~[tomcat-util.jar:9.0.62]
	at java.lang.Thread.run(Thread.java:829) ~[?:?]
Caused by: java.sql.SQLIntegrityConstraintViolationException: Duplicate entry '1-1' for key 'teachers_assignments.PRIMARY'
	at com.mysql.cj.jdbc.exceptions.SQLError.createSQLException(SQLError.java:117) ~[mysql-connector-java-8.0.29.jar:8.0.29]
	at com.mysql.cj.jdbc.exceptions.SQLExceptionsMapping.translateException(SQLExceptionsMapping.java:122) ~[mysql-connector-java-8.0.29.jar:8.0.29]
	at com.mysql.cj.jdbc.ClientPreparedStatement.executeInternal(ClientPreparedStatement.java:916) ~[mysql-connector-java-8.0.29.jar:8.0.29]
	at com.mysql.cj.jdbc.ClientPreparedStatement.executeUpdateInternal(ClientPreparedStatement.java:1061) ~[mysql-connector-java-8.0.29.jar:8.0.29]
	at com.mysql.cj.jdbc.ClientPreparedStatement.executeUpdateInternal(ClientPreparedStatement.java:1009) ~[mysql-connector-java-8.0.29.jar:8.0.29]
	at com.mysql.cj.jdbc.ClientPreparedStatement.executeLargeUpdate(ClientPreparedStatement.java:1320) ~[mysql-connector-java-8.0.29.jar:8.0.29]
	at com.mysql.cj.jdbc.ClientPreparedStatement.executeUpdate(ClientPreparedStatement.java:994) ~[mysql-connector-java-8.0.29.jar:8.0.29]
	at org.apache.tomcat.dbcp.dbcp2.DelegatingPreparedStatement.executeUpdate(DelegatingPreparedStatement.java:135) ~[tomcat-dbcp.jar:9.0.62]
	at org.apache.tomcat.dbcp.dbcp2.DelegatingPreparedStatement.executeUpdate(DelegatingPreparedStatement.java:135) ~[tomcat-dbcp.jar:9.0.62]
	at DataBaseLayer.DAO.MySQLAssignmentDAO.assignTeacherToCourse(MySQLAssignmentDAO.java:29) ~[classes/:?]
	... 27 more
2022-06-10 14:50:22.387 INFO [http-nio-8080-exec-8] [Controller.AdminPageServlet.assignTeacherToCourse(AdminPageServlet.java:101)] - Teacher was not assigned to a course
2022-06-10 14:50:22.391 DEBUG [http-nio-8080-exec-9] [Controller.AdminPageServlet.doGet(AdminPageServlet.java:28)] - doGet of /admin with forward to admin.jsp
2022-06-10 15:21:25.606 DEBUG [Catalina-utility-1] [Listeners.MyContextListener.contextInitialized(MyContextListener.java:23)] - path = C:\Users\Caruzo\IdeaProjects\Elective\target\Elective\WEB-INF\
2022-06-10 15:21:25.619 DEBUG [Catalina-utility-1] [Listeners.MyContextListener.contextInitialized(MyContextListener.java:26)] - DAOFactory was set to MySQL implementation
2022-06-10 15:21:32.027 DEBUG [http-nio-8080-exec-9] [Controller.AdminPageServlet.doGet(AdminPageServlet.java:29)] - doGet of /admin with forward to admin.jsp
2022-06-10 15:21:35.011 DEBUG [http-nio-8080-exec-7] [Controller.AdminPageServlet.doPost(AdminPageServlet.java:35)] - doPost of /admin with redirect to /admin
2022-06-10 15:21:35.011 DEBUG [http-nio-8080-exec-7] [Controller.AdminPageServlet.doPost(AdminPageServlet.java:45)] - Teacher assignment process started
2022-06-10 15:21:35.015 DEBUG [http-nio-8080-exec-7] [Controller.AdminPageServlet.assignTeacherToCourse(AdminPageServlet.java:96)] - AssignmentService was created
2022-06-10 15:21:35.015 DEBUG [http-nio-8080-exec-7] [ServicesImpl.AssignmentServiceImpl.assignTeacherToCourse(AssignmentServiceImpl.java:20)] - DAOFactory created => DataBaseLayer.DAO.MySQLDAOFactory@135e472b
2022-06-10 15:21:35.019 DEBUG [http-nio-8080-exec-7] [DataBaseLayer.DataSourcePool.getConnection(DataSourcePool.java:25)] - Data source created: org.apache.tomcat.dbcp.dbcp2.BasicDataSource@388bc9e8
2022-06-10 15:21:35.019 DEBUG [http-nio-8080-exec-7] [DataBaseLayer.DataSourcePool.getConnection(DataSourcePool.java:32)] - Connection created
2022-06-10 15:21:35.277 DEBUG [http-nio-8080-exec-7] [ServicesImpl.AssignmentServiceImpl.assignTeacherToCourse(AssignmentServiceImpl.java:22)] - AssignmentDAO created
2022-06-10 15:21:35.306 ERROR [http-nio-8080-exec-7] [DataBaseLayer.DAO.MySQLAssignmentDAO.assignTeacherToCourse(MySQLAssignmentDAO.java:35)] - Can't assign teacher to course
2022-06-10 15:21:35.307 DEBUG [http-nio-8080-exec-7] [ServicesImpl.AssignmentServiceImpl.assignTeacherToCourse(AssignmentServiceImpl.java:27)] - Assignment already exist
2022-06-10 15:21:35.307 INFO [http-nio-8080-exec-7] [Controller.AdminPageServlet.assignTeacherToCourse(AdminPageServlet.java:103)] - Teacher was not assigned to a course
2022-06-10 15:21:35.310 DEBUG [http-nio-8080-exec-1] [Controller.AdminPageServlet.doGet(AdminPageServlet.java:29)] - doGet of /admin with forward to admin.jsp
2022-06-10 15:23:07.361 DEBUG [http-nio-8080-exec-11] [Controller.AdminPageServlet.doPost(AdminPageServlet.java:35)] - doPost of /admin with redirect to /admin
2022-06-10 15:23:07.361 DEBUG [http-nio-8080-exec-11] [Controller.AdminPageServlet.doPost(AdminPageServlet.java:45)] - Teacher assignment process started
2022-06-10 15:23:07.361 DEBUG [http-nio-8080-exec-11] [Controller.AdminPageServlet.assignTeacherToCourse(AdminPageServlet.java:96)] - AssignmentService was created
2022-06-10 15:23:07.362 DEBUG [http-nio-8080-exec-11] [ServicesImpl.AssignmentServiceImpl.assignTeacherToCourse(AssignmentServiceImpl.java:20)] - DAOFactory created => DataBaseLayer.DAO.MySQLDAOFactory@135e472b
2022-06-10 15:23:07.362 DEBUG [http-nio-8080-exec-11] [DataBaseLayer.DataSourcePool.getConnection(DataSourcePool.java:32)] - Connection created
2022-06-10 15:23:07.385 DEBUG [http-nio-8080-exec-11] [ServicesImpl.AssignmentServiceImpl.assignTeacherToCourse(AssignmentServiceImpl.java:22)] - AssignmentDAO created
2022-06-10 15:23:07.386 ERROR [http-nio-8080-exec-11] [DataBaseLayer.DAO.MySQLAssignmentDAO.assignTeacherToCourse(MySQLAssignmentDAO.java:35)] - Can't assign teacher to course
2022-06-10 15:23:07.386 DEBUG [http-nio-8080-exec-11] [ServicesImpl.AssignmentServiceImpl.assignTeacherToCourse(AssignmentServiceImpl.java:27)] - Assignment already exist
2022-06-10 15:23:07.386 INFO [http-nio-8080-exec-11] [Controller.AdminPageServlet.assignTeacherToCourse(AdminPageServlet.java:103)] - Teacher was not assigned to a course
2022-06-10 15:23:07.391 DEBUG [http-nio-8080-exec-12] [Controller.AdminPageServlet.doGet(AdminPageServlet.java:29)] - doGet of /admin with forward to admin.jsp
2022-06-10 15:29:07.160 DEBUG [Catalina-utility-2] [Listeners.MyContextListener.contextInitialized(MyContextListener.java:23)] - path = C:\Users\Caruzo\IdeaProjects\Elective\target\Elective\WEB-INF\
2022-06-10 15:29:07.175 DEBUG [Catalina-utility-2] [Listeners.MyContextListener.contextInitialized(MyContextListener.java:26)] - DAOFactory was set to MySQL implementation
2022-06-10 15:29:08.605 DEBUG [http-nio-8080-exec-19] [Controller.AdminPageServlet.doPost(AdminPageServlet.java:35)] - doPost of /admin with redirect to /admin
2022-06-10 15:29:08.605 DEBUG [http-nio-8080-exec-19] [Controller.AdminPageServlet.doPost(AdminPageServlet.java:45)] - Teacher assignment process started
2022-06-10 15:29:08.607 DEBUG [http-nio-8080-exec-19] [Controller.AdminPageServlet.assignTeacherToCourse(AdminPageServlet.java:96)] - AssignmentService was created
2022-06-10 15:29:08.608 DEBUG [http-nio-8080-exec-19] [ServicesImpl.AssignmentServiceImpl.assignTeacherToCourse(AssignmentServiceImpl.java:20)] - DAOFactory created => DataBaseLayer.DAO.MySQLDAOFactory@6bd8e4f1
2022-06-10 15:29:08.614 DEBUG [http-nio-8080-exec-19] [DataBaseLayer.DataSourcePool.getConnection(DataSourcePool.java:25)] - Data source created: org.apache.tomcat.dbcp.dbcp2.BasicDataSource@7188eb3b
2022-06-10 15:29:08.614 DEBUG [http-nio-8080-exec-19] [DataBaseLayer.DataSourcePool.getConnection(DataSourcePool.java:32)] - Connection created
2022-06-10 15:29:08.846 DEBUG [http-nio-8080-exec-19] [ServicesImpl.AssignmentServiceImpl.assignTeacherToCourse(AssignmentServiceImpl.java:22)] - AssignmentDAO created
2022-06-10 15:29:08.878 ERROR [http-nio-8080-exec-19] [DataBaseLayer.DAO.MySQLAssignmentDAO.assignTeacherToCourse(MySQLAssignmentDAO.java:35)] - Can't assign teacher to course
2022-06-10 15:29:08.878 DEBUG [http-nio-8080-exec-19] [ServicesImpl.AssignmentServiceImpl.assignTeacherToCourse(AssignmentServiceImpl.java:27)] - Assignment already exist
2022-06-10 15:29:08.879 INFO [http-nio-8080-exec-19] [Controller.AdminPageServlet.assignTeacherToCourse(AdminPageServlet.java:103)] - Teacher was not assigned to a course
2022-06-10 15:29:08.879 DEBUG [http-nio-8080-exec-19] [Controller.AdminPageServlet.assignTeacherToCourse(AdminPageServlet.java:104)] - 0
2022-06-10 15:29:08.883 DEBUG [http-nio-8080-exec-17] [Controller.AdminPageServlet.doGet(AdminPageServlet.java:29)] - doGet of /admin with forward to admin.jsp
2022-06-10 15:30:21.039 DEBUG [Catalina-utility-2] [Listeners.MyContextListener.contextInitialized(MyContextListener.java:23)] - path = C:\Users\Caruzo\IdeaProjects\Elective\target\Elective\WEB-INF\
2022-06-10 15:30:21.054 DEBUG [Catalina-utility-2] [Listeners.MyContextListener.contextInitialized(MyContextListener.java:26)] - DAOFactory was set to MySQL implementation
2022-06-10 15:30:23.479 DEBUG [http-nio-8080-exec-24] [Controller.AdminPageServlet.doGet(AdminPageServlet.java:29)] - doGet of /admin with forward to admin.jsp
2022-06-10 15:30:26.285 DEBUG [http-nio-8080-exec-16] [Controller.AdminPageServlet.doPost(AdminPageServlet.java:35)] - doPost of /admin with redirect to /admin
2022-06-10 15:30:26.285 DEBUG [http-nio-8080-exec-16] [Controller.AdminPageServlet.doPost(AdminPageServlet.java:45)] - Teacher assignment process started
2022-06-10 15:30:26.288 DEBUG [http-nio-8080-exec-16] [Controller.AdminPageServlet.assignTeacherToCourse(AdminPageServlet.java:96)] - AssignmentService was created
2022-06-10 15:30:26.289 DEBUG [http-nio-8080-exec-16] [ServicesImpl.AssignmentServiceImpl.assignTeacherToCourse(AssignmentServiceImpl.java:20)] - DAOFactory created => DataBaseLayer.DAO.MySQLDAOFactory@1a32df8a
2022-06-10 15:30:26.294 DEBUG [http-nio-8080-exec-16] [DataBaseLayer.DataSourcePool.getConnection(DataSourcePool.java:25)] - Data source created: org.apache.tomcat.dbcp.dbcp2.BasicDataSource@5b2bfe95
2022-06-10 15:30:26.294 DEBUG [http-nio-8080-exec-16] [DataBaseLayer.DataSourcePool.getConnection(DataSourcePool.java:32)] - Connection created
2022-06-10 15:30:26.524 DEBUG [http-nio-8080-exec-16] [ServicesImpl.AssignmentServiceImpl.assignTeacherToCourse(AssignmentServiceImpl.java:22)] - AssignmentDAO created
2022-06-10 15:30:26.555 ERROR [http-nio-8080-exec-16] [DataBaseLayer.DAO.MySQLAssignmentDAO.assignTeacherToCourse(MySQLAssignmentDAO.java:35)] - Can't assign teacher to course
2022-06-10 15:30:26.555 DEBUG [http-nio-8080-exec-16] [DataBaseLayer.DAO.MySQLAssignmentDAO.assignTeacherToCourse(MySQLAssignmentDAO.java:37)] - AlreadyExistException to stringjava.sql.SQLIntegrityConstraintViolationException: Duplicate entry '1-1' for key 'teachers_assignments.PRIMARY'
2022-06-10 15:30:26.555 DEBUG [http-nio-8080-exec-16] [ServicesImpl.AssignmentServiceImpl.assignTeacherToCourse(AssignmentServiceImpl.java:27)] - Assignment already exist
2022-06-10 15:30:26.555 INFO [http-nio-8080-exec-16] [Controller.AdminPageServlet.assignTeacherToCourse(AdminPageServlet.java:103)] - Teacher was not assigned to a course
2022-06-10 15:30:26.556 DEBUG [http-nio-8080-exec-16] [Controller.AdminPageServlet.assignTeacherToCourse(AdminPageServlet.java:104)] - 0
2022-06-10 15:30:26.559 DEBUG [http-nio-8080-exec-21] [Controller.AdminPageServlet.doGet(AdminPageServlet.java:29)] - doGet of /admin with forward to admin.jsp
2022-06-10 15:50:04.124 DEBUG [Catalina-utility-2] [Listeners.MyContextListener.contextInitialized(MyContextListener.java:23)] - path = C:\Users\Caruzo\IdeaProjects\Elective\target\Elective\WEB-INF\
2022-06-10 15:50:04.137 DEBUG [Catalina-utility-2] [Listeners.MyContextListener.contextInitialized(MyContextListener.java:26)] - DAOFactory was set to MySQL implementation
2022-06-10 15:50:05.738 DEBUG [http-nio-8080-exec-30] [Controller.AdminPageServlet.doGet(AdminPageServlet.java:29)] - doGet of /admin with forward to admin.jsp
2022-06-10 15:50:09.070 DEBUG [http-nio-8080-exec-25] [Controller.AdminPageServlet.doPost(AdminPageServlet.java:35)] - doPost of /admin with redirect to /admin
2022-06-10 15:50:09.070 DEBUG [http-nio-8080-exec-25] [Controller.AdminPageServlet.doPost(AdminPageServlet.java:45)] - Teacher assignment process started
2022-06-10 15:50:09.073 DEBUG [http-nio-8080-exec-25] [Controller.AdminPageServlet.assignTeacherToCourse(AdminPageServlet.java:96)] - AssignmentService was created
2022-06-10 15:50:09.074 DEBUG [http-nio-8080-exec-25] [ServicesImpl.AssignmentServiceImpl.assignTeacherToCourse(AssignmentServiceImpl.java:20)] - DAOFactory created => DataBaseLayer.DAO.MySQLDAOFactory@1c1f615d
2022-06-10 15:50:09.078 DEBUG [http-nio-8080-exec-25] [DataBaseLayer.DataSourcePool.getConnection(DataSourcePool.java:25)] - Data source created: org.apache.tomcat.dbcp.dbcp2.BasicDataSource@6a438f94
2022-06-10 15:50:09.078 DEBUG [http-nio-8080-exec-25] [DataBaseLayer.DataSourcePool.getConnection(DataSourcePool.java:32)] - Connection created
2022-06-10 15:50:09.293 DEBUG [http-nio-8080-exec-25] [ServicesImpl.AssignmentServiceImpl.assignTeacherToCourse(AssignmentServiceImpl.java:22)] - AssignmentDAO created
2022-06-10 15:50:09.322 ERROR [http-nio-8080-exec-25] [DataBaseLayer.DAO.MySQLAssignmentDAO.assignTeacherToCourse(MySQLAssignmentDAO.java:35)] - Can't assign teacher to course
2022-06-10 15:50:09.322 DEBUG [http-nio-8080-exec-25] [DataBaseLayer.DAO.MySQLAssignmentDAO.assignTeacherToCourse(MySQLAssignmentDAO.java:37)] - AlreadyExistException catch clause java.sql.SQLIntegrityConstraintViolationException: Duplicate entry '1-1' for key 'teachers_assignments.PRIMARY'
2022-06-10 15:50:09.322 DEBUG [http-nio-8080-exec-25] [ServicesImpl.AssignmentServiceImpl.assignTeacherToCourse(AssignmentServiceImpl.java:27)] - Assignment already exist
2022-06-10 15:50:09.322 DEBUG [http-nio-8080-exec-25] [ServicesImpl.AssignmentServiceImpl.assignTeacherToCourse(AssignmentServiceImpl.java:28)] - Exception to string AlreadyExistException
2022-06-10 15:50:09.323 INFO [http-nio-8080-exec-25] [Controller.AdminPageServlet.assignTeacherToCourse(AdminPageServlet.java:103)] - Teacher was not assigned to a course
2022-06-10 15:50:09.323 DEBUG [http-nio-8080-exec-25] [Controller.AdminPageServlet.assignTeacherToCourse(AdminPageServlet.java:104)] - 0
2022-06-10 15:50:09.326 DEBUG [http-nio-8080-exec-31] [Controller.AdminPageServlet.doGet(AdminPageServlet.java:29)] - doGet of /admin with forward to admin.jsp
2022-06-10 15:52:26.946 DEBUG [http-nio-8080-exec-35] [Controller.AdminPageServlet.doGet(AdminPageServlet.java:29)] - doGet of /admin with forward to admin.jsp
2022-06-10 15:52:29.741 DEBUG [http-nio-8080-exec-36] [Controller.AdminPageServlet.doPost(AdminPageServlet.java:35)] - doPost of /admin with redirect to /admin
2022-06-10 15:52:29.742 DEBUG [http-nio-8080-exec-36] [Controller.AdminPageServlet.doPost(AdminPageServlet.java:45)] - Teacher assignment process started
2022-06-10 15:52:29.742 DEBUG [http-nio-8080-exec-36] [Controller.AdminPageServlet.assignTeacherToCourse(AdminPageServlet.java:96)] - AssignmentService was created
2022-06-10 15:52:29.742 DEBUG [http-nio-8080-exec-36] [ServicesImpl.AssignmentServiceImpl.assignTeacherToCourse(AssignmentServiceImpl.java:20)] - DAOFactory created => DataBaseLayer.DAO.MySQLDAOFactory@1c1f615d
2022-06-10 15:52:29.742 DEBUG [http-nio-8080-exec-36] [DataBaseLayer.DataSourcePool.getConnection(DataSourcePool.java:32)] - Connection created
2022-06-10 15:52:29.756 DEBUG [http-nio-8080-exec-36] [ServicesImpl.AssignmentServiceImpl.assignTeacherToCourse(AssignmentServiceImpl.java:22)] - AssignmentDAO created
2022-06-10 15:52:29.757 ERROR [http-nio-8080-exec-36] [DataBaseLayer.DAO.MySQLAssignmentDAO.assignTeacherToCourse(MySQLAssignmentDAO.java:35)] - Can't assign teacher to course
2022-06-10 15:52:29.757 DEBUG [http-nio-8080-exec-36] [DataBaseLayer.DAO.MySQLAssignmentDAO.assignTeacherToCourse(MySQLAssignmentDAO.java:37)] - AlreadyExistException catch clause java.sql.SQLIntegrityConstraintViolationException: Duplicate entry '1-1' for key 'teachers_assignments.PRIMARY'
2022-06-10 15:52:29.758 DEBUG [http-nio-8080-exec-36] [ServicesImpl.AssignmentServiceImpl.assignTeacherToCourse(AssignmentServiceImpl.java:27)] - Assignment already exist
2022-06-10 15:52:29.758 DEBUG [http-nio-8080-exec-36] [ServicesImpl.AssignmentServiceImpl.assignTeacherToCourse(AssignmentServiceImpl.java:28)] - Exception to string AlreadyExistException
2022-06-10 15:52:29.758 INFO [http-nio-8080-exec-36] [Controller.AdminPageServlet.assignTeacherToCourse(AdminPageServlet.java:103)] - Teacher was not assigned to a course
2022-06-10 15:52:29.758 DEBUG [http-nio-8080-exec-36] [Controller.AdminPageServlet.assignTeacherToCourse(AdminPageServlet.java:104)] - 0
2022-06-10 15:52:29.761 DEBUG [http-nio-8080-exec-37] [Controller.AdminPageServlet.doGet(AdminPageServlet.java:29)] - doGet of /admin with forward to admin.jsp
2022-06-10 15:52:31.073 DEBUG [Catalina-utility-1] [Listeners.MyContextListener.contextInitialized(MyContextListener.java:23)] - path = C:\Users\Caruzo\IdeaProjects\Elective\target\Elective\WEB-INF\
2022-06-10 15:52:31.086 DEBUG [Catalina-utility-1] [Listeners.MyContextListener.contextInitialized(MyContextListener.java:26)] - DAOFactory was set to MySQL implementation
2022-06-10 15:52:33.516 DEBUG [http-nio-8080-exec-40] [Controller.AdminPageServlet.doPost(AdminPageServlet.java:35)] - doPost of /admin with redirect to /admin
2022-06-10 15:52:33.516 DEBUG [http-nio-8080-exec-40] [Controller.AdminPageServlet.doPost(AdminPageServlet.java:45)] - Teacher assignment process started
2022-06-10 15:52:33.519 DEBUG [http-nio-8080-exec-40] [Controller.AdminPageServlet.assignTeacherToCourse(AdminPageServlet.java:96)] - AssignmentService was created
2022-06-10 15:52:33.519 DEBUG [http-nio-8080-exec-40] [ServicesImpl.AssignmentServiceImpl.assignTeacherToCourse(AssignmentServiceImpl.java:20)] - DAOFactory created => DataBaseLayer.DAO.MySQLDAOFactory@56fcdecc
2022-06-10 15:52:33.524 DEBUG [http-nio-8080-exec-40] [DataBaseLayer.DataSourcePool.getConnection(DataSourcePool.java:25)] - Data source created: org.apache.tomcat.dbcp.dbcp2.BasicDataSource@737b7c9c
2022-06-10 15:52:33.525 DEBUG [http-nio-8080-exec-40] [DataBaseLayer.DataSourcePool.getConnection(DataSourcePool.java:32)] - Connection created
2022-06-10 15:52:33.735 DEBUG [http-nio-8080-exec-40] [ServicesImpl.AssignmentServiceImpl.assignTeacherToCourse(AssignmentServiceImpl.java:22)] - AssignmentDAO created
2022-06-10 15:52:33.762 ERROR [http-nio-8080-exec-40] [DataBaseLayer.DAO.MySQLAssignmentDAO.assignTeacherToCourse(MySQLAssignmentDAO.java:35)] - Can't assign teacher to course
2022-06-10 15:52:33.762 DEBUG [http-nio-8080-exec-40] [DataBaseLayer.DAO.MySQLAssignmentDAO.assignTeacherToCourse(MySQLAssignmentDAO.java:37)] - AlreadyExistException catch clause java.sql.SQLIntegrityConstraintViolationException: Duplicate entry '1-1' for key 'teachers_assignments.PRIMARY'
2022-06-10 15:52:33.762 DEBUG [http-nio-8080-exec-40] [ServicesImpl.AssignmentServiceImpl.assignTeacherToCourse(AssignmentServiceImpl.java:27)] - Assignment already exist
2022-06-10 15:52:33.762 INFO [http-nio-8080-exec-40] [Controller.AdminPageServlet.assignTeacherToCourse(AdminPageServlet.java:103)] - Teacher was not assigned to a course
2022-06-10 15:52:33.762 DEBUG [http-nio-8080-exec-40] [Controller.AdminPageServlet.assignTeacherToCourse(AdminPageServlet.java:104)] - AlreadyExistException
2022-06-10 15:52:33.766 DEBUG [http-nio-8080-exec-37] [Controller.AdminPageServlet.doGet(AdminPageServlet.java:29)] - doGet of /admin with forward to admin.jsp
2022-06-10 15:54:16.468 DEBUG [Catalina-utility-2] [Listeners.MyContextListener.contextInitialized(MyContextListener.java:23)] - path = C:\Users\Caruzo\IdeaProjects\Elective\target\Elective\WEB-INF\
2022-06-10 15:54:16.480 DEBUG [Catalina-utility-2] [Listeners.MyContextListener.contextInitialized(MyContextListener.java:26)] - DAOFactory was set to MySQL implementation
2022-06-10 16:12:38.903 DEBUG [http-nio-8080-exec-47] [Controller.AdminPageServlet.doGet(AdminPageServlet.java:29)] - doGet of /admin with forward to admin.jsp
2022-06-10 16:12:41.617 DEBUG [http-nio-8080-exec-48] [Controller.AdminPageServlet.doPost(AdminPageServlet.java:35)] - doPost of /admin with redirect to /admin
2022-06-10 16:12:41.617 DEBUG [http-nio-8080-exec-48] [Controller.AdminPageServlet.doPost(AdminPageServlet.java:45)] - Teacher assignment process started
2022-06-10 16:12:41.620 DEBUG [http-nio-8080-exec-48] [Controller.AdminPageServlet.assignTeacherToCourse(AdminPageServlet.java:96)] - AssignmentService was created
2022-06-10 16:12:41.621 DEBUG [http-nio-8080-exec-48] [ServicesImpl.AssignmentServiceImpl.assignTeacherToCourse(AssignmentServiceImpl.java:20)] - DAOFactory created => DataBaseLayer.DAO.MySQLDAOFactory@4f47cc86
2022-06-10 16:12:41.625 DEBUG [http-nio-8080-exec-48] [DataBaseLayer.DataSourcePool.getConnection(DataSourcePool.java:25)] - Data source created: org.apache.tomcat.dbcp.dbcp2.BasicDataSource@45befd05
2022-06-10 16:12:41.625 DEBUG [http-nio-8080-exec-48] [DataBaseLayer.DataSourcePool.getConnection(DataSourcePool.java:32)] - Connection created
2022-06-10 16:12:41.833 DEBUG [http-nio-8080-exec-48] [ServicesImpl.AssignmentServiceImpl.assignTeacherToCourse(AssignmentServiceImpl.java:22)] - AssignmentDAO created
2022-06-10 16:12:41.862 ERROR [http-nio-8080-exec-48] [DataBaseLayer.DAO.MySQLAssignmentDAO.assignTeacherToCourse(MySQLAssignmentDAO.java:35)] - Can't assign teacher to course
2022-06-10 16:12:41.862 DEBUG [http-nio-8080-exec-48] [DataBaseLayer.DAO.MySQLAssignmentDAO.assignTeacherToCourse(MySQLAssignmentDAO.java:37)] - AlreadyExistException catch clause java.sql.SQLIntegrityConstraintViolationException: Duplicate entry '1-1' for key 'teachers_assignments.PRIMARY'
2022-06-10 16:12:41.862 DEBUG [http-nio-8080-exec-48] [ServicesImpl.AssignmentServiceImpl.assignTeacherToCourse(AssignmentServiceImpl.java:27)] - Assignment already exist
2022-06-10 16:12:41.862 INFO [http-nio-8080-exec-48] [Controller.AdminPageServlet.assignTeacherToCourse(AdminPageServlet.java:103)] - Teacher was not assigned to a course
2022-06-10 16:12:41.862 DEBUG [http-nio-8080-exec-48] [Controller.AdminPageServlet.assignTeacherToCourse(AdminPageServlet.java:104)] - DataBaseLayer.AlreadyExistException: java.sql.SQLIntegrityConstraintViolationException: Duplicate entry '1-1' for key 'teachers_assignments.PRIMARY'
2022-06-10 16:12:41.866 DEBUG [http-nio-8080-exec-49] [Controller.AdminPageServlet.doGet(AdminPageServlet.java:29)] - doGet of /admin with forward to admin.jsp
2022-06-10 16:17:07.919 DEBUG [Catalina-utility-2] [Listeners.MyContextListener.contextInitialized(MyContextListener.java:23)] - path = C:\Users\Caruzo\IdeaProjects\Elective\target\Elective\WEB-INF\
2022-06-10 16:17:07.938 DEBUG [Catalina-utility-2] [Listeners.MyContextListener.contextInitialized(MyContextListener.java:26)] - DAOFactory was set to MySQL implementation
2022-06-10 16:17:19.971 DEBUG [http-nio-8080-exec-48] [Controller.AdminPageServlet.doGet(AdminPageServlet.java:29)] - doGet of /admin with forward to admin.jsp
2022-06-10 16:17:23.239 DEBUG [http-nio-8080-exec-51] [Controller.AdminPageServlet.doPost(AdminPageServlet.java:35)] - doPost of /admin with redirect to /admin
2022-06-10 16:17:23.240 DEBUG [http-nio-8080-exec-51] [Controller.AdminPageServlet.doPost(AdminPageServlet.java:45)] - Teacher assignment process started
2022-06-10 16:17:23.244 DEBUG [http-nio-8080-exec-51] [Controller.AdminPageServlet.assignTeacherToCourse(AdminPageServlet.java:96)] - AssignmentService was created
2022-06-10 16:17:23.245 DEBUG [http-nio-8080-exec-51] [ServicesImpl.AssignmentServiceImpl.assignTeacherToCourse(AssignmentServiceImpl.java:20)] - DAOFactory created => DataBaseLayer.DAO.MySQLDAOFactory@1226c8a8
2022-06-10 16:17:23.251 DEBUG [http-nio-8080-exec-51] [DataBaseLayer.DataSourcePool.getConnection(DataSourcePool.java:25)] - Data source created: org.apache.tomcat.dbcp.dbcp2.BasicDataSource@3e63ccb6
2022-06-10 16:17:23.251 DEBUG [http-nio-8080-exec-51] [DataBaseLayer.DataSourcePool.getConnection(DataSourcePool.java:32)] - Connection created
2022-06-10 16:17:23.466 DEBUG [http-nio-8080-exec-51] [ServicesImpl.AssignmentServiceImpl.assignTeacherToCourse(AssignmentServiceImpl.java:22)] - AssignmentDAO created
2022-06-10 16:17:23.495 ERROR [http-nio-8080-exec-51] [DataBaseLayer.DAO.MySQLAssignmentDAO.assignTeacherToCourse(MySQLAssignmentDAO.java:35)] - Can't assign teacher to course
2022-06-10 16:17:23.495 DEBUG [http-nio-8080-exec-51] [DataBaseLayer.DAO.MySQLAssignmentDAO.assignTeacherToCourse(MySQLAssignmentDAO.java:37)] - AlreadyExistException catch clause java.sql.SQLIntegrityConstraintViolationException: Duplicate entry '1-1' for key 'teachers_assignments.PRIMARY'
2022-06-10 16:17:23.495 DEBUG [http-nio-8080-exec-51] [ServicesImpl.AssignmentServiceImpl.assignTeacherToCourse(AssignmentServiceImpl.java:27)] - Assignment already exist
2022-06-10 16:17:23.495 INFO [http-nio-8080-exec-51] [Controller.AdminPageServlet.assignTeacherToCourse(AdminPageServlet.java:103)] - Teacher was not assigned to a course
2022-06-10 16:17:23.495 DEBUG [http-nio-8080-exec-51] [Controller.AdminPageServlet.assignTeacherToCourse(AdminPageServlet.java:104)] - Assignment already exist
2022-06-10 16:17:23.499 DEBUG [http-nio-8080-exec-54] [Controller.AdminPageServlet.doGet(AdminPageServlet.java:29)] - doGet of /admin with forward to admin.jsp
2022-06-10 16:22:15.305 DEBUG [http-nio-8080-exec-57] [Controller.AdminPageServlet.doGet(AdminPageServlet.java:29)] - doGet of /admin with forward to admin.jsp
2022-06-10 16:22:20.383 DEBUG [http-nio-8080-exec-58] [Controller.AdminPageServlet.doPost(AdminPageServlet.java:35)] - doPost of /admin with redirect to /admin
2022-06-10 16:22:20.383 DEBUG [http-nio-8080-exec-58] [Controller.AdminPageServlet.doPost(AdminPageServlet.java:41)] - Creating course process started
2022-06-10 16:22:20.385 DEBUG [http-nio-8080-exec-58] [Controller.AdminPageServlet.createNewCourse(AdminPageServlet.java:79)] - CourseService was created
2022-06-10 16:22:20.385 DEBUG [http-nio-8080-exec-58] [ServicesImpl.CourseServiceImpl.findCourse(CourseServiceImpl.java:41)] - DAOFactory created => DataBaseLayer.DAO.MySQLDAOFactory@1226c8a8
2022-06-10 16:22:20.386 DEBUG [http-nio-8080-exec-58] [DataBaseLayer.DataSourcePool.getConnection(DataSourcePool.java:32)] - Connection created
2022-06-10 16:22:20.400 DEBUG [http-nio-8080-exec-58] [ServicesImpl.CourseServiceImpl.findCourse(CourseServiceImpl.java:43)] - CourseDAO created
2022-06-10 16:22:20.419 DEBUG [http-nio-8080-exec-58] [ServicesImpl.CourseServiceImpl.findCourse(CourseServiceImpl.java:45)] - findCurse by title Method used
2022-06-10 16:22:20.419 DEBUG [http-nio-8080-exec-58] [DataBaseLayer.DAO.MySQLCourseDAO.close(MySQLCourseDAO.java:146)] - connection was closed
2022-06-10 16:22:20.419 DEBUG [http-nio-8080-exec-58] [Controller.AdminPageServlet.createNewCourse(AdminPageServlet.java:85)] - Course with title TestCourse already exist
2022-06-10 16:22:20.422 DEBUG [http-nio-8080-exec-59] [Controller.AdminPageServlet.doGet(AdminPageServlet.java:29)] - doGet of /admin with forward to admin.jsp
