2022-07-07 12:13:27.866 DEBUG [main] [presentation.listeners.MyContextListener.contextInitialized(MyContextListener.java:31)] - path = C:\Users\Caruzo\IdeaProjects\Elective\target\Elective\WEB-INF\
2022-07-07 12:13:27.895 DEBUG [main] [presentation.listeners.MyContextListener.contextInitialized(MyContextListener.java:34)] - DAOFactory was set to MySQL implementation
2022-07-07 12:13:27.896 DEBUG [main] [presentation.listeners.MyContextListener.contextInitialized(MyContextListener.java:46)] - Locales list {uk=[Українська], en=[English]}
2022-07-07 12:13:34.104 DEBUG [http-nio-8080-exec-2] [application.services.impl.StudentServiceImpl.<init>(StudentServiceImpl.java:20)] - DAOFactory created => data.dao.impl.MySQLDAOFactory@54c7cd22
2022-07-07 12:13:34.105 DEBUG [http-nio-8080-exec-2] [presentation.controller.MainPageServlet.init(MainPageServlet.java:41)] - StudentService was created
2022-07-07 12:13:34.106 DEBUG [http-nio-8080-exec-2] [application.services.impl.TeacherServiceImpl.<init>(TeacherServiceImpl.java:19)] - DAOFactory created => data.dao.impl.MySQLDAOFactory@54c7cd22
2022-07-07 12:13:34.106 DEBUG [http-nio-8080-exec-2] [presentation.controller.MainPageServlet.init(MainPageServlet.java:43)] - TeacherService was created
2022-07-07 12:13:34.107 DEBUG [http-nio-8080-exec-2] [application.services.impl.AdministratorServiceImpl.<init>(AdministratorServiceImpl.java:20)] - DAOFactory created => data.dao.impl.MySQLDAOFactory@54c7cd22
2022-07-07 12:13:34.107 DEBUG [http-nio-8080-exec-2] [presentation.controller.MainPageServlet.init(MainPageServlet.java:45)] - AdministratorService was created
2022-07-07 12:13:34.112 DEBUG [http-nio-8080-exec-2] [presentation.controller.MainPageServlet.doGet(MainPageServlet.java:50)] - doGet of /main with forward to main.jsp
2022-07-07 12:13:36.803 DEBUG [http-nio-8080-exec-4] [presentation.controller.LoginPageServlet.init(LoginPageServlet.java:31)] - creating studentService
2022-07-07 12:13:36.803 DEBUG [http-nio-8080-exec-4] [application.services.impl.StudentServiceImpl.<init>(StudentServiceImpl.java:20)] - DAOFactory created => data.dao.impl.MySQLDAOFactory@54c7cd22
2022-07-07 12:13:36.803 DEBUG [http-nio-8080-exec-4] [presentation.controller.LoginPageServlet.init(LoginPageServlet.java:33)] - StudentService was created
2022-07-07 12:13:36.803 DEBUG [http-nio-8080-exec-4] [presentation.controller.LoginPageServlet.doGet(LoginPageServlet.java:38)] - doGet of /login with forward to login.jsp
2022-07-07 12:13:39.483 DEBUG [http-nio-8080-exec-5] [presentation.controller.MainPageServlet.doPost(MainPageServlet.java:61)] - doPost of /main with redirect to main
2022-07-07 12:13:39.483 DEBUG [http-nio-8080-exec-5] [application.services.impl.StudentServiceImpl.findStudent(StudentServiceImpl.java:49)] - Start of authorization
2022-07-07 12:13:39.483 DEBUG [http-nio-8080-exec-5] [data.dao.impl.MySQLDAOFactory.getStudentDAO(MySQLDAOFactory.java:31)] - MySQLStudentDAO created
2022-07-07 12:13:39.489 DEBUG [http-nio-8080-exec-5] [data.DataSourcePool.getConnection(DataSourcePool.java:31)] - Data source created: org.apache.tomcat.dbcp.dbcp2.BasicDataSource@6f5fa871
2022-07-07 12:13:39.489 DEBUG [http-nio-8080-exec-5] [data.DataSourcePool.getConnection(DataSourcePool.java:38)] - Connection created
2022-07-07 12:13:40.097 DEBUG [http-nio-8080-exec-5] [application.services.impl.StudentServiceImpl.findStudent(StudentServiceImpl.java:51)] - StudentDAO created
2022-07-07 12:13:40.113 DEBUG [http-nio-8080-exec-5] [application.services.impl.StudentServiceImpl.findStudent(StudentServiceImpl.java:54)] - Strong password for validation created
2022-07-07 12:13:40.199 ERROR [http-nio-8080-exec-5] [data.dao.impl.MySQLStudentDAO.findStudent(MySQLStudentDAO.java:92)] - Student with login= asd and password= 1000:88bdbe3883b97494171fb11e33ad22b9841a63343832be57:ae1b1e5a6aa7203afb5c3cab4aa3d1c1b77f3f3122301278 does not exist
2022-07-07 12:13:40.200 DEBUG [http-nio-8080-exec-5] [data.dao.impl.MySQLStudentDAO.close(MySQLStudentDAO.java:218)] - connection was closed
2022-07-07 12:13:40.200 DEBUG [http-nio-8080-exec-5] [data.dao.impl.MySQLStudentDAO.close(MySQLStudentDAO.java:223)] - StudentDAO was closed
2022-07-07 12:13:40.201 ERROR [http-nio-8080-exec-5] [application.services.impl.StudentServiceImpl.findStudent(StudentServiceImpl.java:60)] - Can't authorize as student
2022-07-07 12:13:40.202 INFO [http-nio-8080-exec-5] [presentation.controller.MainPageServlet.doPost(MainPageServlet.java:74)] - Student was not found
2022-07-07 12:13:40.202 DEBUG [http-nio-8080-exec-5] [application.services.impl.TeacherServiceImpl.findTeacher(TeacherServiceImpl.java:45)] - Start of authorization
2022-07-07 12:13:40.202 DEBUG [http-nio-8080-exec-5] [data.dao.impl.MySQLDAOFactory.getTeacherDAO(MySQLDAOFactory.java:37)] - MySQLTeacherDAO created
2022-07-07 12:13:40.203 DEBUG [http-nio-8080-exec-5] [data.DataSourcePool.getConnection(DataSourcePool.java:38)] - Connection created
2022-07-07 12:13:40.204 DEBUG [http-nio-8080-exec-5] [application.services.impl.TeacherServiceImpl.findTeacher(TeacherServiceImpl.java:47)] - TeacherDAO created
2022-07-07 12:13:40.209 ERROR [http-nio-8080-exec-5] [data.dao.impl.MySQLTeacherDAO.findTeacher(MySQLTeacherDAO.java:93)] - Teacher with login = asd does not exist
2022-07-07 12:13:40.210 DEBUG [http-nio-8080-exec-5] [data.dao.impl.MySQLTeacherDAO.close(MySQLTeacherDAO.java:145)] - connection was closed
2022-07-07 12:13:40.210 DEBUG [http-nio-8080-exec-5] [data.dao.impl.MySQLTeacherDAO.close(MySQLTeacherDAO.java:153)] - TeacherDAO was closed
2022-07-07 12:13:40.210 ERROR [http-nio-8080-exec-5] [application.services.impl.TeacherServiceImpl.findTeacher(TeacherServiceImpl.java:53)] - Can't authorize as Teacher
2022-07-07 12:13:40.210 INFO [http-nio-8080-exec-5] [presentation.controller.MainPageServlet.doPost(MainPageServlet.java:83)] - Teacher was not found
2022-07-07 12:13:40.210 DEBUG [http-nio-8080-exec-5] [application.services.impl.AdministratorServiceImpl.findAdministrator(AdministratorServiceImpl.java:46)] - Start of authorization
2022-07-07 12:13:40.211 DEBUG [http-nio-8080-exec-5] [data.dao.impl.MySQLDAOFactory.getAdministratorDAO(MySQLDAOFactory.java:13)] - MySQLAdministratorDAO created
2022-07-07 12:13:40.212 DEBUG [http-nio-8080-exec-5] [data.DataSourcePool.getConnection(DataSourcePool.java:38)] - Connection created
2022-07-07 12:13:40.212 DEBUG [http-nio-8080-exec-5] [application.services.impl.AdministratorServiceImpl.findAdministrator(AdministratorServiceImpl.java:49)] - AdministratorDAO created
2022-07-07 12:13:40.216 ERROR [http-nio-8080-exec-5] [data.dao.impl.MySQLAdministratorDAO.findAdministrator(MySQLAdministratorDAO.java:94)] - Administrator with login asd and password asd does not exist
2022-07-07 12:13:40.217 DEBUG [http-nio-8080-exec-5] [data.dao.impl.MySQLAdministratorDAO.close(MySQLAdministratorDAO.java:134)] - connection was closed
2022-07-07 12:13:40.217 DEBUG [http-nio-8080-exec-5] [data.dao.impl.MySQLAdministratorDAO.close(MySQLAdministratorDAO.java:139)] - AdministratorDAO was closed
2022-07-07 12:13:40.217 ERROR [http-nio-8080-exec-5] [application.services.impl.AdministratorServiceImpl.findAdministrator(AdministratorServiceImpl.java:55)] - Can't authorize as administrator
2022-07-07 12:13:40.220 DEBUG [http-nio-8080-exec-6] [presentation.controller.LoginPageServlet.doGet(LoginPageServlet.java:38)] - doGet of /login with forward to login.jsp
2022-07-07 12:30:47.093 DEBUG [main] [presentation.listeners.MyContextListener.contextInitialized(MyContextListener.java:31)] - path = C:\Users\Caruzo\IdeaProjects\Elective\target\Elective\WEB-INF\
2022-07-07 12:30:47.105 DEBUG [main] [presentation.listeners.MyContextListener.contextInitialized(MyContextListener.java:34)] - DAOFactory was set to MySQL implementation
2022-07-07 12:30:47.106 DEBUG [main] [presentation.listeners.MyContextListener.contextInitialized(MyContextListener.java:46)] - Locales list {uk=[Українська], en=[English]}
2022-07-07 12:30:55.700 DEBUG [http-nio-8080-exec-1] [application.services.impl.StudentServiceImpl.<init>(StudentServiceImpl.java:20)] - DAOFactory created => data.dao.impl.MySQLDAOFactory@7e17b24f
2022-07-07 12:30:55.701 DEBUG [http-nio-8080-exec-1] [presentation.controller.MainPageServlet.init(MainPageServlet.java:41)] - StudentService was created
2022-07-07 12:30:55.702 DEBUG [http-nio-8080-exec-1] [application.services.impl.TeacherServiceImpl.<init>(TeacherServiceImpl.java:19)] - DAOFactory created => data.dao.impl.MySQLDAOFactory@7e17b24f
2022-07-07 12:30:55.702 DEBUG [http-nio-8080-exec-1] [presentation.controller.MainPageServlet.init(MainPageServlet.java:43)] - TeacherService was created
2022-07-07 12:30:55.703 DEBUG [http-nio-8080-exec-1] [application.services.impl.AdministratorServiceImpl.<init>(AdministratorServiceImpl.java:20)] - DAOFactory created => data.dao.impl.MySQLDAOFactory@7e17b24f
2022-07-07 12:30:55.704 DEBUG [http-nio-8080-exec-1] [presentation.controller.MainPageServlet.init(MainPageServlet.java:45)] - AdministratorService was created
2022-07-07 12:30:55.707 DEBUG [http-nio-8080-exec-1] [presentation.controller.MainPageServlet.doPost(MainPageServlet.java:61)] - doPost of /main with redirect to main
2022-07-07 12:30:55.708 DEBUG [http-nio-8080-exec-1] [application.services.impl.StudentServiceImpl.findStudent(StudentServiceImpl.java:49)] - Start of authorization
2022-07-07 12:30:55.709 DEBUG [http-nio-8080-exec-1] [data.dao.impl.MySQLDAOFactory.getStudentDAO(MySQLDAOFactory.java:31)] - MySQLStudentDAO created
2022-07-07 12:30:55.714 DEBUG [http-nio-8080-exec-1] [data.DataSourcePool.getConnection(DataSourcePool.java:31)] - Data source created: org.apache.tomcat.dbcp.dbcp2.BasicDataSource@436c26f0
2022-07-07 12:30:55.714 DEBUG [http-nio-8080-exec-1] [data.DataSourcePool.getConnection(DataSourcePool.java:38)] - Connection created
2022-07-07 12:30:56.145 DEBUG [http-nio-8080-exec-1] [application.services.impl.StudentServiceImpl.findStudent(StudentServiceImpl.java:51)] - StudentDAO created
2022-07-07 12:30:56.187 DEBUG [http-nio-8080-exec-1] [data.dao.impl.MySQLStudentDAO.close(MySQLStudentDAO.java:252)] - connection was closed
2022-07-07 12:30:56.187 DEBUG [http-nio-8080-exec-1] [data.dao.impl.MySQLStudentDAO.close(MySQLStudentDAO.java:257)] - StudentDAO was closed
2022-07-07 12:30:56.187 ERROR [http-nio-8080-exec-1] [application.services.impl.StudentServiceImpl.findStudent(StudentServiceImpl.java:69)] - Can't close StudentDAO
java.lang.NumberFormatException: For input string: "asd"
	at java.lang.NumberFormatException.forInputString(NumberFormatException.java:65) ~[?:?]
	at java.lang.Integer.parseInt(Integer.java:652) ~[?:?]
	at java.lang.Integer.parseInt(Integer.java:770) ~[?:?]
	at application.PasswordHashing.validatePassword(PasswordHashing.java:76) ~[classes/:?]
	at application.PasswordHashing.validatePassword(PasswordHashing.java:62) ~[classes/:?]
	at application.services.impl.StudentServiceImpl.findStudent(StudentServiceImpl.java:55) ~[classes/:?]
	at presentation.controller.MainPageServlet.doPost(MainPageServlet.java:66) ~[classes/:?]
	at javax.servlet.http.HttpServlet.service(HttpServlet.java:681) ~[servlet-api.jar:4.0.FR]
	at javax.servlet.http.HttpServlet.service(HttpServlet.java:764) ~[servlet-api.jar:4.0.FR]
	at org.apache.catalina.core.ApplicationFilterChain.internalDoFilter(ApplicationFilterChain.java:227) ~[catalina.jar:9.0.62]
	at org.apache.catalina.core.ApplicationFilterChain.doFilter(ApplicationFilterChain.java:162) ~[catalina.jar:9.0.62]
	at org.apache.tomcat.websocket.server.WsFilter.doFilter(WsFilter.java:53) ~[tomcat-websocket.jar:9.0.62]
	at org.apache.catalina.core.ApplicationFilterChain.internalDoFilter(ApplicationFilterChain.java:189) ~[catalina.jar:9.0.62]
	at org.apache.catalina.core.ApplicationFilterChain.doFilter(ApplicationFilterChain.java:162) ~[catalina.jar:9.0.62]
	at presentation.filters.EncodingFilter.doFilter(EncodingFilter.java:28) ~[classes/:?]
	at org.apache.catalina.core.ApplicationFilterChain.internalDoFilter(ApplicationFilterChain.java:189) ~[catalina.jar:9.0.62]
	at org.apache.catalina.core.ApplicationFilterChain.doFilter(ApplicationFilterChain.java:162) ~[catalina.jar:9.0.62]
	at org.apache.catalina.core.StandardWrapperValve.invoke(StandardWrapperValve.java:197) ~[catalina.jar:9.0.62]
	at org.apache.catalina.core.StandardContextValve.invoke(StandardContextValve.java:97) ~[catalina.jar:9.0.62]
	at org.apache.catalina.authenticator.AuthenticatorBase.invoke(AuthenticatorBase.java:541) ~[catalina.jar:9.0.62]
	at org.apache.catalina.core.StandardHostValve.invoke(StandardHostValve.java:135) ~[catalina.jar:9.0.62]
	at org.apache.catalina.valves.ErrorReportValve.invoke(ErrorReportValve.java:92) ~[catalina.jar:9.0.62]
	at org.apache.catalina.valves.AbstractAccessLogValve.invoke(AbstractAccessLogValve.java:687) ~[catalina.jar:9.0.62]
	at org.apache.catalina.core.StandardEngineValve.invoke(StandardEngineValve.java:78) ~[catalina.jar:9.0.62]
	at org.apache.catalina.connector.CoyoteAdapter.service(CoyoteAdapter.java:360) ~[catalina.jar:9.0.62]
	at org.apache.coyote.http11.Http11Processor.service(Http11Processor.java:399) ~[tomcat-coyote.jar:9.0.62]
	at org.apache.coyote.AbstractProcessorLight.process(AbstractProcessorLight.java:65) ~[tomcat-coyote.jar:9.0.62]
	at org.apache.coyote.AbstractProtocol$ConnectionHandler.process(AbstractProtocol.java:890) ~[tomcat-coyote.jar:9.0.62]
	at org.apache.tomcat.util.net.NioEndpoint$SocketProcessor.doRun(NioEndpoint.java:1743) ~[tomcat-coyote.jar:9.0.62]
	at org.apache.tomcat.util.net.SocketProcessorBase.run(SocketProcessorBase.java:49) ~[tomcat-coyote.jar:9.0.62]
	at org.apache.tomcat.util.threads.ThreadPoolExecutor.runWorker(ThreadPoolExecutor.java:1191) ~[tomcat-util.jar:9.0.62]
	at org.apache.tomcat.util.threads.ThreadPoolExecutor$Worker.run(ThreadPoolExecutor.java:659) ~[tomcat-util.jar:9.0.62]
	at org.apache.tomcat.util.threads.TaskThread$WrappingRunnable.run(TaskThread.java:61) ~[tomcat-util.jar:9.0.62]
	at java.lang.Thread.run(Thread.java:829) ~[?:?]
2022-07-07 12:30:56.195 INFO [http-nio-8080-exec-1] [presentation.controller.MainPageServlet.doPost(MainPageServlet.java:74)] - Student was not found
2022-07-07 12:30:56.196 DEBUG [http-nio-8080-exec-1] [application.services.impl.TeacherServiceImpl.findTeacher(TeacherServiceImpl.java:45)] - Start of authorization
2022-07-07 12:30:56.196 DEBUG [http-nio-8080-exec-1] [data.dao.impl.MySQLDAOFactory.getTeacherDAO(MySQLDAOFactory.java:37)] - MySQLTeacherDAO created
2022-07-07 12:30:56.197 DEBUG [http-nio-8080-exec-1] [data.DataSourcePool.getConnection(DataSourcePool.java:38)] - Connection created
2022-07-07 12:30:56.198 DEBUG [http-nio-8080-exec-1] [application.services.impl.TeacherServiceImpl.findTeacher(TeacherServiceImpl.java:47)] - TeacherDAO created
2022-07-07 12:30:56.200 ERROR [http-nio-8080-exec-1] [data.dao.impl.MySQLTeacherDAO.findTeacher(MySQLTeacherDAO.java:93)] - Teacher with login = asd does not exist
2022-07-07 12:30:56.204 DEBUG [http-nio-8080-exec-1] [data.dao.impl.MySQLTeacherDAO.close(MySQLTeacherDAO.java:145)] - connection was closed
2022-07-07 12:30:56.204 DEBUG [http-nio-8080-exec-1] [data.dao.impl.MySQLTeacherDAO.close(MySQLTeacherDAO.java:153)] - TeacherDAO was closed
2022-07-07 12:30:56.204 ERROR [http-nio-8080-exec-1] [application.services.impl.TeacherServiceImpl.findTeacher(TeacherServiceImpl.java:53)] - Can't authorize as Teacher
2022-07-07 12:30:56.204 INFO [http-nio-8080-exec-1] [presentation.controller.MainPageServlet.doPost(MainPageServlet.java:83)] - Teacher was not found
2022-07-07 12:30:56.204 DEBUG [http-nio-8080-exec-1] [application.services.impl.AdministratorServiceImpl.findAdministrator(AdministratorServiceImpl.java:46)] - Start of authorization
2022-07-07 12:30:56.204 DEBUG [http-nio-8080-exec-1] [data.dao.impl.MySQLDAOFactory.getAdministratorDAO(MySQLDAOFactory.java:13)] - MySQLAdministratorDAO created
2022-07-07 12:30:56.205 DEBUG [http-nio-8080-exec-1] [data.DataSourcePool.getConnection(DataSourcePool.java:38)] - Connection created
2022-07-07 12:30:56.206 DEBUG [http-nio-8080-exec-1] [application.services.impl.AdministratorServiceImpl.findAdministrator(AdministratorServiceImpl.java:49)] - AdministratorDAO created
2022-07-07 12:30:56.208 ERROR [http-nio-8080-exec-1] [data.dao.impl.MySQLAdministratorDAO.findAdministrator(MySQLAdministratorDAO.java:94)] - Administrator with login asd and password asd does not exist
2022-07-07 12:30:56.208 DEBUG [http-nio-8080-exec-1] [data.dao.impl.MySQLAdministratorDAO.close(MySQLAdministratorDAO.java:134)] - connection was closed
2022-07-07 12:30:56.208 DEBUG [http-nio-8080-exec-1] [data.dao.impl.MySQLAdministratorDAO.close(MySQLAdministratorDAO.java:139)] - AdministratorDAO was closed
2022-07-07 12:30:56.208 ERROR [http-nio-8080-exec-1] [application.services.impl.AdministratorServiceImpl.findAdministrator(AdministratorServiceImpl.java:55)] - Can't authorize as administrator
2022-07-07 12:30:56.215 DEBUG [http-nio-8080-exec-2] [presentation.controller.LoginPageServlet.init(LoginPageServlet.java:31)] - creating studentService
2022-07-07 12:30:56.215 DEBUG [http-nio-8080-exec-2] [application.services.impl.StudentServiceImpl.<init>(StudentServiceImpl.java:20)] - DAOFactory created => data.dao.impl.MySQLDAOFactory@7e17b24f
2022-07-07 12:30:56.215 DEBUG [http-nio-8080-exec-2] [presentation.controller.LoginPageServlet.init(LoginPageServlet.java:33)] - StudentService was created
2022-07-07 12:30:56.215 DEBUG [http-nio-8080-exec-2] [presentation.controller.LoginPageServlet.doGet(LoginPageServlet.java:38)] - doGet of /login with forward to login.jsp
2022-07-07 12:32:08.609 DEBUG [http-nio-8080-exec-8] [presentation.controller.MainPageServlet.doPost(MainPageServlet.java:61)] - doPost of /main with redirect to main
2022-07-07 12:32:08.610 DEBUG [http-nio-8080-exec-8] [application.services.impl.StudentServiceImpl.findStudent(StudentServiceImpl.java:49)] - Start of authorization
2022-07-07 12:32:08.610 DEBUG [http-nio-8080-exec-8] [data.dao.impl.MySQLDAOFactory.getStudentDAO(MySQLDAOFactory.java:31)] - MySQLStudentDAO created
2022-07-07 12:32:08.610 DEBUG [http-nio-8080-exec-8] [data.DataSourcePool.getConnection(DataSourcePool.java:38)] - Connection created
2022-07-07 12:32:08.611 DEBUG [http-nio-8080-exec-8] [application.services.impl.StudentServiceImpl.findStudent(StudentServiceImpl.java:51)] - StudentDAO created
2022-07-07 12:32:08.613 DEBUG [http-nio-8080-exec-8] [data.dao.impl.MySQLStudentDAO.close(MySQLStudentDAO.java:252)] - connection was closed
2022-07-07 12:32:08.613 DEBUG [http-nio-8080-exec-8] [data.dao.impl.MySQLStudentDAO.close(MySQLStudentDAO.java:257)] - StudentDAO was closed
2022-07-07 12:32:08.614 ERROR [http-nio-8080-exec-8] [application.services.impl.StudentServiceImpl.findStudent(StudentServiceImpl.java:69)] - Can't close StudentDAO
java.lang.NumberFormatException: For input string: "asd"
	at java.lang.NumberFormatException.forInputString(NumberFormatException.java:65) ~[?:?]
	at java.lang.Integer.parseInt(Integer.java:652) ~[?:?]
	at java.lang.Integer.parseInt(Integer.java:770) ~[?:?]
	at application.PasswordHashing.validatePassword(PasswordHashing.java:76) ~[classes/:?]
	at application.PasswordHashing.validatePassword(PasswordHashing.java:62) ~[classes/:?]
	at application.services.impl.StudentServiceImpl.findStudent(StudentServiceImpl.java:55) ~[classes/:?]
	at presentation.controller.MainPageServlet.doPost(MainPageServlet.java:66) ~[classes/:?]
	at javax.servlet.http.HttpServlet.service(HttpServlet.java:681) ~[servlet-api.jar:4.0.FR]
	at javax.servlet.http.HttpServlet.service(HttpServlet.java:764) ~[servlet-api.jar:4.0.FR]
	at org.apache.catalina.core.ApplicationFilterChain.internalDoFilter(ApplicationFilterChain.java:227) ~[catalina.jar:9.0.62]
	at org.apache.catalina.core.ApplicationFilterChain.doFilter(ApplicationFilterChain.java:162) ~[catalina.jar:9.0.62]
	at org.apache.tomcat.websocket.server.WsFilter.doFilter(WsFilter.java:53) ~[tomcat-websocket.jar:9.0.62]
	at org.apache.catalina.core.ApplicationFilterChain.internalDoFilter(ApplicationFilterChain.java:189) ~[catalina.jar:9.0.62]
	at org.apache.catalina.core.ApplicationFilterChain.doFilter(ApplicationFilterChain.java:162) ~[catalina.jar:9.0.62]
	at presentation.filters.EncodingFilter.doFilter(EncodingFilter.java:28) ~[classes/:?]
	at org.apache.catalina.core.ApplicationFilterChain.internalDoFilter(ApplicationFilterChain.java:189) ~[catalina.jar:9.0.62]
	at org.apache.catalina.core.ApplicationFilterChain.doFilter(ApplicationFilterChain.java:162) ~[catalina.jar:9.0.62]
	at org.apache.catalina.core.StandardWrapperValve.invoke(StandardWrapperValve.java:197) ~[catalina.jar:9.0.62]
	at org.apache.catalina.core.StandardContextValve.invoke(StandardContextValve.java:97) ~[catalina.jar:9.0.62]
	at org.apache.catalina.authenticator.AuthenticatorBase.invoke(AuthenticatorBase.java:541) ~[catalina.jar:9.0.62]
	at org.apache.catalina.core.StandardHostValve.invoke(StandardHostValve.java:135) ~[catalina.jar:9.0.62]
	at org.apache.catalina.valves.ErrorReportValve.invoke(ErrorReportValve.java:92) ~[catalina.jar:9.0.62]
	at org.apache.catalina.valves.AbstractAccessLogValve.invoke(AbstractAccessLogValve.java:687) ~[catalina.jar:9.0.62]
	at org.apache.catalina.core.StandardEngineValve.invoke(StandardEngineValve.java:78) ~[catalina.jar:9.0.62]
	at org.apache.catalina.connector.CoyoteAdapter.service(CoyoteAdapter.java:360) ~[catalina.jar:9.0.62]
	at org.apache.coyote.http11.Http11Processor.service(Http11Processor.java:399) ~[tomcat-coyote.jar:9.0.62]
	at org.apache.coyote.AbstractProcessorLight.process(AbstractProcessorLight.java:65) ~[tomcat-coyote.jar:9.0.62]
	at org.apache.coyote.AbstractProtocol$ConnectionHandler.process(AbstractProtocol.java:890) ~[tomcat-coyote.jar:9.0.62]
	at org.apache.tomcat.util.net.NioEndpoint$SocketProcessor.doRun(NioEndpoint.java:1743) ~[tomcat-coyote.jar:9.0.62]
	at org.apache.tomcat.util.net.SocketProcessorBase.run(SocketProcessorBase.java:49) ~[tomcat-coyote.jar:9.0.62]
	at org.apache.tomcat.util.threads.ThreadPoolExecutor.runWorker(ThreadPoolExecutor.java:1191) ~[tomcat-util.jar:9.0.62]
	at org.apache.tomcat.util.threads.ThreadPoolExecutor$Worker.run(ThreadPoolExecutor.java:659) ~[tomcat-util.jar:9.0.62]
	at org.apache.tomcat.util.threads.TaskThread$WrappingRunnable.run(TaskThread.java:61) ~[tomcat-util.jar:9.0.62]
	at java.lang.Thread.run(Thread.java:829) ~[?:?]
2022-07-07 12:32:08.617 INFO [http-nio-8080-exec-8] [presentation.controller.MainPageServlet.doPost(MainPageServlet.java:74)] - Student was not found
2022-07-07 12:32:08.617 DEBUG [http-nio-8080-exec-8] [application.services.impl.TeacherServiceImpl.findTeacher(TeacherServiceImpl.java:45)] - Start of authorization
2022-07-07 12:32:08.617 DEBUG [http-nio-8080-exec-8] [data.dao.impl.MySQLDAOFactory.getTeacherDAO(MySQLDAOFactory.java:37)] - MySQLTeacherDAO created
2022-07-07 12:32:08.617 DEBUG [http-nio-8080-exec-8] [data.DataSourcePool.getConnection(DataSourcePool.java:38)] - Connection created
2022-07-07 12:32:08.618 DEBUG [http-nio-8080-exec-8] [application.services.impl.TeacherServiceImpl.findTeacher(TeacherServiceImpl.java:47)] - TeacherDAO created
2022-07-07 12:32:08.619 ERROR [http-nio-8080-exec-8] [data.dao.impl.MySQLTeacherDAO.findTeacher(MySQLTeacherDAO.java:93)] - Teacher with login = zxc does not exist
2022-07-07 12:32:08.619 DEBUG [http-nio-8080-exec-8] [data.dao.impl.MySQLTeacherDAO.close(MySQLTeacherDAO.java:145)] - connection was closed
2022-07-07 12:32:08.619 DEBUG [http-nio-8080-exec-8] [data.dao.impl.MySQLTeacherDAO.close(MySQLTeacherDAO.java:153)] - TeacherDAO was closed
2022-07-07 12:32:08.619 ERROR [http-nio-8080-exec-8] [application.services.impl.TeacherServiceImpl.findTeacher(TeacherServiceImpl.java:53)] - Can't authorize as Teacher
2022-07-07 12:32:08.619 INFO [http-nio-8080-exec-8] [presentation.controller.MainPageServlet.doPost(MainPageServlet.java:83)] - Teacher was not found
2022-07-07 12:32:08.619 DEBUG [http-nio-8080-exec-8] [application.services.impl.AdministratorServiceImpl.findAdministrator(AdministratorServiceImpl.java:46)] - Start of authorization
2022-07-07 12:32:08.619 DEBUG [http-nio-8080-exec-8] [data.dao.impl.MySQLDAOFactory.getAdministratorDAO(MySQLDAOFactory.java:13)] - MySQLAdministratorDAO created
2022-07-07 12:32:08.619 DEBUG [http-nio-8080-exec-8] [data.DataSourcePool.getConnection(DataSourcePool.java:38)] - Connection created
2022-07-07 12:32:08.620 DEBUG [http-nio-8080-exec-8] [application.services.impl.AdministratorServiceImpl.findAdministrator(AdministratorServiceImpl.java:49)] - AdministratorDAO created
2022-07-07 12:32:08.621 ERROR [http-nio-8080-exec-8] [data.dao.impl.MySQLAdministratorDAO.findAdministrator(MySQLAdministratorDAO.java:94)] - Administrator with login zxc and password asd does not exist
2022-07-07 12:32:08.621 DEBUG [http-nio-8080-exec-8] [data.dao.impl.MySQLAdministratorDAO.close(MySQLAdministratorDAO.java:134)] - connection was closed
2022-07-07 12:32:08.622 DEBUG [http-nio-8080-exec-8] [data.dao.impl.MySQLAdministratorDAO.close(MySQLAdministratorDAO.java:139)] - AdministratorDAO was closed
2022-07-07 12:32:08.622 ERROR [http-nio-8080-exec-8] [application.services.impl.AdministratorServiceImpl.findAdministrator(AdministratorServiceImpl.java:55)] - Can't authorize as administrator
2022-07-07 12:32:08.625 DEBUG [http-nio-8080-exec-5] [presentation.controller.LoginPageServlet.doGet(LoginPageServlet.java:38)] - doGet of /login with forward to login.jsp
2022-07-07 12:35:31.580 DEBUG [Catalina-utility-1] [presentation.listeners.MyContextListener.contextInitialized(MyContextListener.java:31)] - path = C:\Users\Caruzo\IdeaProjects\Elective\target\Elective\WEB-INF\
2022-07-07 12:35:31.591 DEBUG [Catalina-utility-1] [presentation.listeners.MyContextListener.contextInitialized(MyContextListener.java:34)] - DAOFactory was set to MySQL implementation
2022-07-07 12:35:31.592 DEBUG [Catalina-utility-1] [presentation.listeners.MyContextListener.contextInitialized(MyContextListener.java:46)] - Locales list {uk=[Українська], en=[English]}
2022-07-07 12:35:39.626 DEBUG [http-nio-8080-exec-2] [application.services.impl.StudentServiceImpl.<init>(StudentServiceImpl.java:20)] - DAOFactory created => data.dao.impl.MySQLDAOFactory@2c57e5fb
2022-07-07 12:35:39.626 DEBUG [http-nio-8080-exec-2] [presentation.controller.MainPageServlet.init(MainPageServlet.java:41)] - StudentService was created
2022-07-07 12:35:39.627 DEBUG [http-nio-8080-exec-2] [application.services.impl.TeacherServiceImpl.<init>(TeacherServiceImpl.java:19)] - DAOFactory created => data.dao.impl.MySQLDAOFactory@2c57e5fb
2022-07-07 12:35:39.627 DEBUG [http-nio-8080-exec-2] [presentation.controller.MainPageServlet.init(MainPageServlet.java:43)] - TeacherService was created
2022-07-07 12:35:39.628 DEBUG [http-nio-8080-exec-2] [application.services.impl.AdministratorServiceImpl.<init>(AdministratorServiceImpl.java:20)] - DAOFactory created => data.dao.impl.MySQLDAOFactory@2c57e5fb
2022-07-07 12:35:39.628 DEBUG [http-nio-8080-exec-2] [presentation.controller.MainPageServlet.init(MainPageServlet.java:45)] - AdministratorService was created
2022-07-07 12:35:39.628 DEBUG [http-nio-8080-exec-2] [presentation.controller.MainPageServlet.doPost(MainPageServlet.java:61)] - doPost of /main with redirect to main
2022-07-07 12:35:39.628 DEBUG [http-nio-8080-exec-2] [application.services.impl.StudentServiceImpl.findStudent(StudentServiceImpl.java:49)] - Start of authorization
2022-07-07 12:35:39.628 DEBUG [http-nio-8080-exec-2] [data.dao.impl.MySQLDAOFactory.getStudentDAO(MySQLDAOFactory.java:31)] - MySQLStudentDAO created
2022-07-07 12:35:39.635 DEBUG [http-nio-8080-exec-2] [data.DataSourcePool.getConnection(DataSourcePool.java:31)] - Data source created: org.apache.tomcat.dbcp.dbcp2.BasicDataSource@4015405
2022-07-07 12:35:39.635 DEBUG [http-nio-8080-exec-2] [data.DataSourcePool.getConnection(DataSourcePool.java:38)] - Connection created
2022-07-07 12:35:39.882 DEBUG [http-nio-8080-exec-2] [application.services.impl.StudentServiceImpl.findStudent(StudentServiceImpl.java:51)] - StudentDAO created
2022-07-07 12:35:39.931 DEBUG [http-nio-8080-exec-2] [data.dao.impl.MySQLStudentDAO.close(MySQLStudentDAO.java:252)] - connection was closed
2022-07-07 12:35:39.931 DEBUG [http-nio-8080-exec-2] [data.dao.impl.MySQLStudentDAO.close(MySQLStudentDAO.java:257)] - StudentDAO was closed
2022-07-07 12:35:39.932 INFO [http-nio-8080-exec-2] [presentation.controller.MainPageServlet.doPost(MainPageServlet.java:70)] - You was logged as application.entity.Student@52
2022-07-07 12:35:39.937 DEBUG [http-nio-8080-exec-5] [presentation.controller.MainPageServlet.doGet(MainPageServlet.java:50)] - doGet of /main with forward to main.jsp
2022-07-07 15:13:22.170 DEBUG [main] [presentation.listeners.MyContextListener.contextInitialized(MyContextListener.java:31)] - path = C:\Users\Caruzo\IdeaProjects\Elective\target\Elective\WEB-INF\
2022-07-07 15:13:22.184 DEBUG [main] [presentation.listeners.MyContextListener.contextInitialized(MyContextListener.java:34)] - DAOFactory was set to MySQL implementation
2022-07-07 15:13:22.185 DEBUG [main] [presentation.listeners.MyContextListener.contextInitialized(MyContextListener.java:46)] - Locales list {uk=[Українська], en=[English]}
2022-07-07 15:13:39.800 DEBUG [http-nio-8080-exec-1] [application.services.impl.StudentServiceImpl.<init>(StudentServiceImpl.java:20)] - DAOFactory created => data.dao.impl.MySQLDAOFactory@542c2372
2022-07-07 15:13:39.800 DEBUG [http-nio-8080-exec-1] [presentation.controller.MainPageServlet.init(MainPageServlet.java:41)] - StudentService was created
2022-07-07 15:13:39.802 DEBUG [http-nio-8080-exec-1] [application.services.impl.TeacherServiceImpl.<init>(TeacherServiceImpl.java:20)] - DAOFactory created => data.dao.impl.MySQLDAOFactory@542c2372
2022-07-07 15:13:39.802 DEBUG [http-nio-8080-exec-1] [presentation.controller.MainPageServlet.init(MainPageServlet.java:43)] - TeacherService was created
2022-07-07 15:13:39.803 DEBUG [http-nio-8080-exec-1] [application.services.impl.AdministratorServiceImpl.<init>(AdministratorServiceImpl.java:21)] - DAOFactory created => data.dao.impl.MySQLDAOFactory@542c2372
2022-07-07 15:13:39.803 DEBUG [http-nio-8080-exec-1] [presentation.controller.MainPageServlet.init(MainPageServlet.java:45)] - AdministratorService was created
2022-07-07 15:13:39.807 DEBUG [http-nio-8080-exec-1] [presentation.controller.MainPageServlet.doGet(MainPageServlet.java:50)] - doGet of /main with forward to main.jsp
2022-07-07 15:14:21.262 DEBUG [http-nio-8080-exec-4] [presentation.controller.LoginPageServlet.init(LoginPageServlet.java:31)] - creating studentService
2022-07-07 15:14:21.262 DEBUG [http-nio-8080-exec-4] [application.services.impl.StudentServiceImpl.<init>(StudentServiceImpl.java:20)] - DAOFactory created => data.dao.impl.MySQLDAOFactory@542c2372
2022-07-07 15:14:21.262 DEBUG [http-nio-8080-exec-4] [presentation.controller.LoginPageServlet.init(LoginPageServlet.java:33)] - StudentService was created
2022-07-07 15:14:21.263 DEBUG [http-nio-8080-exec-4] [presentation.controller.LoginPageServlet.doGet(LoginPageServlet.java:38)] - doGet of /login with forward to login.jsp
2022-07-07 15:14:24.324 DEBUG [http-nio-8080-exec-5] [presentation.controller.MainPageServlet.doPost(MainPageServlet.java:61)] - doPost of /main with redirect to main
2022-07-07 15:14:24.325 DEBUG [http-nio-8080-exec-5] [application.services.impl.StudentServiceImpl.authorizeStudent(StudentServiceImpl.java:49)] - Start of authorization
2022-07-07 15:14:24.325 DEBUG [http-nio-8080-exec-5] [data.dao.impl.MySQLDAOFactory.getStudentDAO(MySQLDAOFactory.java:31)] - MySQLStudentDAO created
2022-07-07 15:14:24.333 DEBUG [http-nio-8080-exec-5] [data.DataSourcePool.getConnection(DataSourcePool.java:31)] - Data source created: org.apache.tomcat.dbcp.dbcp2.BasicDataSource@5afc0d40
2022-07-07 15:14:24.333 DEBUG [http-nio-8080-exec-5] [data.DataSourcePool.getConnection(DataSourcePool.java:38)] - Connection created
2022-07-07 15:14:24.744 DEBUG [http-nio-8080-exec-5] [application.services.impl.StudentServiceImpl.authorizeStudent(StudentServiceImpl.java:51)] - StudentDAO created
2022-07-07 15:14:24.801 DEBUG [http-nio-8080-exec-5] [data.dao.impl.MySQLStudentDAO.close(MySQLStudentDAO.java:217)] - connection was closed
2022-07-07 15:14:24.801 DEBUG [http-nio-8080-exec-5] [data.dao.impl.MySQLStudentDAO.close(MySQLStudentDAO.java:222)] - StudentDAO was closed
2022-07-07 15:14:24.802 INFO [http-nio-8080-exec-5] [presentation.controller.MainPageServlet.doPost(MainPageServlet.java:70)] - You was logged as application.entity.Student@52
2022-07-07 15:14:24.806 DEBUG [http-nio-8080-exec-6] [presentation.controller.MainPageServlet.doGet(MainPageServlet.java:50)] - doGet of /main with forward to main.jsp
2022-07-07 15:15:10.013 DEBUG [http-nio-8080-exec-9] [presentation.controller.LogoutServlet.doGet(LogoutServlet.java:25)] - doGet of /logout with redirect to main.jsp
2022-07-07 15:15:10.017 DEBUG [http-nio-8080-exec-10] [presentation.controller.MainPageServlet.doGet(MainPageServlet.java:50)] - doGet of /main with forward to main.jsp
2022-07-07 15:16:11.395 DEBUG [Catalina-utility-2] [presentation.listeners.MyContextListener.contextInitialized(MyContextListener.java:31)] - path = C:\Users\Caruzo\IdeaProjects\Elective\target\Elective\WEB-INF\
2022-07-07 15:16:11.406 DEBUG [Catalina-utility-2] [presentation.listeners.MyContextListener.contextInitialized(MyContextListener.java:34)] - DAOFactory was set to MySQL implementation
2022-07-07 15:16:11.408 DEBUG [Catalina-utility-2] [presentation.listeners.MyContextListener.contextInitialized(MyContextListener.java:46)] - Locales list {uk=[Українська], en=[English]}
2022-07-07 15:16:25.318 DEBUG [http-nio-8080-exec-1] [application.services.impl.StudentServiceImpl.<init>(StudentServiceImpl.java:20)] - DAOFactory created => data.dao.impl.MySQLDAOFactory@39c029d5
2022-07-07 15:16:25.319 DEBUG [http-nio-8080-exec-1] [presentation.controller.MainPageServlet.init(MainPageServlet.java:41)] - StudentService was created
2022-07-07 15:16:25.320 DEBUG [http-nio-8080-exec-1] [application.services.impl.TeacherServiceImpl.<init>(TeacherServiceImpl.java:20)] - DAOFactory created => data.dao.impl.MySQLDAOFactory@39c029d5
2022-07-07 15:16:25.320 DEBUG [http-nio-8080-exec-1] [presentation.controller.MainPageServlet.init(MainPageServlet.java:43)] - TeacherService was created
2022-07-07 15:16:25.321 DEBUG [http-nio-8080-exec-1] [application.services.impl.AdministratorServiceImpl.<init>(AdministratorServiceImpl.java:21)] - DAOFactory created => data.dao.impl.MySQLDAOFactory@39c029d5
2022-07-07 15:16:25.321 DEBUG [http-nio-8080-exec-1] [presentation.controller.MainPageServlet.init(MainPageServlet.java:45)] - AdministratorService was created
2022-07-07 15:16:25.321 DEBUG [http-nio-8080-exec-1] [presentation.controller.MainPageServlet.doGet(MainPageServlet.java:50)] - doGet of /main with forward to main.jsp
2022-07-07 15:16:32.091 DEBUG [http-nio-8080-exec-8] [presentation.controller.LoginPageServlet.init(LoginPageServlet.java:31)] - creating studentService
2022-07-07 15:16:32.091 DEBUG [http-nio-8080-exec-8] [application.services.impl.StudentServiceImpl.<init>(StudentServiceImpl.java:20)] - DAOFactory created => data.dao.impl.MySQLDAOFactory@39c029d5
2022-07-07 15:16:32.091 DEBUG [http-nio-8080-exec-8] [presentation.controller.LoginPageServlet.init(LoginPageServlet.java:33)] - StudentService was created
2022-07-07 15:16:32.091 DEBUG [http-nio-8080-exec-8] [presentation.controller.LoginPageServlet.doGet(LoginPageServlet.java:38)] - doGet of /login with forward to login.jsp
2022-07-07 15:16:39.849 DEBUG [http-nio-8080-exec-5] [presentation.controller.MainPageServlet.doPost(MainPageServlet.java:61)] - doPost of /main with redirect to main
2022-07-07 15:16:39.849 DEBUG [http-nio-8080-exec-5] [application.services.impl.StudentServiceImpl.authorizeStudent(StudentServiceImpl.java:49)] - Start of authorization
2022-07-07 15:16:39.849 DEBUG [http-nio-8080-exec-5] [data.dao.impl.MySQLDAOFactory.getStudentDAO(MySQLDAOFactory.java:31)] - MySQLStudentDAO created
2022-07-07 15:16:39.855 DEBUG [http-nio-8080-exec-5] [data.DataSourcePool.getConnection(DataSourcePool.java:31)] - Data source created: org.apache.tomcat.dbcp.dbcp2.BasicDataSource@9cd58f1
2022-07-07 15:16:39.855 DEBUG [http-nio-8080-exec-5] [data.DataSourcePool.getConnection(DataSourcePool.java:38)] - Connection created
2022-07-07 15:16:40.094 DEBUG [http-nio-8080-exec-5] [application.services.impl.StudentServiceImpl.authorizeStudent(StudentServiceImpl.java:51)] - StudentDAO created
2022-07-07 15:16:40.140 DEBUG [http-nio-8080-exec-5] [data.dao.impl.MySQLStudentDAO.close(MySQLStudentDAO.java:217)] - connection was closed
2022-07-07 15:16:40.140 DEBUG [http-nio-8080-exec-5] [data.dao.impl.MySQLStudentDAO.close(MySQLStudentDAO.java:222)] - StudentDAO was closed
2022-07-07 15:16:40.140 INFO [http-nio-8080-exec-5] [presentation.controller.MainPageServlet.doPost(MainPageServlet.java:70)] - You was logged as application.entity.Student@52
2022-07-07 15:16:40.142 DEBUG [http-nio-8080-exec-10] [presentation.controller.MainPageServlet.doGet(MainPageServlet.java:50)] - doGet of /main with forward to main.jsp
2022-07-07 15:16:42.930 INFO [http-nio-8080-exec-4] [presentation.controller.ChangeLocaleServlet.doPost(ChangeLocaleServlet.java:24)] - Changing locale with forward to changelocale.jsp
2022-07-07 15:16:42.983 DEBUG [http-nio-8080-exec-2] [presentation.controller.MainPageServlet.doGet(MainPageServlet.java:50)] - doGet of /main with forward to main.jsp
2022-07-07 15:16:49.631 INFO [http-nio-8080-exec-9] [presentation.controller.ChangeLocaleServlet.doPost(ChangeLocaleServlet.java:24)] - Changing locale with forward to changelocale.jsp
2022-07-07 15:16:49.639 DEBUG [http-nio-8080-exec-7] [presentation.controller.MainPageServlet.doGet(MainPageServlet.java:50)] - doGet of /main with forward to main.jsp
2022-07-07 15:23:00.828 DEBUG [Catalina-utility-2] [presentation.listeners.MyContextListener.contextInitialized(MyContextListener.java:31)] - path = C:\Users\Caruzo\IdeaProjects\Elective\target\Elective\WEB-INF\
2022-07-07 15:23:00.840 DEBUG [Catalina-utility-2] [presentation.listeners.MyContextListener.contextInitialized(MyContextListener.java:34)] - DAOFactory was set to MySQL implementation
2022-07-07 15:23:00.841 DEBUG [Catalina-utility-2] [presentation.listeners.MyContextListener.contextInitialized(MyContextListener.java:46)] - Locales list {uk=[Українська], en=[English]}
2022-07-07 15:23:02.482 DEBUG [http-nio-8080-exec-20] [application.services.impl.StudentServiceImpl.<init>(StudentServiceImpl.java:20)] - DAOFactory created => data.dao.impl.MySQLDAOFactory@480e1fc2
2022-07-07 15:23:02.482 DEBUG [http-nio-8080-exec-20] [presentation.controller.MainPageServlet.init(MainPageServlet.java:41)] - StudentService was created
2022-07-07 15:23:02.483 DEBUG [http-nio-8080-exec-20] [application.services.impl.TeacherServiceImpl.<init>(TeacherServiceImpl.java:20)] - DAOFactory created => data.dao.impl.MySQLDAOFactory@480e1fc2
2022-07-07 15:23:02.483 DEBUG [http-nio-8080-exec-20] [presentation.controller.MainPageServlet.init(MainPageServlet.java:43)] - TeacherService was created
2022-07-07 15:23:02.484 DEBUG [http-nio-8080-exec-20] [application.services.impl.AdministratorServiceImpl.<init>(AdministratorServiceImpl.java:21)] - DAOFactory created => data.dao.impl.MySQLDAOFactory@480e1fc2
2022-07-07 15:23:02.485 DEBUG [http-nio-8080-exec-20] [presentation.controller.MainPageServlet.init(MainPageServlet.java:45)] - AdministratorService was created
2022-07-07 15:23:02.485 DEBUG [http-nio-8080-exec-20] [presentation.controller.MainPageServlet.doGet(MainPageServlet.java:50)] - doGet of /main with forward to main.jsp
2022-07-07 15:23:05.371 DEBUG [http-nio-8080-exec-11] [presentation.controller.LogoutServlet.doGet(LogoutServlet.java:25)] - doGet of /logout with redirect to main.jsp
2022-07-07 15:23:05.376 DEBUG [http-nio-8080-exec-15] [presentation.controller.MainPageServlet.doGet(MainPageServlet.java:50)] - doGet of /main with forward to main.jsp
2022-07-07 15:23:06.393 DEBUG [http-nio-8080-exec-14] [presentation.controller.LoginPageServlet.init(LoginPageServlet.java:31)] - creating studentService
2022-07-07 15:23:06.393 DEBUG [http-nio-8080-exec-14] [application.services.impl.StudentServiceImpl.<init>(StudentServiceImpl.java:20)] - DAOFactory created => data.dao.impl.MySQLDAOFactory@480e1fc2
2022-07-07 15:23:06.393 DEBUG [http-nio-8080-exec-14] [presentation.controller.LoginPageServlet.init(LoginPageServlet.java:33)] - StudentService was created
2022-07-07 15:23:06.393 DEBUG [http-nio-8080-exec-14] [presentation.controller.LoginPageServlet.doGet(LoginPageServlet.java:38)] - doGet of /login with forward to login.jsp
2022-07-07 15:23:09.349 DEBUG [http-nio-8080-exec-13] [presentation.controller.MainPageServlet.doPost(MainPageServlet.java:61)] - doPost of /main with redirect to main
2022-07-07 15:23:09.349 DEBUG [http-nio-8080-exec-13] [application.services.impl.StudentServiceImpl.authorizeStudent(StudentServiceImpl.java:49)] - Start of authorization
2022-07-07 15:23:09.349 DEBUG [http-nio-8080-exec-13] [data.dao.impl.MySQLDAOFactory.getStudentDAO(MySQLDAOFactory.java:31)] - MySQLStudentDAO created
2022-07-07 15:23:09.354 DEBUG [http-nio-8080-exec-13] [data.DataSourcePool.getConnection(DataSourcePool.java:31)] - Data source created: org.apache.tomcat.dbcp.dbcp2.BasicDataSource@6b0902b8
2022-07-07 15:23:09.355 DEBUG [http-nio-8080-exec-13] [data.DataSourcePool.getConnection(DataSourcePool.java:38)] - Connection created
2022-07-07 15:23:09.599 DEBUG [http-nio-8080-exec-13] [application.services.impl.StudentServiceImpl.authorizeStudent(StudentServiceImpl.java:51)] - StudentDAO created
2022-07-07 15:23:09.644 DEBUG [http-nio-8080-exec-13] [data.dao.impl.MySQLStudentDAO.close(MySQLStudentDAO.java:217)] - connection was closed
2022-07-07 15:23:09.644 DEBUG [http-nio-8080-exec-13] [data.dao.impl.MySQLStudentDAO.close(MySQLStudentDAO.java:222)] - StudentDAO was closed
2022-07-07 15:23:09.644 INFO [http-nio-8080-exec-13] [presentation.controller.MainPageServlet.doPost(MainPageServlet.java:70)] - You was logged as application.entity.Student@52
2022-07-07 15:23:09.648 DEBUG [http-nio-8080-exec-19] [presentation.controller.MainPageServlet.doGet(MainPageServlet.java:50)] - doGet of /main with forward to main.jsp
2022-07-07 15:23:12.005 INFO [http-nio-8080-exec-18] [presentation.controller.ChangeLocaleServlet.doPost(ChangeLocaleServlet.java:24)] - Changing locale with forward to changelocale.jsp
2022-07-07 15:23:12.019 DEBUG [http-nio-8080-exec-17] [presentation.controller.MainPageServlet.doGet(MainPageServlet.java:50)] - doGet of /main with forward to main.jsp
2022-07-07 15:23:13.276 INFO [http-nio-8080-exec-16] [presentation.controller.ChangeLocaleServlet.doPost(ChangeLocaleServlet.java:24)] - Changing locale with forward to changelocale.jsp
2022-07-07 15:23:13.283 DEBUG [http-nio-8080-exec-12] [presentation.controller.MainPageServlet.doGet(MainPageServlet.java:50)] - doGet of /main with forward to main.jsp
2022-07-07 15:23:14.896 INFO [http-nio-8080-exec-21] [presentation.controller.ChangeLocaleServlet.doPost(ChangeLocaleServlet.java:24)] - Changing locale with forward to changelocale.jsp
2022-07-07 15:23:14.900 DEBUG [http-nio-8080-exec-22] [presentation.controller.MainPageServlet.doGet(MainPageServlet.java:50)] - doGet of /main with forward to main.jsp
2022-07-07 15:26:05.392 DEBUG [http-nio-8080-exec-24] [presentation.controller.MainPageServlet.doGet(MainPageServlet.java:50)] - doGet of /main with forward to main.jsp
2022-07-07 15:26:07.653 INFO [http-nio-8080-exec-25] [presentation.controller.ChangeLocaleServlet.doPost(ChangeLocaleServlet.java:24)] - Changing locale with forward to changelocale.jsp
2022-07-07 15:26:07.659 DEBUG [http-nio-8080-exec-26] [presentation.controller.MainPageServlet.doGet(MainPageServlet.java:50)] - doGet of /main with forward to main.jsp
2022-07-07 15:26:10.164 DEBUG [Catalina-utility-2] [presentation.listeners.MyContextListener.contextInitialized(MyContextListener.java:31)] - path = C:\Users\Caruzo\IdeaProjects\Elective\target\Elective\WEB-INF\
2022-07-07 15:26:10.176 DEBUG [Catalina-utility-2] [presentation.listeners.MyContextListener.contextInitialized(MyContextListener.java:34)] - DAOFactory was set to MySQL implementation
2022-07-07 15:26:10.177 DEBUG [Catalina-utility-2] [presentation.listeners.MyContextListener.contextInitialized(MyContextListener.java:46)] - Locales list {uk=[Українська], en=[English]}
2022-07-07 15:26:10.883 INFO [http-nio-8080-exec-23] [presentation.controller.ChangeLocaleServlet.doPost(ChangeLocaleServlet.java:24)] - Changing locale with forward to changelocale.jsp
2022-07-07 15:26:10.918 DEBUG [http-nio-8080-exec-25] [application.services.impl.StudentServiceImpl.<init>(StudentServiceImpl.java:20)] - DAOFactory created => data.dao.impl.MySQLDAOFactory@605bb6e5
2022-07-07 15:26:10.918 DEBUG [http-nio-8080-exec-25] [presentation.controller.MainPageServlet.init(MainPageServlet.java:41)] - StudentService was created
2022-07-07 15:26:10.919 DEBUG [http-nio-8080-exec-25] [application.services.impl.TeacherServiceImpl.<init>(TeacherServiceImpl.java:20)] - DAOFactory created => data.dao.impl.MySQLDAOFactory@605bb6e5
2022-07-07 15:26:10.919 DEBUG [http-nio-8080-exec-25] [presentation.controller.MainPageServlet.init(MainPageServlet.java:43)] - TeacherService was created
2022-07-07 15:26:10.920 DEBUG [http-nio-8080-exec-25] [application.services.impl.AdministratorServiceImpl.<init>(AdministratorServiceImpl.java:21)] - DAOFactory created => data.dao.impl.MySQLDAOFactory@605bb6e5
2022-07-07 15:26:10.920 DEBUG [http-nio-8080-exec-25] [presentation.controller.MainPageServlet.init(MainPageServlet.java:45)] - AdministratorService was created
2022-07-07 15:26:10.920 DEBUG [http-nio-8080-exec-25] [presentation.controller.MainPageServlet.doGet(MainPageServlet.java:50)] - doGet of /main with forward to main.jsp
2022-07-07 15:26:12.428 INFO [http-nio-8080-exec-28] [presentation.controller.ChangeLocaleServlet.doPost(ChangeLocaleServlet.java:24)] - Changing locale with forward to changelocale.jsp
2022-07-07 15:26:12.433 DEBUG [http-nio-8080-exec-26] [presentation.controller.MainPageServlet.doGet(MainPageServlet.java:50)] - doGet of /main with forward to main.jsp
2022-07-07 15:26:17.228 INFO [http-nio-8080-exec-22] [presentation.controller.ChangeLocaleServlet.doPost(ChangeLocaleServlet.java:24)] - Changing locale with forward to changelocale.jsp
2022-07-07 15:26:17.233 DEBUG [http-nio-8080-exec-27] [presentation.controller.MainPageServlet.doGet(MainPageServlet.java:50)] - doGet of /main with forward to main.jsp
