2022-06-07 10:01:02.139 DEBUG [main] [Listeners.MyContextListener.contextInitialized(MyContextListener.java:23)] - path = C:\Users\Caruzo\IdeaProjects\Elective\target\Elective\WEB-INF\
2022-06-07 10:01:02.167 DEBUG [main] [Listeners.MyContextListener.contextInitialized(MyContextListener.java:26)] - DAOFactory was set to MySQL implementation
2022-06-07 10:01:27.807 DEBUG [main] [Listeners.MyContextListener.contextInitialized(MyContextListener.java:23)] - path = C:\Users\Caruzo\IdeaProjects\Elective\target\Elective\WEB-INF\
2022-06-07 10:01:27.820 DEBUG [main] [Listeners.MyContextListener.contextInitialized(MyContextListener.java:26)] - DAOFactory was set to MySQL implementation
2022-06-07 10:01:51.039 DEBUG [http-nio-8080-exec-1] [Controller.MainPageServlet.doGet(MainPageServlet.java:26)] - doGet of /main with forward to main.jsp
2022-06-07 10:01:55.516 DEBUG [http-nio-8080-exec-3] [Controller.LoginPageServlet.doGet(LoginPageServlet.java:22)] - doGet of /login with forward to login.jsp
2022-06-07 10:02:02.754 DEBUG [http-nio-8080-exec-5] [Controller.MainPageServlet.doPost(MainPageServlet.java:39)] - doPost of /main with redirect to main
2022-06-07 10:02:02.757 DEBUG [http-nio-8080-exec-5] [ServicesImpl.StudentServiceImpl.findStudent(StudentServiceImpl.java:66)] - Start of authorization
2022-06-07 10:02:02.758 DEBUG [http-nio-8080-exec-5] [ServicesImpl.StudentServiceImpl.findStudent(StudentServiceImpl.java:70)] - DAOFactory created => DataBaseLayer.DAO.MySQLDAOFactory@3dd98f18
2022-06-07 10:02:02.758 DEBUG [http-nio-8080-exec-5] [DataBaseLayer.DAO.MySQLDAOFactory.getStudentDAO(MySQLDAOFactory.java:28)] - MySQLStudentDAO created
2022-06-07 10:02:02.765 DEBUG [http-nio-8080-exec-5] [DataBaseLayer.DataSourcePool.getConnection(DataSourcePool.java:25)] - Data source created: org.apache.tomcat.dbcp.dbcp2.BasicDataSource@5101e6fa
2022-06-07 10:02:02.765 DEBUG [http-nio-8080-exec-5] [DataBaseLayer.DataSourcePool.getConnection(DataSourcePool.java:32)] - Connection created
2022-06-07 10:02:03.292 DEBUG [http-nio-8080-exec-5] [ServicesImpl.StudentServiceImpl.findStudent(StudentServiceImpl.java:72)] - StudentDAO created
2022-06-07 10:02:03.334 DEBUG [http-nio-8080-exec-5] [DataBaseLayer.DAO.MySQLStudentDAO.close(MySQLStudentDAO.java:275)] - connection was closed
2022-06-07 10:02:03.334 INFO [http-nio-8080-exec-5] [Controller.MainPageServlet.doPost(MainPageServlet.java:51)] - Student was not found
2022-06-07 10:02:03.335 DEBUG [http-nio-8080-exec-5] [ServicesImpl.AdministratorServiceImpl.findAdministrator(AdministratorServiceImpl.java:57)] - Start of authorization
2022-06-07 10:02:03.335 DEBUG [http-nio-8080-exec-5] [ServicesImpl.AdministratorServiceImpl.findAdministrator(AdministratorServiceImpl.java:61)] - DAOFactory created => DataBaseLayer.DAO.MySQLDAOFactory@3dd98f18
2022-06-07 10:02:03.336 DEBUG [http-nio-8080-exec-5] [DataBaseLayer.DAO.MySQLDAOFactory.getAdministratorDAO(MySQLDAOFactory.java:12)] - MySQLAdministratorDAO created
2022-06-07 10:02:03.337 DEBUG [http-nio-8080-exec-5] [DataBaseLayer.DataSourcePool.getConnection(DataSourcePool.java:32)] - Connection created
2022-06-07 10:02:03.337 DEBUG [http-nio-8080-exec-5] [ServicesImpl.AdministratorServiceImpl.findAdministrator(AdministratorServiceImpl.java:63)] - AdministratorDAO created
2022-06-07 10:02:03.339 DEBUG [http-nio-8080-exec-5] [DataBaseLayer.DAO.MySQLAdministratorDAO.close(MySQLAdministratorDAO.java:184)] - connection was closed
2022-06-07 10:02:03.340 INFO [http-nio-8080-exec-5] [Controller.MainPageServlet.doPost(MainPageServlet.java:57)] - You was logged as DataBaseLayer.entity.Administrator@20
2022-06-07 10:02:03.343 DEBUG [http-nio-8080-exec-6] [Controller.MainPageServlet.doGet(MainPageServlet.java:26)] - doGet of /main with forward to main.jsp
2022-06-07 10:02:05.212 DEBUG [http-nio-8080-exec-7] [Controller.AdminPageServlet.doGet(AdminPageServlet.java:22)] - doGet of /admin with forward to admin.jsp
2022-06-07 10:24:28.846 DEBUG [Catalina-utility-2] [Listeners.MyContextListener.contextInitialized(MyContextListener.java:23)] - path = C:\Users\Caruzo\IdeaProjects\Elective\target\Elective\WEB-INF\
2022-06-07 10:24:28.858 DEBUG [Catalina-utility-2] [Listeners.MyContextListener.contextInitialized(MyContextListener.java:26)] - DAOFactory was set to MySQL implementation
2022-06-07 10:39:44.953 DEBUG [http-nio-8080-exec-11] [Controller.AdminPageServlet.doGet(AdminPageServlet.java:23)] - doGet of /admin with forward to admin.jsp
2022-06-07 10:39:52.431 DEBUG [http-nio-8080-exec-12] [Controller.AccountPageServlet.doGet(AccountPageServlet.java:22)] - doGet of /account with forward to account.jsp
2022-06-07 10:39:58.646 DEBUG [http-nio-8080-exec-13] [Controller.MainPageServlet.doGet(MainPageServlet.java:26)] - doGet of /main with forward to main.jsp
2022-06-07 10:40:00.585 DEBUG [http-nio-8080-exec-14] [Controller.AccountPageServlet.doGet(AccountPageServlet.java:22)] - doGet of /account with forward to account.jsp
2022-06-07 10:40:00.586 DEBUG [http-nio-8080-exec-14] [Controller.AccountPageServlet.doGet(AccountPageServlet.java:26)] - You are not logged
2022-06-07 10:40:05.949 DEBUG [http-nio-8080-exec-15] [Controller.LoginPageServlet.doGet(LoginPageServlet.java:23)] - doGet of /login with forward to login.jsp
2022-06-07 10:40:19.475 DEBUG [http-nio-8080-exec-16] [Controller.MainPageServlet.doPost(MainPageServlet.java:39)] - doPost of /main with redirect to main
2022-06-07 10:40:19.478 DEBUG [http-nio-8080-exec-16] [ServicesImpl.StudentServiceImpl.findStudent(StudentServiceImpl.java:66)] - Start of authorization
2022-06-07 10:40:19.478 DEBUG [http-nio-8080-exec-16] [ServicesImpl.StudentServiceImpl.findStudent(StudentServiceImpl.java:70)] - DAOFactory created => DataBaseLayer.DAO.MySQLDAOFactory@6a2d9e0f
2022-06-07 10:40:19.478 DEBUG [http-nio-8080-exec-16] [DataBaseLayer.DAO.MySQLDAOFactory.getStudentDAO(MySQLDAOFactory.java:28)] - MySQLStudentDAO created
2022-06-07 10:40:19.483 DEBUG [http-nio-8080-exec-16] [DataBaseLayer.DataSourcePool.getConnection(DataSourcePool.java:25)] - Data source created: org.apache.tomcat.dbcp.dbcp2.BasicDataSource@6161aab0
2022-06-07 10:40:19.483 DEBUG [http-nio-8080-exec-16] [DataBaseLayer.DataSourcePool.getConnection(DataSourcePool.java:32)] - Connection created
2022-06-07 10:40:19.715 DEBUG [http-nio-8080-exec-16] [ServicesImpl.StudentServiceImpl.findStudent(StudentServiceImpl.java:72)] - StudentDAO created
2022-06-07 10:40:19.750 DEBUG [http-nio-8080-exec-16] [DataBaseLayer.DAO.MySQLStudentDAO.close(MySQLStudentDAO.java:275)] - connection was closed
2022-06-07 10:40:19.750 INFO [http-nio-8080-exec-16] [Controller.MainPageServlet.doPost(MainPageServlet.java:51)] - Student was not found
2022-06-07 10:40:19.751 DEBUG [http-nio-8080-exec-16] [ServicesImpl.AdministratorServiceImpl.findAdministrator(AdministratorServiceImpl.java:57)] - Start of authorization
2022-06-07 10:40:19.751 DEBUG [http-nio-8080-exec-16] [ServicesImpl.AdministratorServiceImpl.findAdministrator(AdministratorServiceImpl.java:61)] - DAOFactory created => DataBaseLayer.DAO.MySQLDAOFactory@6a2d9e0f
2022-06-07 10:40:19.751 DEBUG [http-nio-8080-exec-16] [DataBaseLayer.DAO.MySQLDAOFactory.getAdministratorDAO(MySQLDAOFactory.java:12)] - MySQLAdministratorDAO created
2022-06-07 10:40:19.752 DEBUG [http-nio-8080-exec-16] [DataBaseLayer.DataSourcePool.getConnection(DataSourcePool.java:32)] - Connection created
2022-06-07 10:40:19.752 DEBUG [http-nio-8080-exec-16] [ServicesImpl.AdministratorServiceImpl.findAdministrator(AdministratorServiceImpl.java:63)] - AdministratorDAO created
2022-06-07 10:40:19.754 DEBUG [http-nio-8080-exec-16] [DataBaseLayer.DAO.MySQLAdministratorDAO.close(MySQLAdministratorDAO.java:184)] - connection was closed
2022-06-07 10:40:19.754 INFO [http-nio-8080-exec-16] [Controller.MainPageServlet.doPost(MainPageServlet.java:57)] - You was logged as DataBaseLayer.entity.Administrator@20
2022-06-07 10:40:19.758 DEBUG [http-nio-8080-exec-17] [Controller.MainPageServlet.doGet(MainPageServlet.java:26)] - doGet of /main with forward to main.jsp
2022-06-07 10:40:20.978 DEBUG [http-nio-8080-exec-18] [Controller.AdminPageServlet.doGet(AdminPageServlet.java:23)] - doGet of /admin with forward to admin.jsp
2022-06-07 10:40:30.187 DEBUG [http-nio-8080-exec-20] [Controller.AdminPageServlet.doPost(AdminPageServlet.java:29)] - doPost of /admin with redirect to /admin
2022-06-07 10:40:30.187 INFO [http-nio-8080-exec-20] [Controller.AdminPageServlet.doPost(AdminPageServlet.java:36)] - Teacher's passwords don't match
2022-06-07 10:40:30.191 DEBUG [http-nio-8080-exec-11] [Controller.AdminPageServlet.doGet(AdminPageServlet.java:23)] - doGet of /admin with forward to admin.jsp
2022-06-07 10:40:36.948 DEBUG [http-nio-8080-exec-12] [Controller.AdminPageServlet.doGet(AdminPageServlet.java:23)] - doGet of /admin with forward to admin.jsp
2022-06-07 10:40:54.959 DEBUG [http-nio-8080-exec-14] [Controller.AdminPageServlet.doPost(AdminPageServlet.java:29)] - doPost of /admin with redirect to /admin
2022-06-07 10:40:54.959 INFO [http-nio-8080-exec-14] [Controller.AdminPageServlet.doPost(AdminPageServlet.java:36)] - Teacher's passwords don't match
2022-06-07 10:40:54.964 DEBUG [http-nio-8080-exec-15] [Controller.AdminPageServlet.doGet(AdminPageServlet.java:23)] - doGet of /admin with forward to admin.jsp
2022-06-07 10:41:22.833 DEBUG [http-nio-8080-exec-18] [Controller.AdminPageServlet.doPost(AdminPageServlet.java:29)] - doPost of /admin with redirect to /admin
2022-06-07 10:41:30.770 DEBUG [http-nio-8080-exec-19] [Controller.AdminPageServlet.doGet(AdminPageServlet.java:23)] - doGet of /admin with forward to admin.jsp
2022-06-07 10:41:41.786 DEBUG [http-nio-8080-exec-20] [Controller.AdminPageServlet.doPost(AdminPageServlet.java:29)] - doPost of /admin with redirect to /admin
2022-06-07 10:44:43.575 DEBUG [Catalina-utility-1] [Listeners.MyContextListener.contextInitialized(MyContextListener.java:23)] - path = C:\Users\Caruzo\IdeaProjects\Elective\target\Elective\WEB-INF\
2022-06-07 10:44:43.586 DEBUG [Catalina-utility-1] [Listeners.MyContextListener.contextInitialized(MyContextListener.java:26)] - DAOFactory was set to MySQL implementation
2022-06-07 10:44:50.708 DEBUG [http-nio-8080-exec-15] [Controller.AdminPageServlet.doGet(AdminPageServlet.java:23)] - doGet of /admin with forward to admin.jsp
2022-06-07 10:44:54.584 DEBUG [http-nio-8080-exec-16] [Controller.AdminPageServlet.doPost(AdminPageServlet.java:29)] - doPost of /admin with redirect to /admin
2022-06-07 10:44:54.585 INFO [http-nio-8080-exec-16] [Controller.AdminPageServlet.doPost(AdminPageServlet.java:36)] - Teacher's passwords don't match
2022-06-07 10:44:54.589 DEBUG [http-nio-8080-exec-20] [Controller.AdminPageServlet.doGet(AdminPageServlet.java:23)] - doGet of /admin with forward to admin.jsp
2022-06-07 10:44:59.169 DEBUG [http-nio-8080-exec-14] [Controller.AdminPageServlet.doPost(AdminPageServlet.java:29)] - doPost of /admin with redirect to /admin
2022-06-07 10:44:59.169 INFO [http-nio-8080-exec-14] [Controller.AdminPageServlet.doPost(AdminPageServlet.java:40)] - Teacher was created
2022-06-07 10:44:59.173 DEBUG [http-nio-8080-exec-19] [Controller.AdminPageServlet.doGet(AdminPageServlet.java:23)] - doGet of /admin with forward to admin.jsp
2022-06-07 10:46:17.457 DEBUG [Catalina-utility-2] [Listeners.MyContextListener.contextInitialized(MyContextListener.java:23)] - path = C:\Users\Caruzo\IdeaProjects\Elective\target\Elective\WEB-INF\
2022-06-07 10:46:17.469 DEBUG [Catalina-utility-2] [Listeners.MyContextListener.contextInitialized(MyContextListener.java:26)] - DAOFactory was set to MySQL implementation
2022-06-07 10:48:43.708 DEBUG [http-nio-8080-exec-29] [Controller.AdminPageServlet.doGet(AdminPageServlet.java:23)] - doGet of /admin with forward to admin.jsp
2022-06-07 10:48:51.648 DEBUG [http-nio-8080-exec-24] [Controller.AdminPageServlet.doPost(AdminPageServlet.java:29)] - doPost of /admin with redirect to /admin
2022-06-07 10:48:51.648 INFO [http-nio-8080-exec-24] [Controller.AdminPageServlet.doPost(AdminPageServlet.java:40)] - Teacher was created
2022-06-07 10:48:51.652 DEBUG [http-nio-8080-exec-27] [Controller.AdminPageServlet.doGet(AdminPageServlet.java:23)] - doGet of /admin with forward to admin.jsp
2022-06-07 10:48:58.201 DEBUG [http-nio-8080-exec-23] [Controller.AdminPageServlet.doGet(AdminPageServlet.java:23)] - doGet of /admin with forward to admin.jsp
2022-06-07 10:49:07.689 DEBUG [http-nio-8080-exec-28] [Controller.AdminPageServlet.doPost(AdminPageServlet.java:29)] - doPost of /admin with redirect to /admin
2022-06-07 10:49:07.689 INFO [http-nio-8080-exec-28] [Controller.AdminPageServlet.doPost(AdminPageServlet.java:40)] - Teacher was created
2022-06-07 10:49:07.693 DEBUG [http-nio-8080-exec-17] [Controller.AdminPageServlet.doGet(AdminPageServlet.java:23)] - doGet of /admin with forward to admin.jsp
2022-06-07 10:49:18.317 DEBUG [http-nio-8080-exec-30] [Controller.AdminPageServlet.doGet(AdminPageServlet.java:23)] - doGet of /admin with forward to admin.jsp
2022-06-07 10:49:21.610 DEBUG [http-nio-8080-exec-29] [Controller.AdminPageServlet.doPost(AdminPageServlet.java:29)] - doPost of /admin with redirect to /admin
2022-06-07 10:49:21.610 INFO [http-nio-8080-exec-29] [Controller.AdminPageServlet.doPost(AdminPageServlet.java:40)] - Teacher was created
2022-06-07 10:49:21.614 DEBUG [http-nio-8080-exec-31] [Controller.AdminPageServlet.doGet(AdminPageServlet.java:23)] - doGet of /admin with forward to admin.jsp
2022-06-07 10:49:24.685 DEBUG [Catalina-utility-2] [Listeners.MyContextListener.contextInitialized(MyContextListener.java:23)] - path = C:\Users\Caruzo\IdeaProjects\Elective\target\Elective\WEB-INF\
2022-06-07 10:49:24.700 DEBUG [Catalina-utility-2] [Listeners.MyContextListener.contextInitialized(MyContextListener.java:26)] - DAOFactory was set to MySQL implementation
2022-06-07 10:50:01.480 DEBUG [http-nio-8080-exec-32] [Controller.AdminPageServlet.doGet(AdminPageServlet.java:23)] - doGet of /admin with forward to admin.jsp
2022-06-07 10:50:05.253 DEBUG [http-nio-8080-exec-17] [Controller.AdminPageServlet.doGet(AdminPageServlet.java:23)] - doGet of /admin with forward to admin.jsp
2022-06-07 10:50:09.528 DEBUG [http-nio-8080-exec-22] [Controller.AdminPageServlet.doPost(AdminPageServlet.java:29)] - doPost of /admin with redirect to /admin
2022-06-07 10:50:09.528 INFO [http-nio-8080-exec-22] [Controller.AdminPageServlet.doPost(AdminPageServlet.java:40)] - Teacher was created
2022-06-07 10:50:09.532 DEBUG [http-nio-8080-exec-29] [Controller.AdminPageServlet.doGet(AdminPageServlet.java:23)] - doGet of /admin with forward to admin.jsp
2022-06-07 10:50:21.802 DEBUG [http-nio-8080-exec-34] [Controller.AdminPageServlet.doGet(AdminPageServlet.java:23)] - doGet of /admin with forward to admin.jsp
2022-06-07 10:50:58.477 DEBUG [Catalina-utility-1] [Listeners.MyContextListener.contextInitialized(MyContextListener.java:23)] - path = C:\Users\Caruzo\IdeaProjects\Elective\target\Elective\WEB-INF\
2022-06-07 10:50:58.489 DEBUG [Catalina-utility-1] [Listeners.MyContextListener.contextInitialized(MyContextListener.java:26)] - DAOFactory was set to MySQL implementation
2022-06-07 10:51:02.627 DEBUG [http-nio-8080-exec-40] [Controller.AdminPageServlet.doGet(AdminPageServlet.java:23)] - doGet of /admin with forward to admin.jsp
2022-06-07 10:51:06.721 DEBUG [http-nio-8080-exec-39] [Controller.AdminPageServlet.doPost(AdminPageServlet.java:29)] - doPost of /admin with redirect to /admin
2022-06-07 10:51:06.721 INFO [http-nio-8080-exec-39] [Controller.AdminPageServlet.doPost(AdminPageServlet.java:40)] - Teacher was created
2022-06-07 10:51:06.727 DEBUG [http-nio-8080-exec-38] [Controller.AdminPageServlet.doGet(AdminPageServlet.java:23)] - doGet of /admin with forward to admin.jsp
2022-06-07 10:54:57.427 DEBUG [Catalina-utility-2] [Listeners.MyContextListener.contextInitialized(MyContextListener.java:23)] - path = C:\Users\Caruzo\IdeaProjects\Elective\target\Elective\WEB-INF\
2022-06-07 10:54:57.443 DEBUG [Catalina-utility-2] [Listeners.MyContextListener.contextInitialized(MyContextListener.java:26)] - DAOFactory was set to MySQL implementation
2022-06-07 10:55:04.223 DEBUG [http-nio-8080-exec-49] [Controller.AdminPageServlet.doGet(AdminPageServlet.java:23)] - doGet of /admin with forward to admin.jsp
2022-06-07 10:55:10.896 DEBUG [http-nio-8080-exec-42] [Controller.AdminPageServlet.doPost(AdminPageServlet.java:29)] - doPost of /admin with redirect to /admin
2022-06-07 10:55:10.896 INFO [http-nio-8080-exec-42] [Controller.AdminPageServlet.doPost(AdminPageServlet.java:40)] - Teacher was created
2022-06-07 10:55:10.899 DEBUG [http-nio-8080-exec-44] [Controller.AdminPageServlet.doGet(AdminPageServlet.java:23)] - doGet of /admin with forward to admin.jsp
2022-06-07 10:55:33.240 DEBUG [http-nio-8080-exec-50] [Controller.AdminPageServlet.doGet(AdminPageServlet.java:23)] - doGet of /admin with forward to admin.jsp
2022-06-07 10:56:41.529 DEBUG [Catalina-utility-2] [Listeners.MyContextListener.contextInitialized(MyContextListener.java:23)] - path = C:\Users\Caruzo\IdeaProjects\Elective\target\Elective\WEB-INF\
2022-06-07 10:56:41.541 DEBUG [Catalina-utility-2] [Listeners.MyContextListener.contextInitialized(MyContextListener.java:26)] - DAOFactory was set to MySQL implementation
2022-06-07 10:56:42.016 DEBUG [http-nio-8080-exec-57] [Controller.AdminPageServlet.doGet(AdminPageServlet.java:23)] - doGet of /admin with forward to admin.jsp
2022-06-07 10:56:46.094 DEBUG [http-nio-8080-exec-58] [Controller.AdminPageServlet.doPost(AdminPageServlet.java:29)] - doPost of /admin with redirect to /admin
2022-06-07 10:56:46.095 INFO [http-nio-8080-exec-58] [Controller.AdminPageServlet.doPost(AdminPageServlet.java:40)] - Teacher was created
2022-06-07 10:56:46.098 DEBUG [http-nio-8080-exec-54] [Controller.AdminPageServlet.doGet(AdminPageServlet.java:23)] - doGet of /admin with forward to admin.jsp
2022-06-07 10:56:48.390 DEBUG [http-nio-8080-exec-55] [Controller.AdminPageServlet.doGet(AdminPageServlet.java:23)] - doGet of /admin with forward to admin.jsp
2022-06-07 10:56:52.713 DEBUG [http-nio-8080-exec-59] [Controller.AdminPageServlet.doPost(AdminPageServlet.java:29)] - doPost of /admin with redirect to /admin
2022-06-07 10:56:52.714 INFO [http-nio-8080-exec-59] [Controller.AdminPageServlet.doPost(AdminPageServlet.java:36)] - Teacher's passwords don't match
2022-06-07 10:56:52.717 DEBUG [http-nio-8080-exec-53] [Controller.AdminPageServlet.doGet(AdminPageServlet.java:23)] - doGet of /admin with forward to admin.jsp
2022-06-07 11:03:36.819 DEBUG [Catalina-utility-1] [Listeners.MyContextListener.contextInitialized(MyContextListener.java:23)] - path = C:\Users\Caruzo\IdeaProjects\Elective\target\Elective\WEB-INF\
2022-06-07 11:03:36.832 DEBUG [Catalina-utility-1] [Listeners.MyContextListener.contextInitialized(MyContextListener.java:26)] - DAOFactory was set to MySQL implementation
2022-06-07 11:03:37.705 DEBUG [http-nio-8080-exec-65] [Controller.AdminPageServlet.doPost(AdminPageServlet.java:29)] - doPost of /admin with redirect to /admin
2022-06-07 11:03:37.706 INFO [http-nio-8080-exec-65] [Controller.AdminPageServlet.doPost(AdminPageServlet.java:40)] - Teacher was created
2022-06-07 11:03:37.719 DEBUG [http-nio-8080-exec-62] [Controller.AdminPageServlet.doGet(AdminPageServlet.java:23)] - doGet of /admin with forward to admin.jsp
2022-06-07 11:04:29.217 DEBUG [Catalina-utility-2] [Listeners.MyContextListener.contextInitialized(MyContextListener.java:23)] - path = C:\Users\Caruzo\IdeaProjects\Elective\target\Elective\WEB-INF\
2022-06-07 11:04:29.230 DEBUG [Catalina-utility-2] [Listeners.MyContextListener.contextInitialized(MyContextListener.java:26)] - DAOFactory was set to MySQL implementation
2022-06-07 11:04:32.519 DEBUG [http-nio-8080-exec-63] [Controller.AdminPageServlet.doGet(AdminPageServlet.java:23)] - doGet of /admin with forward to admin.jsp
2022-06-07 11:04:36.307 DEBUG [http-nio-8080-exec-61] [Controller.AdminPageServlet.doPost(AdminPageServlet.java:29)] - doPost of /admin with redirect to /admin
2022-06-07 11:04:36.307 INFO [http-nio-8080-exec-61] [Controller.AdminPageServlet.doPost(AdminPageServlet.java:36)] - Teacher's passwords don't match
2022-06-07 11:04:36.311 DEBUG [http-nio-8080-exec-62] [Controller.AdminPageServlet.doGet(AdminPageServlet.java:23)] - doGet of /admin with forward to admin.jsp
2022-06-07 11:06:13.353 DEBUG [Catalina-utility-1] [Listeners.MyContextListener.contextInitialized(MyContextListener.java:23)] - path = C:\Users\Caruzo\IdeaProjects\Elective\target\Elective\WEB-INF\
2022-06-07 11:06:13.365 DEBUG [Catalina-utility-1] [Listeners.MyContextListener.contextInitialized(MyContextListener.java:26)] - DAOFactory was set to MySQL implementation
2022-06-07 11:06:17.016 DEBUG [http-nio-8080-exec-75] [Controller.AdminPageServlet.doPost(AdminPageServlet.java:29)] - doPost of /admin with redirect to /admin
2022-06-07 11:06:17.017 INFO [http-nio-8080-exec-75] [Controller.AdminPageServlet.doPost(AdminPageServlet.java:36)] - Teacher's passwords don't match
2022-06-07 11:06:17.021 DEBUG [http-nio-8080-exec-74] [Controller.AdminPageServlet.doGet(AdminPageServlet.java:23)] - doGet of /admin with forward to admin.jsp
2022-06-07 11:06:21.031 DEBUG [http-nio-8080-exec-76] [Controller.AdminPageServlet.doGet(AdminPageServlet.java:23)] - doGet of /admin with forward to admin.jsp
2022-06-07 11:06:24.714 DEBUG [http-nio-8080-exec-80] [Controller.AdminPageServlet.doPost(AdminPageServlet.java:29)] - doPost of /admin with redirect to /admin
2022-06-07 11:06:24.714 INFO [http-nio-8080-exec-80] [Controller.AdminPageServlet.doPost(AdminPageServlet.java:36)] - Teacher's passwords don't match
2022-06-07 11:06:24.718 DEBUG [http-nio-8080-exec-70] [Controller.AdminPageServlet.doGet(AdminPageServlet.java:23)] - doGet of /admin with forward to admin.jsp
2022-06-07 11:06:30.744 DEBUG [http-nio-8080-exec-67] [Controller.AdminPageServlet.doGet(AdminPageServlet.java:23)] - doGet of /admin with forward to admin.jsp
2022-06-07 11:06:33.699 DEBUG [http-nio-8080-exec-81] [Controller.AdminPageServlet.doPost(AdminPageServlet.java:29)] - doPost of /admin with redirect to /admin
2022-06-07 11:06:33.699 INFO [http-nio-8080-exec-81] [Controller.AdminPageServlet.doPost(AdminPageServlet.java:36)] - Teacher's passwords don't match
2022-06-07 11:06:33.703 DEBUG [http-nio-8080-exec-74] [Controller.AdminPageServlet.doGet(AdminPageServlet.java:23)] - doGet of /admin with forward to admin.jsp
2022-06-07 11:07:16.064 DEBUG [Catalina-utility-2] [Listeners.MyContextListener.contextInitialized(MyContextListener.java:23)] - path = C:\Users\Caruzo\IdeaProjects\Elective\target\Elective\WEB-INF\
2022-06-07 11:07:16.076 DEBUG [Catalina-utility-2] [Listeners.MyContextListener.contextInitialized(MyContextListener.java:26)] - DAOFactory was set to MySQL implementation
2022-06-07 11:07:20.629 DEBUG [http-nio-8080-exec-81] [Controller.AdminPageServlet.doPost(AdminPageServlet.java:29)] - doPost of /admin with redirect to /admin
2022-06-07 11:07:20.629 INFO [http-nio-8080-exec-81] [Controller.AdminPageServlet.doPost(AdminPageServlet.java:40)] - Teacher was created
2022-06-07 11:07:20.633 DEBUG [http-nio-8080-exec-83] [Controller.AdminPageServlet.doGet(AdminPageServlet.java:23)] - doGet of /admin with forward to admin.jsp
2022-06-07 11:08:29.094 DEBUG [http-nio-8080-exec-87] [Controller.AdminPageServlet.doPost(AdminPageServlet.java:29)] - doPost of /admin with redirect to /admin
2022-06-07 11:08:29.095 INFO [http-nio-8080-exec-87] [Controller.AdminPageServlet.doPost(AdminPageServlet.java:36)] - Teacher's passwords don't match
2022-06-07 11:08:29.099 DEBUG [http-nio-8080-exec-78] [Controller.AdminPageServlet.doGet(AdminPageServlet.java:23)] - doGet of /admin with forward to admin.jsp
2022-06-07 11:10:23.089 DEBUG [Catalina-utility-1] [Listeners.MyContextListener.contextInitialized(MyContextListener.java:23)] - path = C:\Users\Caruzo\IdeaProjects\Elective\target\Elective\WEB-INF\
2022-06-07 11:10:23.101 DEBUG [Catalina-utility-1] [Listeners.MyContextListener.contextInitialized(MyContextListener.java:26)] - DAOFactory was set to MySQL implementation
2022-06-07 11:10:27.125 DEBUG [http-nio-8080-exec-96] [Controller.AdminPageServlet.doGet(AdminPageServlet.java:23)] - doGet of /admin with forward to admin.jsp
2022-06-07 11:10:30.500 DEBUG [http-nio-8080-exec-89] [Controller.AdminPageServlet.doPost(AdminPageServlet.java:29)] - doPost of /admin with redirect to /admin
2022-06-07 11:10:30.501 INFO [http-nio-8080-exec-89] [Controller.AdminPageServlet.doPost(AdminPageServlet.java:40)] - Teacher was created
2022-06-07 11:10:30.504 DEBUG [http-nio-8080-exec-88] [Controller.AdminPageServlet.doGet(AdminPageServlet.java:23)] - doGet of /admin with forward to admin.jsp
2022-06-07 11:10:52.278 DEBUG [http-nio-8080-exec-92] [Controller.AdminPageServlet.doPost(AdminPageServlet.java:29)] - doPost of /admin with redirect to /admin
2022-06-07 11:10:52.279 INFO [http-nio-8080-exec-92] [Controller.AdminPageServlet.doPost(AdminPageServlet.java:36)] - Teacher's passwords don't match
2022-06-07 11:10:52.283 DEBUG [http-nio-8080-exec-90] [Controller.AdminPageServlet.doGet(AdminPageServlet.java:23)] - doGet of /admin with forward to admin.jsp
2022-06-07 11:11:57.059 DEBUG [http-nio-8080-exec-98] [Controller.AdminPageServlet.doGet(AdminPageServlet.java:23)] - doGet of /admin with forward to admin.jsp
2022-06-07 11:12:00.969 DEBUG [http-nio-8080-exec-100] [Controller.AdminPageServlet.doPost(AdminPageServlet.java:29)] - doPost of /admin with redirect to /admin
2022-06-07 11:12:00.969 INFO [http-nio-8080-exec-100] [Controller.AdminPageServlet.doPost(AdminPageServlet.java:40)] - Teacher was created
2022-06-07 11:12:00.973 DEBUG [http-nio-8080-exec-101] [Controller.AdminPageServlet.doGet(AdminPageServlet.java:23)] - doGet of /admin with forward to admin.jsp
2022-06-07 11:13:09.683 DEBUG [Catalina-utility-1] [Listeners.MyContextListener.contextInitialized(MyContextListener.java:23)] - path = C:\Users\Caruzo\IdeaProjects\Elective\target\Elective\WEB-INF\
2022-06-07 11:13:09.695 DEBUG [Catalina-utility-1] [Listeners.MyContextListener.contextInitialized(MyContextListener.java:26)] - DAOFactory was set to MySQL implementation
2022-06-07 11:13:18.001 DEBUG [http-nio-8080-exec-100] [Controller.AdminPageServlet.doGet(AdminPageServlet.java:23)] - doGet of /admin with forward to admin.jsp
2022-06-07 11:13:20.554 DEBUG [Catalina-utility-1] [Listeners.MyContextListener.contextInitialized(MyContextListener.java:23)] - path = C:\Users\Caruzo\IdeaProjects\Elective\target\Elective\WEB-INF\
2022-06-07 11:13:20.568 DEBUG [Catalina-utility-1] [Listeners.MyContextListener.contextInitialized(MyContextListener.java:26)] - DAOFactory was set to MySQL implementation
2022-06-07 11:24:11.539 DEBUG [http-nio-8080-exec-108] [Controller.AdminPageServlet.doGet(AdminPageServlet.java:23)] - doGet of /admin with forward to admin.jsp
2022-06-07 11:24:14.439 DEBUG [Catalina-utility-2] [Listeners.MyContextListener.contextInitialized(MyContextListener.java:23)] - path = C:\Users\Caruzo\IdeaProjects\Elective\target\Elective\WEB-INF\
2022-06-07 11:24:14.451 DEBUG [Catalina-utility-2] [Listeners.MyContextListener.contextInitialized(MyContextListener.java:26)] - DAOFactory was set to MySQL implementation
2022-06-07 11:24:15.357 DEBUG [http-nio-8080-exec-114] [Controller.AdminPageServlet.doPost(AdminPageServlet.java:29)] - doPost of /admin with redirect to /admin
2022-06-07 11:24:15.358 INFO [http-nio-8080-exec-114] [Controller.AdminPageServlet.doPost(AdminPageServlet.java:40)] - Teacher was created
2022-06-07 11:24:15.361 DEBUG [http-nio-8080-exec-110] [Controller.AdminPageServlet.doGet(AdminPageServlet.java:23)] - doGet of /admin with forward to admin.jsp
2022-06-07 11:24:18.628 DEBUG [http-nio-8080-exec-111] [Controller.AdminPageServlet.doPost(AdminPageServlet.java:29)] - doPost of /admin with redirect to /admin
2022-06-07 11:24:18.629 INFO [http-nio-8080-exec-111] [Controller.AdminPageServlet.doPost(AdminPageServlet.java:36)] - Teacher's passwords don't match
2022-06-07 11:24:18.632 DEBUG [http-nio-8080-exec-108] [Controller.AdminPageServlet.doGet(AdminPageServlet.java:23)] - doGet of /admin with forward to admin.jsp
2022-06-07 11:24:26.676 DEBUG [http-nio-8080-exec-116] [Controller.AdminPageServlet.doGet(AdminPageServlet.java:23)] - doGet of /admin with forward to admin.jsp
2022-06-07 11:25:11.465 DEBUG [http-nio-8080-exec-118] [Controller.AdminPageServlet.doGet(AdminPageServlet.java:23)] - doGet of /admin with forward to admin.jsp
2022-06-07 11:25:16.071 DEBUG [http-nio-8080-exec-119] [Controller.AdminPageServlet.doPost(AdminPageServlet.java:29)] - doPost of /admin with redirect to /admin
2022-06-07 11:25:16.072 INFO [http-nio-8080-exec-119] [Controller.AdminPageServlet.doPost(AdminPageServlet.java:40)] - Teacher was created
2022-06-07 11:25:16.075 DEBUG [http-nio-8080-exec-108] [Controller.AdminPageServlet.doGet(AdminPageServlet.java:23)] - doGet of /admin with forward to admin.jsp
2022-06-07 11:25:17.240 DEBUG [Catalina-utility-1] [Listeners.MyContextListener.contextInitialized(MyContextListener.java:23)] - path = C:\Users\Caruzo\IdeaProjects\Elective\target\Elective\WEB-INF\
2022-06-07 11:25:17.252 DEBUG [Catalina-utility-1] [Listeners.MyContextListener.contextInitialized(MyContextListener.java:26)] - DAOFactory was set to MySQL implementation
2022-06-07 11:25:20.693 DEBUG [http-nio-8080-exec-118] [Controller.AdminPageServlet.doPost(AdminPageServlet.java:29)] - doPost of /admin with redirect to /admin
2022-06-07 11:25:20.693 INFO [http-nio-8080-exec-118] [Controller.AdminPageServlet.doPost(AdminPageServlet.java:36)] - Teacher's passwords don't match
2022-06-07 11:25:20.697 DEBUG [http-nio-8080-exec-124] [Controller.AdminPageServlet.doGet(AdminPageServlet.java:23)] - doGet of /admin with forward to admin.jsp
2022-06-07 11:27:20.507 DEBUG [http-nio-8080-exec-125] [Controller.AdminPageServlet.doGet(AdminPageServlet.java:23)] - doGet of /admin with forward to admin.jsp
2022-06-07 11:27:22.188 DEBUG [Catalina-utility-2] [Listeners.MyContextListener.contextInitialized(MyContextListener.java:23)] - path = C:\Users\Caruzo\IdeaProjects\Elective\target\Elective\WEB-INF\
2022-06-07 11:27:22.201 DEBUG [Catalina-utility-2] [Listeners.MyContextListener.contextInitialized(MyContextListener.java:26)] - DAOFactory was set to MySQL implementation
2022-06-07 11:27:24.260 DEBUG [http-nio-8080-exec-123] [Controller.AdminPageServlet.doPost(AdminPageServlet.java:29)] - doPost of /admin with redirect to /admin
2022-06-07 11:27:24.261 INFO [http-nio-8080-exec-123] [Controller.AdminPageServlet.doPost(AdminPageServlet.java:40)] - Teacher was created
2022-06-07 11:27:24.265 DEBUG [http-nio-8080-exec-130] [Controller.AdminPageServlet.doGet(AdminPageServlet.java:23)] - doGet of /admin with forward to admin.jsp
2022-06-07 11:27:28.187 DEBUG [http-nio-8080-exec-126] [Controller.AdminPageServlet.doPost(AdminPageServlet.java:29)] - doPost of /admin with redirect to /admin
2022-06-07 11:27:28.187 INFO [http-nio-8080-exec-126] [Controller.AdminPageServlet.doPost(AdminPageServlet.java:36)] - Teacher's passwords don't match
2022-06-07 11:27:28.191 DEBUG [http-nio-8080-exec-108] [Controller.AdminPageServlet.doGet(AdminPageServlet.java:23)] - doGet of /admin with forward to admin.jsp
2022-06-07 11:27:32.305 DEBUG [http-nio-8080-exec-121] [Controller.AdminPageServlet.doPost(AdminPageServlet.java:29)] - doPost of /admin with redirect to /admin
2022-06-07 11:27:32.305 INFO [http-nio-8080-exec-121] [Controller.AdminPageServlet.doPost(AdminPageServlet.java:40)] - Teacher was created
2022-06-07 11:27:32.309 DEBUG [http-nio-8080-exec-128] [Controller.AdminPageServlet.doGet(AdminPageServlet.java:23)] - doGet of /admin with forward to admin.jsp
2022-06-07 11:28:10.342 DEBUG [http-nio-8080-exec-127] [Controller.AdminPageServlet.doGet(AdminPageServlet.java:23)] - doGet of /admin with forward to admin.jsp
2022-06-07 11:28:13.426 DEBUG [http-nio-8080-exec-132] [Controller.AdminPageServlet.doPost(AdminPageServlet.java:29)] - doPost of /admin with redirect to /admin
2022-06-07 11:28:13.426 INFO [http-nio-8080-exec-132] [Controller.AdminPageServlet.doPost(AdminPageServlet.java:40)] - Teacher was created
2022-06-07 11:28:13.429 DEBUG [http-nio-8080-exec-130] [Controller.AdminPageServlet.doGet(AdminPageServlet.java:23)] - doGet of /admin with forward to admin.jsp
2022-06-07 11:28:14.568 DEBUG [Catalina-utility-1] [Listeners.MyContextListener.contextInitialized(MyContextListener.java:23)] - path = C:\Users\Caruzo\IdeaProjects\Elective\target\Elective\WEB-INF\
2022-06-07 11:28:14.580 DEBUG [Catalina-utility-1] [Listeners.MyContextListener.contextInitialized(MyContextListener.java:26)] - DAOFactory was set to MySQL implementation
2022-06-07 11:28:19.700 DEBUG [http-nio-8080-exec-128] [Controller.AdminPageServlet.doPost(AdminPageServlet.java:29)] - doPost of /admin with redirect to /admin
2022-06-07 11:28:19.701 INFO [http-nio-8080-exec-128] [Controller.AdminPageServlet.doPost(AdminPageServlet.java:36)] - Teacher's passwords don't match
2022-06-07 11:28:19.704 DEBUG [http-nio-8080-exec-133] [Controller.AdminPageServlet.doGet(AdminPageServlet.java:23)] - doGet of /admin with forward to admin.jsp
2022-06-07 11:33:46.715 DEBUG [Catalina-utility-1] [Listeners.MyContextListener.contextInitialized(MyContextListener.java:23)] - path = C:\Users\Caruzo\IdeaProjects\Elective\target\Elective\WEB-INF\
2022-06-07 11:33:46.728 DEBUG [Catalina-utility-1] [Listeners.MyContextListener.contextInitialized(MyContextListener.java:26)] - DAOFactory was set to MySQL implementation
2022-06-07 11:33:52.538 DEBUG [http-nio-8080-exec-139] [Controller.AdminPageServlet.doPost(AdminPageServlet.java:29)] - doPost of /admin with redirect to /admin
2022-06-07 11:33:52.539 INFO [http-nio-8080-exec-139] [Controller.AdminPageServlet.doPost(AdminPageServlet.java:40)] - Teacher was created
2022-06-07 11:33:52.543 DEBUG [http-nio-8080-exec-141] [Controller.AdminPageServlet.doGet(AdminPageServlet.java:23)] - doGet of /admin with forward to admin.jsp
2022-06-07 11:33:55.763 DEBUG [http-nio-8080-exec-142] [Controller.AdminPageServlet.doPost(AdminPageServlet.java:29)] - doPost of /admin with redirect to /admin
2022-06-07 11:33:55.763 INFO [http-nio-8080-exec-142] [Controller.AdminPageServlet.doPost(AdminPageServlet.java:36)] - Teacher's passwords don't match
2022-06-07 11:33:55.767 DEBUG [http-nio-8080-exec-145] [Controller.AdminPageServlet.doGet(AdminPageServlet.java:23)] - doGet of /admin with forward to admin.jsp
2022-06-07 11:33:58.123 DEBUG [http-nio-8080-exec-147] [Controller.MainPageServlet.doGet(MainPageServlet.java:26)] - doGet of /main with forward to main.jsp
2022-06-07 11:33:59.404 DEBUG [http-nio-8080-exec-144] [Controller.LogoutServlet.doGet(LogoutServlet.java:21)] - doGet of /logout with forward to main.jsp
2022-06-07 11:33:59.408 DEBUG [http-nio-8080-exec-143] [Controller.MainPageServlet.doGet(MainPageServlet.java:26)] - doGet of /main with forward to main.jsp
2022-06-07 11:34:00.603 DEBUG [http-nio-8080-exec-148] [Controller.LoginPageServlet.doGet(LoginPageServlet.java:23)] - doGet of /login with forward to login.jsp
2022-06-07 11:35:08.383 DEBUG [http-nio-8080-exec-150] [Controller.LoginPageServlet.doGet(LoginPageServlet.java:23)] - doGet of /login with forward to login.jsp
2022-06-07 11:35:10.286 DEBUG [Catalina-utility-1] [Listeners.MyContextListener.contextInitialized(MyContextListener.java:23)] - path = C:\Users\Caruzo\IdeaProjects\Elective\target\Elective\WEB-INF\
2022-06-07 11:35:10.298 DEBUG [Catalina-utility-1] [Listeners.MyContextListener.contextInitialized(MyContextListener.java:26)] - DAOFactory was set to MySQL implementation
2022-06-07 11:35:12.650 DEBUG [http-nio-8080-exec-156] [Controller.MainPageServlet.doPost(MainPageServlet.java:39)] - doPost of /main with redirect to main
2022-06-07 11:35:12.652 DEBUG [http-nio-8080-exec-156] [ServicesImpl.StudentServiceImpl.findStudent(StudentServiceImpl.java:66)] - Start of authorization
2022-06-07 11:35:12.653 DEBUG [http-nio-8080-exec-156] [ServicesImpl.StudentServiceImpl.findStudent(StudentServiceImpl.java:70)] - DAOFactory created => DataBaseLayer.DAO.MySQLDAOFactory@79aa327e
2022-06-07 11:35:12.653 DEBUG [http-nio-8080-exec-156] [DataBaseLayer.DAO.MySQLDAOFactory.getStudentDAO(MySQLDAOFactory.java:28)] - MySQLStudentDAO created
2022-06-07 11:35:12.657 DEBUG [http-nio-8080-exec-156] [DataBaseLayer.DataSourcePool.getConnection(DataSourcePool.java:25)] - Data source created: org.apache.tomcat.dbcp.dbcp2.BasicDataSource@319c885b
2022-06-07 11:35:12.658 DEBUG [http-nio-8080-exec-156] [DataBaseLayer.DataSourcePool.getConnection(DataSourcePool.java:32)] - Connection created
2022-06-07 11:35:12.877 DEBUG [http-nio-8080-exec-156] [ServicesImpl.StudentServiceImpl.findStudent(StudentServiceImpl.java:72)] - StudentDAO created
2022-06-07 11:35:12.911 DEBUG [http-nio-8080-exec-156] [DataBaseLayer.DAO.MySQLStudentDAO.close(MySQLStudentDAO.java:275)] - connection was closed
2022-06-07 11:35:12.911 INFO [http-nio-8080-exec-156] [Controller.MainPageServlet.doPost(MainPageServlet.java:51)] - Student was not found
2022-06-07 11:35:12.912 DEBUG [http-nio-8080-exec-156] [ServicesImpl.AdministratorServiceImpl.findAdministrator(AdministratorServiceImpl.java:57)] - Start of authorization
2022-06-07 11:35:12.912 DEBUG [http-nio-8080-exec-156] [ServicesImpl.AdministratorServiceImpl.findAdministrator(AdministratorServiceImpl.java:61)] - DAOFactory created => DataBaseLayer.DAO.MySQLDAOFactory@79aa327e
2022-06-07 11:35:12.912 DEBUG [http-nio-8080-exec-156] [DataBaseLayer.DAO.MySQLDAOFactory.getAdministratorDAO(MySQLDAOFactory.java:12)] - MySQLAdministratorDAO created
2022-06-07 11:35:12.913 DEBUG [http-nio-8080-exec-156] [DataBaseLayer.DataSourcePool.getConnection(DataSourcePool.java:32)] - Connection created
2022-06-07 11:35:12.914 DEBUG [http-nio-8080-exec-156] [ServicesImpl.AdministratorServiceImpl.findAdministrator(AdministratorServiceImpl.java:63)] - AdministratorDAO created
2022-06-07 11:35:12.916 DEBUG [http-nio-8080-exec-156] [DataBaseLayer.DAO.MySQLAdministratorDAO.close(MySQLAdministratorDAO.java:184)] - connection was closed
2022-06-07 11:35:12.920 DEBUG [http-nio-8080-exec-155] [Controller.LoginPageServlet.doGet(LoginPageServlet.java:23)] - doGet of /login with forward to login.jsp
2022-06-07 11:35:35.182 DEBUG [http-nio-8080-exec-149] [Controller.MainPageServlet.doPost(MainPageServlet.java:39)] - doPost of /main with redirect to main
2022-06-07 11:35:35.182 DEBUG [http-nio-8080-exec-149] [ServicesImpl.StudentServiceImpl.findStudent(StudentServiceImpl.java:66)] - Start of authorization
2022-06-07 11:35:35.182 DEBUG [http-nio-8080-exec-149] [ServicesImpl.StudentServiceImpl.findStudent(StudentServiceImpl.java:70)] - DAOFactory created => DataBaseLayer.DAO.MySQLDAOFactory@79aa327e
2022-06-07 11:35:35.182 DEBUG [http-nio-8080-exec-149] [DataBaseLayer.DAO.MySQLDAOFactory.getStudentDAO(MySQLDAOFactory.java:28)] - MySQLStudentDAO created
2022-06-07 11:35:35.182 DEBUG [http-nio-8080-exec-149] [DataBaseLayer.DataSourcePool.getConnection(DataSourcePool.java:32)] - Connection created
2022-06-07 11:35:35.183 DEBUG [http-nio-8080-exec-149] [ServicesImpl.StudentServiceImpl.findStudent(StudentServiceImpl.java:72)] - StudentDAO created
2022-06-07 11:35:35.185 DEBUG [http-nio-8080-exec-149] [DataBaseLayer.DAO.MySQLStudentDAO.close(MySQLStudentDAO.java:275)] - connection was closed
2022-06-07 11:35:35.185 INFO [http-nio-8080-exec-149] [Controller.MainPageServlet.doPost(MainPageServlet.java:48)] - You was logged as DataBaseLayer.entity.Student@29
2022-06-07 11:35:35.188 DEBUG [http-nio-8080-exec-152] [Controller.MainPageServlet.doGet(MainPageServlet.java:26)] - doGet of /main with forward to main.jsp
2022-06-07 11:35:36.407 DEBUG [http-nio-8080-exec-151] [Controller.LogoutServlet.doGet(LogoutServlet.java:21)] - doGet of /logout with forward to main.jsp
2022-06-07 11:35:36.410 DEBUG [http-nio-8080-exec-153] [Controller.MainPageServlet.doGet(MainPageServlet.java:26)] - doGet of /main with forward to main.jsp
2022-06-07 11:35:37.222 DEBUG [http-nio-8080-exec-140] [Controller.LoginPageServlet.doGet(LoginPageServlet.java:23)] - doGet of /login with forward to login.jsp
2022-06-07 11:35:38.088 DEBUG [http-nio-8080-exec-157] [Controller.RegisterPageServlet.doGet(RegisterPageServlet.java:19)] - doGet of /register with forward to register.jsp
2022-06-07 11:35:46.688 DEBUG [http-nio-8080-exec-155] [Controller.LoginPageServlet.doPost(LoginPageServlet.java:29)] - doPost of /login with forward to login.jsp
2022-06-07 11:35:46.688 DEBUG [http-nio-8080-exec-155] [Controller.LoginPageServlet.doPost(LoginPageServlet.java:31)] - creating studentService
2022-06-07 11:35:46.688 DEBUG [http-nio-8080-exec-155] [Controller.LoginPageServlet.doPost(LoginPageServlet.java:33)] - StudentService was created
2022-06-07 11:35:46.688 DEBUG [http-nio-8080-exec-155] [ServicesImpl.StudentServiceImpl.findStudent(StudentServiceImpl.java:52)] - DAOFactory created => DataBaseLayer.DAO.MySQLDAOFactory@79aa327e
2022-06-07 11:35:46.688 DEBUG [http-nio-8080-exec-155] [DataBaseLayer.DAO.MySQLDAOFactory.getStudentDAO(MySQLDAOFactory.java:28)] - MySQLStudentDAO created
2022-06-07 11:35:46.688 DEBUG [http-nio-8080-exec-155] [DataBaseLayer.DataSourcePool.getConnection(DataSourcePool.java:32)] - Connection created
2022-06-07 11:35:46.689 DEBUG [http-nio-8080-exec-155] [ServicesImpl.StudentServiceImpl.findStudent(StudentServiceImpl.java:54)] - StudentDAO created
2022-06-07 11:35:46.690 DEBUG [http-nio-8080-exec-155] [DataBaseLayer.DAO.MySQLStudentDAO.close(MySQLStudentDAO.java:275)] - connection was closed
2022-06-07 11:35:46.690 DEBUG [http-nio-8080-exec-155] [ServicesImpl.StudentServiceImpl.createStudent(StudentServiceImpl.java:36)] - DAOFactory created => DataBaseLayer.DAO.MySQLDAOFactory@79aa327e
2022-06-07 11:35:46.690 DEBUG [http-nio-8080-exec-155] [DataBaseLayer.DAO.MySQLDAOFactory.getStudentDAO(MySQLDAOFactory.java:28)] - MySQLStudentDAO created
2022-06-07 11:35:46.690 DEBUG [http-nio-8080-exec-155] [DataBaseLayer.DataSourcePool.getConnection(DataSourcePool.java:32)] - Connection created
2022-06-07 11:35:46.691 DEBUG [http-nio-8080-exec-155] [ServicesImpl.StudentServiceImpl.createStudent(StudentServiceImpl.java:38)] - StudentDAO created
2022-06-07 11:35:46.702 INFO [http-nio-8080-exec-155] [DataBaseLayer.DAO.MySQLStudentDAO.createStudent(MySQLStudentDAO.java:52)] - Student with empty fields created
2022-06-07 11:35:46.702 DEBUG [http-nio-8080-exec-155] [ServicesImpl.StudentServiceImpl.createStudent(StudentServiceImpl.java:40)] - CreateStudent Method used
2022-06-07 11:35:46.703 DEBUG [http-nio-8080-exec-155] [DataBaseLayer.DAO.MySQLStudentDAO.close(MySQLStudentDAO.java:275)] - connection was closed
2022-06-07 11:35:46.703 INFO [http-nio-8080-exec-155] [Controller.LoginPageServlet.doPost(LoginPageServlet.java:44)] - Student was created
2022-06-07 11:35:46.707 DEBUG [http-nio-8080-exec-158] [Controller.LoginPageServlet.doGet(LoginPageServlet.java:23)] - doGet of /login with forward to login.jsp
2022-06-07 11:35:55.448 DEBUG [http-nio-8080-exec-160] [Controller.LoginPageServlet.doGet(LoginPageServlet.java:23)] - doGet of /login with forward to login.jsp
2022-06-07 11:38:19.315 DEBUG [Catalina-utility-2] [Listeners.MyContextListener.contextInitialized(MyContextListener.java:23)] - path = C:\Users\Caruzo\IdeaProjects\Elective\target\Elective\WEB-INF\
2022-06-07 11:38:19.327 DEBUG [Catalina-utility-2] [Listeners.MyContextListener.contextInitialized(MyContextListener.java:26)] - DAOFactory was set to MySQL implementation
2022-06-07 11:38:30.276 DEBUG [Catalina-utility-1] [Listeners.MyContextListener.contextInitialized(MyContextListener.java:23)] - path = C:\Users\Caruzo\IdeaProjects\Elective\target\Elective\WEB-INF\
2022-06-07 11:38:30.293 DEBUG [Catalina-utility-1] [Listeners.MyContextListener.contextInitialized(MyContextListener.java:26)] - DAOFactory was set to MySQL implementation
2022-06-07 11:38:33.258 DEBUG [http-nio-8080-exec-160] [Controller.RegisterPageServlet.doGet(RegisterPageServlet.java:19)] - doGet of /register with forward to register.jsp
2022-06-07 11:38:39.494 DEBUG [http-nio-8080-exec-157] [Controller.LoginPageServlet.doPost(LoginPageServlet.java:29)] - doPost of /login with forward to login.jsp
2022-06-07 11:38:39.494 DEBUG [http-nio-8080-exec-157] [Controller.LoginPageServlet.doPost(LoginPageServlet.java:31)] - creating studentService
2022-06-07 11:38:39.496 DEBUG [http-nio-8080-exec-157] [Controller.LoginPageServlet.doPost(LoginPageServlet.java:33)] - StudentService was created
2022-06-07 11:38:39.497 DEBUG [http-nio-8080-exec-157] [ServicesImpl.StudentServiceImpl.findStudent(StudentServiceImpl.java:52)] - DAOFactory created => DataBaseLayer.DAO.MySQLDAOFactory@1039eb00
2022-06-07 11:38:39.497 DEBUG [http-nio-8080-exec-157] [DataBaseLayer.DAO.MySQLDAOFactory.getStudentDAO(MySQLDAOFactory.java:28)] - MySQLStudentDAO created
2022-06-07 11:38:39.501 DEBUG [http-nio-8080-exec-157] [DataBaseLayer.DataSourcePool.getConnection(DataSourcePool.java:25)] - Data source created: org.apache.tomcat.dbcp.dbcp2.BasicDataSource@20362223
2022-06-07 11:38:39.501 DEBUG [http-nio-8080-exec-157] [DataBaseLayer.DataSourcePool.getConnection(DataSourcePool.java:32)] - Connection created
2022-06-07 11:38:39.715 DEBUG [http-nio-8080-exec-157] [ServicesImpl.StudentServiceImpl.findStudent(StudentServiceImpl.java:54)] - StudentDAO created
2022-06-07 11:38:39.751 DEBUG [http-nio-8080-exec-157] [DataBaseLayer.DAO.MySQLStudentDAO.close(MySQLStudentDAO.java:275)] - connection was closed
2022-06-07 11:38:39.751 DEBUG [http-nio-8080-exec-157] [Controller.LoginPageServlet.doPost(LoginPageServlet.java:49)] - User already exist, forward to /error
2022-06-07 11:38:44.171 DEBUG [http-nio-8080-exec-161] [Controller.LoginPageServlet.doPost(LoginPageServlet.java:29)] - doPost of /login with forward to login.jsp
2022-06-07 11:38:44.171 DEBUG [http-nio-8080-exec-161] [Controller.LoginPageServlet.doPost(LoginPageServlet.java:31)] - creating studentService
2022-06-07 11:38:44.171 DEBUG [http-nio-8080-exec-161] [Controller.LoginPageServlet.doPost(LoginPageServlet.java:33)] - StudentService was created
2022-06-07 11:38:44.171 INFO [http-nio-8080-exec-161] [Controller.LoginPageServlet.doPost(LoginPageServlet.java:39)] - Passwords don't match
2022-06-07 11:38:44.174 DEBUG [http-nio-8080-exec-159] [Controller.RegisterPageServlet.doGet(RegisterPageServlet.java:19)] - doGet of /register with forward to register.jsp
2022-06-07 11:38:57.555 DEBUG [http-nio-8080-exec-166] [Controller.LoginPageServlet.doGet(LoginPageServlet.java:23)] - doGet of /login with forward to login.jsp
2022-06-07 11:38:59.470 DEBUG [http-nio-8080-exec-165] [Controller.MainPageServlet.doPost(MainPageServlet.java:39)] - doPost of /main with redirect to main
2022-06-07 11:38:59.471 DEBUG [http-nio-8080-exec-165] [ServicesImpl.StudentServiceImpl.findStudent(StudentServiceImpl.java:66)] - Start of authorization
2022-06-07 11:38:59.471 DEBUG [http-nio-8080-exec-165] [ServicesImpl.StudentServiceImpl.findStudent(StudentServiceImpl.java:70)] - DAOFactory created => DataBaseLayer.DAO.MySQLDAOFactory@1039eb00
2022-06-07 11:38:59.471 DEBUG [http-nio-8080-exec-165] [DataBaseLayer.DAO.MySQLDAOFactory.getStudentDAO(MySQLDAOFactory.java:28)] - MySQLStudentDAO created
2022-06-07 11:38:59.471 DEBUG [http-nio-8080-exec-165] [DataBaseLayer.DataSourcePool.getConnection(DataSourcePool.java:32)] - Connection created
2022-06-07 11:38:59.471 DEBUG [http-nio-8080-exec-165] [ServicesImpl.StudentServiceImpl.findStudent(StudentServiceImpl.java:72)] - StudentDAO created
2022-06-07 11:38:59.473 DEBUG [http-nio-8080-exec-165] [DataBaseLayer.DAO.MySQLStudentDAO.close(MySQLStudentDAO.java:275)] - connection was closed
2022-06-07 11:38:59.473 INFO [http-nio-8080-exec-165] [Controller.MainPageServlet.doPost(MainPageServlet.java:48)] - You was logged as DataBaseLayer.entity.Student@29
2022-06-07 11:38:59.477 DEBUG [http-nio-8080-exec-158] [Controller.MainPageServlet.doGet(MainPageServlet.java:26)] - doGet of /main with forward to main.jsp
2022-06-07 11:39:06.483 DEBUG [http-nio-8080-exec-162] [Controller.LogoutServlet.doGet(LogoutServlet.java:21)] - doGet of /logout with forward to main.jsp
2022-06-07 11:39:06.487 DEBUG [http-nio-8080-exec-167] [Controller.MainPageServlet.doGet(MainPageServlet.java:26)] - doGet of /main with forward to main.jsp
2022-06-07 11:39:07.446 DEBUG [http-nio-8080-exec-168] [Controller.LoginPageServlet.doGet(LoginPageServlet.java:23)] - doGet of /login with forward to login.jsp
2022-06-07 11:39:12.683 DEBUG [http-nio-8080-exec-169] [Controller.MainPageServlet.doPost(MainPageServlet.java:39)] - doPost of /main with redirect to main
2022-06-07 11:39:12.683 DEBUG [http-nio-8080-exec-169] [ServicesImpl.StudentServiceImpl.findStudent(StudentServiceImpl.java:66)] - Start of authorization
2022-06-07 11:39:12.683 DEBUG [http-nio-8080-exec-169] [ServicesImpl.StudentServiceImpl.findStudent(StudentServiceImpl.java:70)] - DAOFactory created => DataBaseLayer.DAO.MySQLDAOFactory@1039eb00
2022-06-07 11:39:12.683 DEBUG [http-nio-8080-exec-169] [DataBaseLayer.DAO.MySQLDAOFactory.getStudentDAO(MySQLDAOFactory.java:28)] - MySQLStudentDAO created
2022-06-07 11:39:12.683 DEBUG [http-nio-8080-exec-169] [DataBaseLayer.DataSourcePool.getConnection(DataSourcePool.java:32)] - Connection created
2022-06-07 11:39:12.684 DEBUG [http-nio-8080-exec-169] [ServicesImpl.StudentServiceImpl.findStudent(StudentServiceImpl.java:72)] - StudentDAO created
2022-06-07 11:39:12.686 DEBUG [http-nio-8080-exec-169] [DataBaseLayer.DAO.MySQLStudentDAO.close(MySQLStudentDAO.java:275)] - connection was closed
2022-06-07 11:39:12.686 INFO [http-nio-8080-exec-169] [Controller.MainPageServlet.doPost(MainPageServlet.java:51)] - Student was not found
2022-06-07 11:39:12.687 DEBUG [http-nio-8080-exec-169] [ServicesImpl.AdministratorServiceImpl.findAdministrator(AdministratorServiceImpl.java:57)] - Start of authorization
2022-06-07 11:39:12.687 DEBUG [http-nio-8080-exec-169] [ServicesImpl.AdministratorServiceImpl.findAdministrator(AdministratorServiceImpl.java:61)] - DAOFactory created => DataBaseLayer.DAO.MySQLDAOFactory@1039eb00
2022-06-07 11:39:12.687 DEBUG [http-nio-8080-exec-169] [DataBaseLayer.DAO.MySQLDAOFactory.getAdministratorDAO(MySQLDAOFactory.java:12)] - MySQLAdministratorDAO created
2022-06-07 11:39:12.688 DEBUG [http-nio-8080-exec-169] [DataBaseLayer.DataSourcePool.getConnection(DataSourcePool.java:32)] - Connection created
2022-06-07 11:39:12.688 DEBUG [http-nio-8080-exec-169] [ServicesImpl.AdministratorServiceImpl.findAdministrator(AdministratorServiceImpl.java:63)] - AdministratorDAO created
2022-06-07 11:39:12.690 DEBUG [http-nio-8080-exec-169] [DataBaseLayer.DAO.MySQLAdministratorDAO.close(MySQLAdministratorDAO.java:184)] - connection was closed
2022-06-07 11:39:12.691 INFO [http-nio-8080-exec-169] [Controller.MainPageServlet.doPost(MainPageServlet.java:57)] - You was logged as DataBaseLayer.entity.Administrator@20
2022-06-07 11:39:12.694 DEBUG [http-nio-8080-exec-159] [Controller.MainPageServlet.doGet(MainPageServlet.java:26)] - doGet of /main with forward to main.jsp
2022-06-07 11:39:14.429 DEBUG [http-nio-8080-exec-170] [Controller.AdminPageServlet.doGet(AdminPageServlet.java:23)] - doGet of /admin with forward to admin.jsp
2022-06-07 11:39:17.970 DEBUG [http-nio-8080-exec-171] [Controller.AdminPageServlet.doPost(AdminPageServlet.java:29)] - doPost of /admin with redirect to /admin
2022-06-07 11:39:17.970 INFO [http-nio-8080-exec-171] [Controller.AdminPageServlet.doPost(AdminPageServlet.java:40)] - Teacher was created
2022-06-07 11:39:17.974 DEBUG [http-nio-8080-exec-172] [Controller.AdminPageServlet.doGet(AdminPageServlet.java:23)] - doGet of /admin with forward to admin.jsp
2022-06-07 13:05:16.951 DEBUG [Catalina-utility-2] [Listeners.MyContextListener.contextInitialized(MyContextListener.java:23)] - path = C:\Users\Caruzo\IdeaProjects\Elective\target\Elective\WEB-INF\
2022-06-07 13:05:16.966 DEBUG [Catalina-utility-2] [Listeners.MyContextListener.contextInitialized(MyContextListener.java:26)] - DAOFactory was set to MySQL implementation
2022-06-07 13:05:21.879 DEBUG [http-nio-8080-exec-168] [Controller.MainPageServlet.doGet(MainPageServlet.java:26)] - doGet of /main with forward to main.jsp
2022-06-07 13:05:23.690 DEBUG [http-nio-8080-exec-172] [Controller.LoginPageServlet.doGet(LoginPageServlet.java:23)] - doGet of /login with forward to login.jsp
2022-06-07 13:05:26.989 DEBUG [http-nio-8080-exec-170] [Controller.MainPageServlet.doPost(MainPageServlet.java:39)] - doPost of /main with redirect to main
2022-06-07 13:05:26.990 DEBUG [http-nio-8080-exec-170] [ServicesImpl.StudentServiceImpl.findStudent(StudentServiceImpl.java:66)] - Start of authorization
2022-06-07 13:05:26.991 DEBUG [http-nio-8080-exec-170] [ServicesImpl.StudentServiceImpl.findStudent(StudentServiceImpl.java:70)] - DAOFactory created => DataBaseLayer.DAO.MySQLDAOFactory@39d57a9d
2022-06-07 13:05:26.991 DEBUG [http-nio-8080-exec-170] [DataBaseLayer.DAO.MySQLDAOFactory.getStudentDAO(MySQLDAOFactory.java:28)] - MySQLStudentDAO created
2022-06-07 13:05:26.993 DEBUG [http-nio-8080-exec-170] [DataBaseLayer.DataSourcePool.getConnection(DataSourcePool.java:25)] - Data source created: org.apache.tomcat.dbcp.dbcp2.BasicDataSource@25c29397
2022-06-07 13:05:26.993 DEBUG [http-nio-8080-exec-170] [DataBaseLayer.DataSourcePool.getConnection(DataSourcePool.java:32)] - Connection created
2022-06-07 13:05:27.224 DEBUG [http-nio-8080-exec-170] [ServicesImpl.StudentServiceImpl.findStudent(StudentServiceImpl.java:72)] - StudentDAO created
2022-06-07 13:05:27.259 DEBUG [http-nio-8080-exec-170] [DataBaseLayer.DAO.MySQLStudentDAO.close(MySQLStudentDAO.java:275)] - connection was closed
2022-06-07 13:05:27.260 INFO [http-nio-8080-exec-170] [Controller.MainPageServlet.doPost(MainPageServlet.java:51)] - Student was not found
2022-06-07 13:05:27.260 DEBUG [http-nio-8080-exec-170] [ServicesImpl.AdministratorServiceImpl.findAdministrator(AdministratorServiceImpl.java:57)] - Start of authorization
2022-06-07 13:05:27.260 DEBUG [http-nio-8080-exec-170] [ServicesImpl.AdministratorServiceImpl.findAdministrator(AdministratorServiceImpl.java:61)] - DAOFactory created => DataBaseLayer.DAO.MySQLDAOFactory@39d57a9d
2022-06-07 13:05:27.261 DEBUG [http-nio-8080-exec-170] [DataBaseLayer.DAO.MySQLDAOFactory.getAdministratorDAO(MySQLDAOFactory.java:12)] - MySQLAdministratorDAO created
2022-06-07 13:05:27.262 DEBUG [http-nio-8080-exec-170] [DataBaseLayer.DataSourcePool.getConnection(DataSourcePool.java:32)] - Connection created
2022-06-07 13:05:27.262 DEBUG [http-nio-8080-exec-170] [ServicesImpl.AdministratorServiceImpl.findAdministrator(AdministratorServiceImpl.java:63)] - AdministratorDAO created
2022-06-07 13:05:27.264 DEBUG [http-nio-8080-exec-170] [DataBaseLayer.DAO.MySQLAdministratorDAO.close(MySQLAdministratorDAO.java:184)] - connection was closed
2022-06-07 13:05:27.267 DEBUG [http-nio-8080-exec-169] [Controller.LoginPageServlet.doGet(LoginPageServlet.java:23)] - doGet of /login with forward to login.jsp
2022-06-07 13:05:34.685 DEBUG [http-nio-8080-exec-171] [Controller.MainPageServlet.doPost(MainPageServlet.java:39)] - doPost of /main with redirect to main
2022-06-07 13:05:34.685 DEBUG [http-nio-8080-exec-171] [ServicesImpl.StudentServiceImpl.findStudent(StudentServiceImpl.java:66)] - Start of authorization
2022-06-07 13:05:34.685 DEBUG [http-nio-8080-exec-171] [ServicesImpl.StudentServiceImpl.findStudent(StudentServiceImpl.java:70)] - DAOFactory created => DataBaseLayer.DAO.MySQLDAOFactory@39d57a9d
2022-06-07 13:05:34.685 DEBUG [http-nio-8080-exec-171] [DataBaseLayer.DAO.MySQLDAOFactory.getStudentDAO(MySQLDAOFactory.java:28)] - MySQLStudentDAO created
2022-06-07 13:05:34.685 DEBUG [http-nio-8080-exec-171] [DataBaseLayer.DataSourcePool.getConnection(DataSourcePool.java:32)] - Connection created
2022-06-07 13:05:34.686 DEBUG [http-nio-8080-exec-171] [ServicesImpl.StudentServiceImpl.findStudent(StudentServiceImpl.java:72)] - StudentDAO created
2022-06-07 13:05:34.688 DEBUG [http-nio-8080-exec-171] [DataBaseLayer.DAO.MySQLStudentDAO.close(MySQLStudentDAO.java:275)] - connection was closed
2022-06-07 13:05:34.688 INFO [http-nio-8080-exec-171] [Controller.MainPageServlet.doPost(MainPageServlet.java:51)] - Student was not found
2022-06-07 13:05:34.688 DEBUG [http-nio-8080-exec-171] [ServicesImpl.AdministratorServiceImpl.findAdministrator(AdministratorServiceImpl.java:57)] - Start of authorization
2022-06-07 13:05:34.688 DEBUG [http-nio-8080-exec-171] [ServicesImpl.AdministratorServiceImpl.findAdministrator(AdministratorServiceImpl.java:61)] - DAOFactory created => DataBaseLayer.DAO.MySQLDAOFactory@39d57a9d
2022-06-07 13:05:34.688 DEBUG [http-nio-8080-exec-171] [DataBaseLayer.DAO.MySQLDAOFactory.getAdministratorDAO(MySQLDAOFactory.java:12)] - MySQLAdministratorDAO created
2022-06-07 13:05:34.688 DEBUG [http-nio-8080-exec-171] [DataBaseLayer.DataSourcePool.getConnection(DataSourcePool.java:32)] - Connection created
2022-06-07 13:05:34.688 DEBUG [http-nio-8080-exec-171] [ServicesImpl.AdministratorServiceImpl.findAdministrator(AdministratorServiceImpl.java:63)] - AdministratorDAO created
2022-06-07 13:05:34.689 DEBUG [http-nio-8080-exec-171] [DataBaseLayer.DAO.MySQLAdministratorDAO.close(MySQLAdministratorDAO.java:184)] - connection was closed
2022-06-07 13:05:34.690 INFO [http-nio-8080-exec-171] [Controller.MainPageServlet.doPost(MainPageServlet.java:57)] - You was logged as DataBaseLayer.entity.Administrator@20
2022-06-07 13:05:34.693 DEBUG [http-nio-8080-exec-173] [Controller.MainPageServlet.doGet(MainPageServlet.java:26)] - doGet of /main with forward to main.jsp
2022-06-07 13:05:35.864 DEBUG [http-nio-8080-exec-174] [Controller.AdminPageServlet.doGet(AdminPageServlet.java:24)] - doGet of /admin with forward to admin.jsp
2022-06-07 13:05:42.197 DEBUG [http-nio-8080-exec-175] [Controller.AdminPageServlet.doPost(AdminPageServlet.java:30)] - doPost of /admin with redirect to /admin
2022-06-07 13:05:42.198 DEBUG [http-nio-8080-exec-175] [Controller.AdminPageServlet.doPost(AdminPageServlet.java:37)] - TeacherService was created
2022-06-07 13:05:42.199 INFO [http-nio-8080-exec-175] [Controller.AdminPageServlet.doPost(AdminPageServlet.java:39)] - Teacher's passwords don't match
2022-06-07 13:05:42.202 DEBUG [http-nio-8080-exec-177] [Controller.AdminPageServlet.doGet(AdminPageServlet.java:24)] - doGet of /admin with forward to admin.jsp
2022-06-07 13:05:48.403 DEBUG [http-nio-8080-exec-176] [Controller.AdminPageServlet.doPost(AdminPageServlet.java:30)] - doPost of /admin with redirect to /admin
2022-06-07 13:05:48.403 DEBUG [http-nio-8080-exec-176] [Controller.AdminPageServlet.doPost(AdminPageServlet.java:37)] - TeacherService was created
2022-06-07 13:05:48.403 DEBUG [http-nio-8080-exec-176] [ServicesImpl.TeacherServiceImpl.findTeacher(TeacherServiceImpl.java:58)] - DAOFactory created => DataBaseLayer.DAO.MySQLDAOFactory@39d57a9d
2022-06-07 13:05:48.405 DEBUG [http-nio-8080-exec-176] [DataBaseLayer.DataSourcePool.getConnection(DataSourcePool.java:32)] - Connection created
2022-06-07 13:05:48.406 DEBUG [http-nio-8080-exec-176] [ServicesImpl.TeacherServiceImpl.findTeacher(TeacherServiceImpl.java:60)] - TeacherDAO created
2022-06-07 13:05:48.408 DEBUG [http-nio-8080-exec-176] [DataBaseLayer.DAO.MySQLTeacherDAO.close(MySQLTeacherDAO.java:177)] - connection was closed
2022-06-07 13:05:48.408 DEBUG [http-nio-8080-exec-176] [ServicesImpl.TeacherServiceImpl.createTeacher(TeacherServiceImpl.java:25)] - DAOFactory created => DataBaseLayer.DAO.MySQLDAOFactory@39d57a9d
2022-06-07 13:05:48.408 DEBUG [http-nio-8080-exec-176] [DataBaseLayer.DataSourcePool.getConnection(DataSourcePool.java:32)] - Connection created
2022-06-07 13:05:48.408 DEBUG [http-nio-8080-exec-176] [ServicesImpl.TeacherServiceImpl.createTeacher(TeacherServiceImpl.java:27)] - TeacherDAO created
2022-06-07 13:05:48.428 DEBUG [http-nio-8080-exec-176] [DataBaseLayer.DAO.MySQLTeacherDAO.createTeacher(MySQLTeacherDAO.java:56)] - Transaction was rolled back
2022-06-07 13:05:48.428 ERROR [http-nio-8080-exec-176] [DataBaseLayer.DAO.MySQLTeacherDAO.createTeacher(MySQLTeacherDAO.java:61)] - Can't create user
java.sql.SQLIntegrityConstraintViolationException: Column 'name' cannot be null
	at com.mysql.cj.jdbc.exceptions.SQLError.createSQLException(SQLError.java:117) ~[mysql-connector-java-8.0.29.jar:8.0.29]
	at com.mysql.cj.jdbc.exceptions.SQLExceptionsMapping.translateException(SQLExceptionsMapping.java:122) ~[mysql-connector-java-8.0.29.jar:8.0.29]
	at com.mysql.cj.jdbc.ClientPreparedStatement.executeInternal(ClientPreparedStatement.java:916) ~[mysql-connector-java-8.0.29.jar:8.0.29]
	at com.mysql.cj.jdbc.ClientPreparedStatement.executeUpdateInternal(ClientPreparedStatement.java:1061) ~[mysql-connector-java-8.0.29.jar:8.0.29]
	at com.mysql.cj.jdbc.ClientPreparedStatement.executeUpdateInternal(ClientPreparedStatement.java:1009) ~[mysql-connector-java-8.0.29.jar:8.0.29]
	at com.mysql.cj.jdbc.ClientPreparedStatement.executeLargeUpdate(ClientPreparedStatement.java:1320) ~[mysql-connector-java-8.0.29.jar:8.0.29]
	at com.mysql.cj.jdbc.ClientPreparedStatement.executeUpdate(ClientPreparedStatement.java:994) ~[mysql-connector-java-8.0.29.jar:8.0.29]
	at org.apache.tomcat.dbcp.dbcp2.DelegatingPreparedStatement.executeUpdate(DelegatingPreparedStatement.java:135) ~[tomcat-dbcp.jar:9.0.62]
	at org.apache.tomcat.dbcp.dbcp2.DelegatingPreparedStatement.executeUpdate(DelegatingPreparedStatement.java:135) ~[tomcat-dbcp.jar:9.0.62]
	at DataBaseLayer.DAO.MySQLTeacherDAO.createTeacher(MySQLTeacherDAO.java:50) ~[classes/:?]
	at ServicesImpl.TeacherServiceImpl.createTeacher(TeacherServiceImpl.java:28) ~[classes/:?]
	at Controller.AdminPageServlet.doPost(AdminPageServlet.java:43) ~[classes/:?]
	at javax.servlet.http.HttpServlet.service(HttpServlet.java:681) ~[servlet-api.jar:4.0.FR]
	at javax.servlet.http.HttpServlet.service(HttpServlet.java:764) ~[servlet-api.jar:4.0.FR]
	at org.apache.catalina.core.ApplicationFilterChain.internalDoFilter(ApplicationFilterChain.java:227) ~[catalina.jar:9.0.62]
	at org.apache.catalina.core.ApplicationFilterChain.doFilter(ApplicationFilterChain.java:162) ~[catalina.jar:9.0.62]
	at org.apache.tomcat.websocket.server.WsFilter.doFilter(WsFilter.java:53) ~[tomcat-websocket.jar:9.0.62]
	at org.apache.catalina.core.ApplicationFilterChain.internalDoFilter(ApplicationFilterChain.java:189) ~[catalina.jar:9.0.62]
	at org.apache.catalina.core.ApplicationFilterChain.doFilter(ApplicationFilterChain.java:162) ~[catalina.jar:9.0.62]
	at org.apache.catalina.core.StandardWrapperValve.invoke(StandardWrapperValve.java:197) ~[catalina.jar:9.0.62]
	at org.apache.catalina.core.StandardContextValve.invoke(StandardContextValve.java:97) ~[catalina.jar:9.0.62]
	at org.apache.catalina.authenticator.AuthenticatorBase.invoke(AuthenticatorBase.java:541) ~[catalina.jar:9.0.62]
	at org.apache.catalina.core.StandardHostValve.invoke(StandardHostValve.java:135) ~[catalina.jar:9.0.62]
	at org.apache.catalina.valves.ErrorReportValve.invoke(ErrorReportValve.java:92) ~[catalina.jar:9.0.62]
	at org.apache.catalina.valves.AbstractAccessLogValve.invoke(AbstractAccessLogValve.java:687) ~[catalina.jar:9.0.62]
	at org.apache.catalina.core.StandardEngineValve.invoke(StandardEngineValve.java:78) ~[catalina.jar:9.0.62]
	at org.apache.catalina.connector.CoyoteAdapter.service(CoyoteAdapter.java:360) ~[catalina.jar:9.0.62]
	at org.apache.coyote.http11.Http11Processor.service(Http11Processor.java:399) ~[tomcat-coyote.jar:9.0.62]
	at org.apache.coyote.AbstractProcessorLight.process(AbstractProcessorLight.java:65) ~[tomcat-coyote.jar:9.0.62]
	at org.apache.coyote.AbstractProtocol$ConnectionHandler.process(AbstractProtocol.java:890) ~[tomcat-coyote.jar:9.0.62]
	at org.apache.tomcat.util.net.NioEndpoint$SocketProcessor.doRun(NioEndpoint.java:1743) ~[tomcat-coyote.jar:9.0.62]
	at org.apache.tomcat.util.net.SocketProcessorBase.run(SocketProcessorBase.java:49) ~[tomcat-coyote.jar:9.0.62]
	at org.apache.tomcat.util.threads.ThreadPoolExecutor.runWorker(ThreadPoolExecutor.java:1191) ~[tomcat-util.jar:9.0.62]
	at org.apache.tomcat.util.threads.ThreadPoolExecutor$Worker.run(ThreadPoolExecutor.java:659) ~[tomcat-util.jar:9.0.62]
	at org.apache.tomcat.util.threads.TaskThread$WrappingRunnable.run(TaskThread.java:61) ~[tomcat-util.jar:9.0.62]
	at java.lang.Thread.run(Thread.java:829) ~[?:?]
2022-06-07 13:05:48.436 DEBUG [http-nio-8080-exec-176] [ServicesImpl.TeacherServiceImpl.createTeacher(TeacherServiceImpl.java:32)] - Can't close TeacherDAO
DataBaseLayer.DAOException: java.sql.SQLIntegrityConstraintViolationException: Column 'name' cannot be null
	at DataBaseLayer.DAO.MySQLTeacherDAO.createTeacher(MySQLTeacherDAO.java:62) ~[classes/:?]
	at ServicesImpl.TeacherServiceImpl.createTeacher(TeacherServiceImpl.java:28) ~[classes/:?]
	at Controller.AdminPageServlet.doPost(AdminPageServlet.java:43) ~[classes/:?]
	at javax.servlet.http.HttpServlet.service(HttpServlet.java:681) ~[servlet-api.jar:4.0.FR]
	at javax.servlet.http.HttpServlet.service(HttpServlet.java:764) ~[servlet-api.jar:4.0.FR]
	at org.apache.catalina.core.ApplicationFilterChain.internalDoFilter(ApplicationFilterChain.java:227) ~[catalina.jar:9.0.62]
	at org.apache.catalina.core.ApplicationFilterChain.doFilter(ApplicationFilterChain.java:162) ~[catalina.jar:9.0.62]
	at org.apache.tomcat.websocket.server.WsFilter.doFilter(WsFilter.java:53) ~[tomcat-websocket.jar:9.0.62]
	at org.apache.catalina.core.ApplicationFilterChain.internalDoFilter(ApplicationFilterChain.java:189) ~[catalina.jar:9.0.62]
	at org.apache.catalina.core.ApplicationFilterChain.doFilter(ApplicationFilterChain.java:162) ~[catalina.jar:9.0.62]
	at org.apache.catalina.core.StandardWrapperValve.invoke(StandardWrapperValve.java:197) ~[catalina.jar:9.0.62]
	at org.apache.catalina.core.StandardContextValve.invoke(StandardContextValve.java:97) ~[catalina.jar:9.0.62]
	at org.apache.catalina.authenticator.AuthenticatorBase.invoke(AuthenticatorBase.java:541) ~[catalina.jar:9.0.62]
	at org.apache.catalina.core.StandardHostValve.invoke(StandardHostValve.java:135) ~[catalina.jar:9.0.62]
	at org.apache.catalina.valves.ErrorReportValve.invoke(ErrorReportValve.java:92) ~[catalina.jar:9.0.62]
	at org.apache.catalina.valves.AbstractAccessLogValve.invoke(AbstractAccessLogValve.java:687) ~[catalina.jar:9.0.62]
	at org.apache.catalina.core.StandardEngineValve.invoke(StandardEngineValve.java:78) ~[catalina.jar:9.0.62]
	at org.apache.catalina.connector.CoyoteAdapter.service(CoyoteAdapter.java:360) ~[catalina.jar:9.0.62]
	at org.apache.coyote.http11.Http11Processor.service(Http11Processor.java:399) ~[tomcat-coyote.jar:9.0.62]
	at org.apache.coyote.AbstractProcessorLight.process(AbstractProcessorLight.java:65) ~[tomcat-coyote.jar:9.0.62]
	at org.apache.coyote.AbstractProtocol$ConnectionHandler.process(AbstractProtocol.java:890) ~[tomcat-coyote.jar:9.0.62]
	at org.apache.tomcat.util.net.NioEndpoint$SocketProcessor.doRun(NioEndpoint.java:1743) ~[tomcat-coyote.jar:9.0.62]
	at org.apache.tomcat.util.net.SocketProcessorBase.run(SocketProcessorBase.java:49) ~[tomcat-coyote.jar:9.0.62]
	at org.apache.tomcat.util.threads.ThreadPoolExecutor.runWorker(ThreadPoolExecutor.java:1191) ~[tomcat-util.jar:9.0.62]
	at org.apache.tomcat.util.threads.ThreadPoolExecutor$Worker.run(ThreadPoolExecutor.java:659) ~[tomcat-util.jar:9.0.62]
	at org.apache.tomcat.util.threads.TaskThread$WrappingRunnable.run(TaskThread.java:61) ~[tomcat-util.jar:9.0.62]
	at java.lang.Thread.run(Thread.java:829) ~[?:?]
Caused by: java.sql.SQLIntegrityConstraintViolationException: Column 'name' cannot be null
	at com.mysql.cj.jdbc.exceptions.SQLError.createSQLException(SQLError.java:117) ~[mysql-connector-java-8.0.29.jar:8.0.29]
	at com.mysql.cj.jdbc.exceptions.SQLExceptionsMapping.translateException(SQLExceptionsMapping.java:122) ~[mysql-connector-java-8.0.29.jar:8.0.29]
	at com.mysql.cj.jdbc.ClientPreparedStatement.executeInternal(ClientPreparedStatement.java:916) ~[mysql-connector-java-8.0.29.jar:8.0.29]
	at com.mysql.cj.jdbc.ClientPreparedStatement.executeUpdateInternal(ClientPreparedStatement.java:1061) ~[mysql-connector-java-8.0.29.jar:8.0.29]
	at com.mysql.cj.jdbc.ClientPreparedStatement.executeUpdateInternal(ClientPreparedStatement.java:1009) ~[mysql-connector-java-8.0.29.jar:8.0.29]
	at com.mysql.cj.jdbc.ClientPreparedStatement.executeLargeUpdate(ClientPreparedStatement.java:1320) ~[mysql-connector-java-8.0.29.jar:8.0.29]
	at com.mysql.cj.jdbc.ClientPreparedStatement.executeUpdate(ClientPreparedStatement.java:994) ~[mysql-connector-java-8.0.29.jar:8.0.29]
	at org.apache.tomcat.dbcp.dbcp2.DelegatingPreparedStatement.executeUpdate(DelegatingPreparedStatement.java:135) ~[tomcat-dbcp.jar:9.0.62]
	at org.apache.tomcat.dbcp.dbcp2.DelegatingPreparedStatement.executeUpdate(DelegatingPreparedStatement.java:135) ~[tomcat-dbcp.jar:9.0.62]
	at DataBaseLayer.DAO.MySQLTeacherDAO.createTeacher(MySQLTeacherDAO.java:50) ~[classes/:?]
	... 26 more
2022-06-07 13:05:48.436 INFO [http-nio-8080-exec-176] [Controller.AdminPageServlet.doPost(AdminPageServlet.java:44)] - Teacher was created
2022-06-07 13:05:48.440 DEBUG [http-nio-8080-exec-178] [Controller.AdminPageServlet.doGet(AdminPageServlet.java:24)] - doGet of /admin with forward to admin.jsp
2022-06-07 13:15:14.278 DEBUG [Catalina-utility-1] [Listeners.MyContextListener.contextInitialized(MyContextListener.java:23)] - path = C:\Users\Caruzo\IdeaProjects\Elective\target\Elective\WEB-INF\
2022-06-07 13:15:14.289 DEBUG [Catalina-utility-1] [Listeners.MyContextListener.contextInitialized(MyContextListener.java:26)] - DAOFactory was set to MySQL implementation
2022-06-07 13:15:14.795 DEBUG [http-nio-8080-exec-180] [Controller.AdminPageServlet.doGet(AdminPageServlet.java:24)] - doGet of /admin with forward to admin.jsp
2022-06-07 13:15:28.824 DEBUG [http-nio-8080-exec-185] [Controller.AdminPageServlet.doPost(AdminPageServlet.java:30)] - doPost of /admin with redirect to /admin
2022-06-07 13:15:28.826 DEBUG [http-nio-8080-exec-185] [Controller.AdminPageServlet.doPost(AdminPageServlet.java:37)] - TeacherService was created
2022-06-07 13:15:28.826 INFO [http-nio-8080-exec-185] [Controller.AdminPageServlet.doPost(AdminPageServlet.java:39)] - Teacher's passwords don't match
2022-06-07 13:15:28.829 DEBUG [http-nio-8080-exec-179] [Controller.AdminPageServlet.doGet(AdminPageServlet.java:24)] - doGet of /admin with forward to admin.jsp
2022-06-07 13:15:39.546 DEBUG [http-nio-8080-exec-181] [Controller.AdminPageServlet.doPost(AdminPageServlet.java:30)] - doPost of /admin with redirect to /admin
2022-06-07 13:15:39.546 DEBUG [http-nio-8080-exec-181] [Controller.AdminPageServlet.doPost(AdminPageServlet.java:37)] - TeacherService was created
2022-06-07 13:15:39.546 DEBUG [http-nio-8080-exec-181] [ServicesImpl.TeacherServiceImpl.findTeacher(TeacherServiceImpl.java:58)] - DAOFactory created => DataBaseLayer.DAO.MySQLDAOFactory@695136ff
2022-06-07 13:15:39.552 DEBUG [http-nio-8080-exec-181] [DataBaseLayer.DataSourcePool.getConnection(DataSourcePool.java:25)] - Data source created: org.apache.tomcat.dbcp.dbcp2.BasicDataSource@130e741d
2022-06-07 13:15:39.552 DEBUG [http-nio-8080-exec-181] [DataBaseLayer.DataSourcePool.getConnection(DataSourcePool.java:32)] - Connection created
2022-06-07 13:15:39.764 DEBUG [http-nio-8080-exec-181] [ServicesImpl.TeacherServiceImpl.findTeacher(TeacherServiceImpl.java:60)] - TeacherDAO created
2022-06-07 13:15:39.799 DEBUG [http-nio-8080-exec-181] [DataBaseLayer.DAO.MySQLTeacherDAO.close(MySQLTeacherDAO.java:177)] - connection was closed
2022-06-07 13:15:39.799 DEBUG [http-nio-8080-exec-181] [Controller.AdminPageServlet.doPost(AdminPageServlet.java:48)] - User already exist, redirect to /admin
2022-06-07 13:15:39.803 DEBUG [http-nio-8080-exec-183] [Controller.AdminPageServlet.doGet(AdminPageServlet.java:24)] - doGet of /admin with forward to admin.jsp
2022-06-07 13:16:18.973 DEBUG [http-nio-8080-exec-187] [Controller.AdminPageServlet.doPost(AdminPageServlet.java:30)] - doPost of /admin with redirect to /admin
2022-06-07 13:16:18.973 DEBUG [http-nio-8080-exec-187] [Controller.AdminPageServlet.doPost(AdminPageServlet.java:37)] - TeacherService was created
2022-06-07 13:16:18.973 DEBUG [http-nio-8080-exec-187] [ServicesImpl.TeacherServiceImpl.findTeacher(TeacherServiceImpl.java:58)] - DAOFactory created => DataBaseLayer.DAO.MySQLDAOFactory@695136ff
2022-06-07 13:16:18.973 DEBUG [http-nio-8080-exec-187] [DataBaseLayer.DataSourcePool.getConnection(DataSourcePool.java:32)] - Connection created
2022-06-07 13:16:18.975 DEBUG [http-nio-8080-exec-187] [ServicesImpl.TeacherServiceImpl.findTeacher(TeacherServiceImpl.java:60)] - TeacherDAO created
2022-06-07 13:16:18.977 DEBUG [http-nio-8080-exec-187] [DataBaseLayer.DAO.MySQLTeacherDAO.close(MySQLTeacherDAO.java:177)] - connection was closed
2022-06-07 13:16:18.977 DEBUG [http-nio-8080-exec-187] [ServicesImpl.TeacherServiceImpl.createTeacher(TeacherServiceImpl.java:25)] - DAOFactory created => DataBaseLayer.DAO.MySQLDAOFactory@695136ff
2022-06-07 13:16:18.977 DEBUG [http-nio-8080-exec-187] [DataBaseLayer.DataSourcePool.getConnection(DataSourcePool.java:32)] - Connection created
2022-06-07 13:16:18.977 DEBUG [http-nio-8080-exec-187] [ServicesImpl.TeacherServiceImpl.createTeacher(TeacherServiceImpl.java:27)] - TeacherDAO created
2022-06-07 13:16:18.992 INFO [http-nio-8080-exec-187] [DataBaseLayer.DAO.MySQLTeacherDAO.createTeacher(MySQLTeacherDAO.java:52)] - Teacher with empty fields created
2022-06-07 13:16:18.992 DEBUG [http-nio-8080-exec-187] [ServicesImpl.TeacherServiceImpl.createTeacher(TeacherServiceImpl.java:29)] - CreateTeacher Method used
2022-06-07 13:16:18.993 DEBUG [http-nio-8080-exec-187] [DataBaseLayer.DAO.MySQLTeacherDAO.close(MySQLTeacherDAO.java:177)] - connection was closed
2022-06-07 13:16:18.993 INFO [http-nio-8080-exec-187] [Controller.AdminPageServlet.doPost(AdminPageServlet.java:44)] - Teacher was created
2022-06-07 13:16:18.996 DEBUG [http-nio-8080-exec-188] [Controller.AdminPageServlet.doGet(AdminPageServlet.java:24)] - doGet of /admin with forward to admin.jsp
2022-06-07 17:46:55.275 DEBUG [main] [Listeners.MyContextListener.contextInitialized(MyContextListener.java:23)] - path = C:\Users\Caruzo\IdeaProjects\Elective\target\Elective\WEB-INF\
2022-06-07 17:46:55.291 DEBUG [main] [Listeners.MyContextListener.contextInitialized(MyContextListener.java:26)] - DAOFactory was set to MySQL implementation
2022-06-07 17:47:10.915 DEBUG [http-nio-8080-exec-2] [Controller.MainPageServlet.doGet(MainPageServlet.java:29)] - doGet of /main with forward to main.jsp
2022-06-07 17:47:13.365 DEBUG [http-nio-8080-exec-3] [Controller.LoginPageServlet.doGet(LoginPageServlet.java:23)] - doGet of /login with forward to login.jsp
2022-06-07 17:47:21.210 DEBUG [http-nio-8080-exec-4] [Controller.MainPageServlet.doPost(MainPageServlet.java:42)] - doPost of /main with redirect to main
2022-06-07 17:47:21.212 DEBUG [http-nio-8080-exec-4] [ServicesImpl.StudentServiceImpl.findStudent(StudentServiceImpl.java:66)] - Start of authorization
2022-06-07 17:47:21.212 DEBUG [http-nio-8080-exec-4] [ServicesImpl.StudentServiceImpl.findStudent(StudentServiceImpl.java:70)] - DAOFactory created => DataBaseLayer.DAO.MySQLDAOFactory@406102af
2022-06-07 17:47:21.212 DEBUG [http-nio-8080-exec-4] [DataBaseLayer.DAO.MySQLDAOFactory.getStudentDAO(MySQLDAOFactory.java:28)] - MySQLStudentDAO created
2022-06-07 17:47:21.219 DEBUG [http-nio-8080-exec-4] [DataBaseLayer.DataSourcePool.getConnection(DataSourcePool.java:25)] - Data source created: org.apache.tomcat.dbcp.dbcp2.BasicDataSource@d006a80
2022-06-07 17:47:21.220 DEBUG [http-nio-8080-exec-4] [DataBaseLayer.DataSourcePool.getConnection(DataSourcePool.java:32)] - Connection created
2022-06-07 17:47:21.616 DEBUG [http-nio-8080-exec-4] [ServicesImpl.StudentServiceImpl.findStudent(StudentServiceImpl.java:72)] - StudentDAO created
2022-06-07 17:47:21.657 DEBUG [http-nio-8080-exec-4] [DataBaseLayer.DAO.MySQLStudentDAO.close(MySQLStudentDAO.java:275)] - connection was closed
2022-06-07 17:47:21.657 INFO [http-nio-8080-exec-4] [Controller.MainPageServlet.doPost(MainPageServlet.java:54)] - Student was not found
2022-06-07 17:47:21.658 DEBUG [http-nio-8080-exec-4] [ServicesImpl.TeacherServiceImpl.findTeacher(TeacherServiceImpl.java:72)] - Start of authorization
2022-06-07 17:47:21.659 DEBUG [http-nio-8080-exec-4] [ServicesImpl.TeacherServiceImpl.findTeacher(TeacherServiceImpl.java:76)] - DAOFactory created => DataBaseLayer.DAO.MySQLDAOFactory@406102af
2022-06-07 17:47:21.659 DEBUG [http-nio-8080-exec-4] [DataBaseLayer.DataSourcePool.getConnection(DataSourcePool.java:32)] - Connection created
2022-06-07 17:47:21.660 DEBUG [http-nio-8080-exec-4] [ServicesImpl.TeacherServiceImpl.findTeacher(TeacherServiceImpl.java:78)] - TeacherDAO created
2022-06-07 17:47:21.662 DEBUG [http-nio-8080-exec-4] [DataBaseLayer.DAO.MySQLTeacherDAO.close(MySQLTeacherDAO.java:177)] - connection was closed
2022-06-07 17:47:21.662 INFO [http-nio-8080-exec-4] [Controller.MainPageServlet.doPost(MainPageServlet.java:63)] - Teacher was not found
2022-06-07 17:47:21.663 DEBUG [http-nio-8080-exec-4] [ServicesImpl.AdministratorServiceImpl.findAdministrator(AdministratorServiceImpl.java:57)] - Start of authorization
2022-06-07 17:47:21.663 DEBUG [http-nio-8080-exec-4] [ServicesImpl.AdministratorServiceImpl.findAdministrator(AdministratorServiceImpl.java:61)] - DAOFactory created => DataBaseLayer.DAO.MySQLDAOFactory@406102af
2022-06-07 17:47:21.663 DEBUG [http-nio-8080-exec-4] [DataBaseLayer.DAO.MySQLDAOFactory.getAdministratorDAO(MySQLDAOFactory.java:12)] - MySQLAdministratorDAO created
2022-06-07 17:47:21.664 DEBUG [http-nio-8080-exec-4] [DataBaseLayer.DataSourcePool.getConnection(DataSourcePool.java:32)] - Connection created
2022-06-07 17:47:21.665 DEBUG [http-nio-8080-exec-4] [ServicesImpl.AdministratorServiceImpl.findAdministrator(AdministratorServiceImpl.java:63)] - AdministratorDAO created
2022-06-07 17:47:21.667 DEBUG [http-nio-8080-exec-4] [DataBaseLayer.DAO.MySQLAdministratorDAO.close(MySQLAdministratorDAO.java:184)] - connection was closed
2022-06-07 17:47:21.671 DEBUG [http-nio-8080-exec-5] [Controller.LoginPageServlet.doGet(LoginPageServlet.java:23)] - doGet of /login with forward to login.jsp
2022-06-07 17:48:00.771 DEBUG [http-nio-8080-exec-8] [Controller.MainPageServlet.doPost(MainPageServlet.java:42)] - doPost of /main with redirect to main
2022-06-07 17:48:00.772 DEBUG [http-nio-8080-exec-8] [ServicesImpl.StudentServiceImpl.findStudent(StudentServiceImpl.java:66)] - Start of authorization
2022-06-07 17:48:00.772 DEBUG [http-nio-8080-exec-8] [ServicesImpl.StudentServiceImpl.findStudent(StudentServiceImpl.java:70)] - DAOFactory created => DataBaseLayer.DAO.MySQLDAOFactory@406102af
2022-06-07 17:48:00.772 DEBUG [http-nio-8080-exec-8] [DataBaseLayer.DAO.MySQLDAOFactory.getStudentDAO(MySQLDAOFactory.java:28)] - MySQLStudentDAO created
2022-06-07 17:48:00.772 DEBUG [http-nio-8080-exec-8] [DataBaseLayer.DataSourcePool.getConnection(DataSourcePool.java:32)] - Connection created
2022-06-07 17:48:00.774 DEBUG [http-nio-8080-exec-8] [ServicesImpl.StudentServiceImpl.findStudent(StudentServiceImpl.java:72)] - StudentDAO created
2022-06-07 17:48:00.776 DEBUG [http-nio-8080-exec-8] [DataBaseLayer.DAO.MySQLStudentDAO.close(MySQLStudentDAO.java:275)] - connection was closed
2022-06-07 17:48:00.776 INFO [http-nio-8080-exec-8] [Controller.MainPageServlet.doPost(MainPageServlet.java:54)] - Student was not found
2022-06-07 17:48:00.776 DEBUG [http-nio-8080-exec-8] [ServicesImpl.TeacherServiceImpl.findTeacher(TeacherServiceImpl.java:72)] - Start of authorization
2022-06-07 17:48:00.776 DEBUG [http-nio-8080-exec-8] [ServicesImpl.TeacherServiceImpl.findTeacher(TeacherServiceImpl.java:76)] - DAOFactory created => DataBaseLayer.DAO.MySQLDAOFactory@406102af
2022-06-07 17:48:00.776 DEBUG [http-nio-8080-exec-8] [DataBaseLayer.DataSourcePool.getConnection(DataSourcePool.java:32)] - Connection created
2022-06-07 17:48:00.777 DEBUG [http-nio-8080-exec-8] [ServicesImpl.TeacherServiceImpl.findTeacher(TeacherServiceImpl.java:78)] - TeacherDAO created
2022-06-07 17:48:00.778 DEBUG [http-nio-8080-exec-8] [DataBaseLayer.DAO.MySQLTeacherDAO.close(MySQLTeacherDAO.java:177)] - connection was closed
2022-06-07 17:48:00.778 INFO [http-nio-8080-exec-8] [Controller.MainPageServlet.doPost(MainPageServlet.java:60)] - You was logged as DataBaseLayer.entity.Teacher@20
2022-06-07 17:48:00.782 DEBUG [http-nio-8080-exec-9] [Controller.MainPageServlet.doGet(MainPageServlet.java:29)] - doGet of /main with forward to main.jsp
